<?xml version="1.0" encoding="UTF-8"?>
<testsuites name="jest tests" tests="61" failures="17" errors="0" time="16.933">
  <testsuite name="Bills Table" errors="0" failures="0" skipped="0" timestamp="2022-05-22T17:39:09" time="3.949" tests="1">
    <testcase classname="Bills Table Render" name="Bills Table Render" time="0.246">
    </testcase>
  </testsuite>
  <testsuite name="Credit Memo Summary" errors="0" failures="0" skipped="0" timestamp="2022-05-22T17:39:09" time="4.264" tests="2">
    <testcase classname="Credit Memo Summary Render CM" name="Credit Memo Summary Render CM" time="0.342">
    </testcase>
    <testcase classname="Notes fail Render CM" name="Notes fail Render CM" time="0.084">
    </testcase>
  </testsuite>
  <testsuite name="undefined" errors="0" failures="0" skipped="0" timestamp="2022-05-22T17:39:09" time="4.868" tests="1">
    <testcase classname=" renders learn react link" name=" renders learn react link" time="0.202">
    </testcase>
  </testsuite>
  <testsuite name="client view" errors="0" failures="0" skipped="0" timestamp="2022-05-22T17:39:09" time="6.52" tests="17">
    <testcase classname="client view Datepicker dropdowns clickoutside clickable" name="client view Datepicker dropdowns clickoutside clickable" time="0.392">
    </testcase>
    <testcase classname="client view Datepicker dropdowns today clickable" name="client view Datepicker dropdowns today clickable" time="0.174">
    </testcase>
    <testcase classname="client view Datepicker dropdowns Yesterday clickable" name="client view Datepicker dropdowns Yesterday clickable" time="0.145">
    </testcase>
    <testcase classname="client view Datepicker dropdowns This Week clickable" name="client view Datepicker dropdowns This Week clickable" time="0.128">
    </testcase>
    <testcase classname="client view Datepicker dropdowns This Month clickable" name="client view Datepicker dropdowns This Month clickable" time="0.095">
    </testcase>
    <testcase classname="client view Datepicker dropdowns This Quarter clickable" name="client view Datepicker dropdowns This Quarter clickable" time="0.102">
    </testcase>
    <testcase classname="client view Datepicker dropdowns This Year clickable" name="client view Datepicker dropdowns This Year clickable" time="0.101">
    </testcase>
    <testcase classname="client view table row clickable" name="client view table row clickable" time="0.078">
    </testcase>
    <testcase classname="client view Status clickable" name="client view Status clickable" time="0.101">
    </testcase>
    <testcase classname="client view Type clickable" name="client view Type clickable" time="0.08">
    </testcase>
    <testcase classname="client view Clear filters clickable" name="client view Clear filters clickable" time="0.142">
    </testcase>
    <testcase classname="client view search" name="client view search" time="0.084">
    </testcase>
    <testcase classname="checkbox and download checkbox and download are clickable in client view" name="checkbox and download checkbox and download are clickable in client view" time="0.185">
    </testcase>
    <testcase classname="checkbox and download checkbox and download are clickable in internal view" name="checkbox and download checkbox and download are clickable in internal view" time="0.067">
    </testcase>
    <testcase classname="checkbox and download checkbox and download are clickable in client view and searched view" name="checkbox and download checkbox and download are clickable in client view and searched view" time="0.145">
    </testcase>
    <testcase classname="Internal View Download click and checkbox Click table row clickable" name="Internal View Download click and checkbox Click table row clickable" time="0.181">
    </testcase>
    <testcase classname="Internal View Download click for single invoice  api fail Click table row clickable" name="Internal View Download click for single invoice  api fail Click table row clickable" time="0.162">
    </testcase>
  </testsuite>
  <testsuite name="Invoice details" errors="0" failures="0" skipped="0" timestamp="2022-05-22T17:39:09" time="8.15" tests="23">
    <testcase classname="Invoice details tabs are working" name="Invoice details tabs are working" time="0.679">
    </testcase>
    <testcase classname="Invoice details download clickable " name="Invoice details download clickable " time="0.267">
    </testcase>
    <testcase classname="Invoice details approve invoice clickable " name="Invoice details approve invoice clickable " time="0.15">
    </testcase>
    <testcase classname="Invoice details publish notes" name="Invoice details publish notes" time="0.181">
    </testcase>
    <testcase classname="Invoice details download file" name="Invoice details download file" time="0.187">
    </testcase>
    <testcase classname="Invoice details delete file" name="Invoice details delete file" time="0.143">
    </testcase>
    <testcase classname="Invoice details Navigate with breadcrumbs" name="Invoice details Navigate with breadcrumbs" time="0.126">
    </testcase>
    <testcase classname="Invoice details Decline invoice click on cancel button" name="Invoice details Decline invoice click on cancel button" time="0.117">
    </testcase>
    <testcase classname="Invoice details Decline invoice onchange textarea and click on decline button" name="Invoice details Decline invoice onchange textarea and click on decline button" time="0.135">
    </testcase>
    <testcase classname="Api returns transaction type = 7 Render Invoice Details" name="Api returns transaction type = 7 Render Invoice Details" time="0.121">
    </testcase>
    <testcase classname="Invoice details decline api fail case handling Decline invoice onchange textarea click on decline button failed api" name="Invoice details decline api fail case handling Decline invoice onchange textarea click on decline button failed api" time="0.142">
    </testcase>
    <testcase classname="void test cases on Apprroved tabs are working" name="void test cases on Apprroved tabs are working" time="0.277">
    </testcase>
    <testcase classname="void test cases on Apprroved Upload Api Failed tabs are working" name="void test cases on Apprroved Upload Api Failed tabs are working" time="0.214">
    </testcase>
    <testcase classname="void test cases on Apprroved Create Api Failed tabs are working" name="void test cases on Apprroved Create Api Failed tabs are working" time="0.154">
    </testcase>
    <testcase classname="void test cases on Apprroved Void Api Failed tabs are working" name="void test cases on Apprroved Void Api Failed tabs are working" time="0.14">
    </testcase>
    <testcase classname="void test cases on Apprroved and click on cancel tabs are working" name="void test cases on Apprroved and click on cancel tabs are working" time="0.123">
    </testcase>
    <testcase classname="api fail tabs are working" name="api fail tabs are working" time="0.018">
    </testcase>
    <testcase classname="delete test cases on AR Reveiew on true tabs are working" name="delete test cases on AR Reveiew on true tabs are working" time="0.091">
    </testcase>
    <testcase classname="delete test cases on AR Reveiew click on cancel button tabs are working" name="delete test cases on AR Reveiew click on cancel button tabs are working" time="0.098">
    </testcase>
    <testcase classname="delete test cases on AR Reveiew on false tabs are working" name="delete test cases on AR Reveiew on false tabs are working" time="0.092">
    </testcase>
    <testcase classname="delete test cases on AR Reveiew on api fail tabs are working" name="delete test cases on AR Reveiew on api fail tabs are working" time="0.089">
    </testcase>
    <testcase classname="Invoice details auto approve checkbox click approve invoice clickable " name="Invoice details auto approve checkbox click approve invoice clickable " time="0.095">
    </testcase>
    <testcase classname="Invoice details auto approve checkbox click api fail approve invoice clickable " name="Invoice details auto approve checkbox click api fail approve invoice clickable " time="0.097">
    </testcase>
  </testsuite>
  <testsuite name="New Invoice" errors="0" failures="17" skipped="0" timestamp="2022-05-22T17:39:09" time="13.745" tests="17">
    <testcase classname="New Invoice breadcumbs are working" name="New Invoice breadcumbs are working" time="0.28">
      <failure>Error: Request failed with status code 404
    at createAxiosError (D:\Thinkpalm\Atlas-Payments-UI\node_modules\axios-mock-adapter\src\utils.js:151:15)
    at Object.settle (D:\Thinkpalm\Atlas-Payments-UI\node_modules\axios-mock-adapter\src\utils.js:142:12)
    at handleRequest (D:\Thinkpalm\Atlas-Payments-UI\node_modules\axios-mock-adapter\src\handle_request.js:127:15)
    at D:\Thinkpalm\Atlas-Payments-UI\node_modules\axios-mock-adapter\src\index.js:26:9
    at new Promise (&lt;anonymous&gt;)
    at MockAdapter.&lt;anonymous&gt; (D:\Thinkpalm\Atlas-Payments-UI\node_modules\axios-mock-adapter\src\index.js:25:14)
    at dispatchRequest (D:\Thinkpalm\Atlas-Payments-UI\node_modules\axios\lib\core\dispatchRequest.js:58:10)
    at Axios.request (D:\Thinkpalm\Atlas-Payments-UI\node_modules\axios\lib\core\Axios.js:108:15)
    at Axios.&lt;computed&gt; [as get] (D:\Thinkpalm\Atlas-Payments-UI\node_modules\axios\lib\core\Axios.js:129:17)
    at Function.get (D:\Thinkpalm\Atlas-Payments-UI\node_modules\axios\lib\helpers\bind.js:9:15)
    at productFun (D:\Thinkpalm\Atlas-Payments-UI\src\layouts\views\NewInvoice\ProductInvoiceCreation.tsx:40:15)
    at D:\Thinkpalm\Atlas-Payments-UI\src\layouts\views\NewInvoice\ProductInvoiceCreation.tsx:34:9
    at invokePassiveEffectCreate (D:\Thinkpalm\Atlas-Payments-UI\node_modules\react-dom\cjs\react-dom.development.js:23487:20)
    at HTMLUnknownElement.callCallback (D:\Thinkpalm\Atlas-Payments-UI\node_modules\react-dom\cjs\react-dom.development.js:3945:14)
    at HTMLUnknownElement.callTheUserObjectsOperation (D:\Thinkpalm\Atlas-Payments-UI\node_modules\jsdom\lib\jsdom\living\generated\EventListener.js:26:30)
    at innerInvokeEventListeners (D:\Thinkpalm\Atlas-Payments-UI\node_modules\jsdom\lib\jsdom\living\events\EventTarget-impl.js:338:25)
    at invokeEventListeners (D:\Thinkpalm\Atlas-Payments-UI\node_modules\jsdom\lib\jsdom\living\events\EventTarget-impl.js:274:3)
    at HTMLUnknownElementImpl._dispatch (D:\Thinkpalm\Atlas-Payments-UI\node_modules\jsdom\lib\jsdom\living\events\EventTarget-impl.js:221:9)
    at HTMLUnknownElementImpl.dispatchEvent (D:\Thinkpalm\Atlas-Payments-UI\node_modules\jsdom\lib\jsdom\living\events\EventTarget-impl.js:94:17)
    at HTMLUnknownElement.dispatchEvent (D:\Thinkpalm\Atlas-Payments-UI\node_modules\jsdom\lib\jsdom\living\generated\EventTarget.js:231:34)
    at Object.invokeGuardedCallbackDev (D:\Thinkpalm\Atlas-Payments-UI\node_modules\react-dom\cjs\react-dom.development.js:3994:16)
    at invokeGuardedCallback (D:\Thinkpalm\Atlas-Payments-UI\node_modules\react-dom\cjs\react-dom.development.js:4056:31)
    at flushPassiveEffectsImpl (D:\Thinkpalm\Atlas-Payments-UI\node_modules\react-dom\cjs\react-dom.development.js:23574:9)
    at unstable_runWithPriority (D:\Thinkpalm\Atlas-Payments-UI\node_modules\scheduler\cjs\scheduler.development.js:468:12)
    at runWithPriority$1 (D:\Thinkpalm\Atlas-Payments-UI\node_modules\react-dom\cjs\react-dom.development.js:11276:10)
    at flushPassiveEffects (D:\Thinkpalm\Atlas-Payments-UI\node_modules\react-dom\cjs\react-dom.development.js:23447:14)
    at performSyncWorkOnRoot (D:\Thinkpalm\Atlas-Payments-UI\node_modules\react-dom\cjs\react-dom.development.js:22269:3)
    at D:\Thinkpalm\Atlas-Payments-UI\node_modules\react-dom\cjs\react-dom.development.js:11327:26
    at unstable_runWithPriority (D:\Thinkpalm\Atlas-Payments-UI\node_modules\scheduler\cjs\scheduler.development.js:468:12)
    at runWithPriority$1 (D:\Thinkpalm\Atlas-Payments-UI\node_modules\react-dom\cjs\react-dom.development.js:11276:10)
    at flushSyncCallbackQueueImpl (D:\Thinkpalm\Atlas-Payments-UI\node_modules\react-dom\cjs\react-dom.development.js:11322:9)
    at flushSyncCallbackQueue (D:\Thinkpalm\Atlas-Payments-UI\node_modules\react-dom\cjs\react-dom.development.js:11309:3)
    at batchedUpdates$1 (D:\Thinkpalm\Atlas-Payments-UI\node_modules\react-dom\cjs\react-dom.development.js:22387:7)
    at act (D:\Thinkpalm\Atlas-Payments-UI\node_modules\react-dom\cjs\react-dom-test-utils.development.js:1042:14)
    at render (D:\Thinkpalm\Atlas-Payments-UI\node_modules\@testing-library\react\dist\pure.js:97:26)
    at _callee$ (D:\Thinkpalm\Atlas-Payments-UI\src\layouts\views\NewInvoice\test\index.test.js:29:5)
    at tryCatch (D:\Thinkpalm\Atlas-Payments-UI\node_modules\regenerator-runtime\runtime.js:63:40)
    at Generator.invoke [as _invoke] (D:\Thinkpalm\Atlas-Payments-UI\node_modules\regenerator-runtime\runtime.js:294:22)
    at Generator.next (D:\Thinkpalm\Atlas-Payments-UI\node_modules\regenerator-runtime\runtime.js:119:21)
    at asyncGeneratorStep (D:\Thinkpalm\Atlas-Payments-UI\node_modules\@babel\runtime\helpers\asyncToGenerator.js:3:24)
    at _next (D:\Thinkpalm\Atlas-Payments-UI\node_modules\@babel\runtime\helpers\asyncToGenerator.js:25:9)
    at D:\Thinkpalm\Atlas-Payments-UI\node_modules\@babel\runtime\helpers\asyncToGenerator.js:32:7
    at new Promise (&lt;anonymous&gt;)
    at Object.&lt;anonymous&gt; (D:\Thinkpalm\Atlas-Payments-UI\node_modules\@babel\runtime\helpers\asyncToGenerator.js:21:12)
    at Promise.then.completed (D:\Thinkpalm\Atlas-Payments-UI\node_modules\jest-circus\build\utils.js:391:28)
    at new Promise (&lt;anonymous&gt;)
    at callAsyncCircusFn (D:\Thinkpalm\Atlas-Payments-UI\node_modules\jest-circus\build\utils.js:316:10)
    at _callCircusTest (D:\Thinkpalm\Atlas-Payments-UI\node_modules\jest-circus\build\run.js:218:40)
    at processTicksAndRejections (internal/process/task_queues.js:95:5)
    at _runTest (D:\Thinkpalm\Atlas-Payments-UI\node_modules\jest-circus\build\run.js:155:3)
    at _runTestsForDescribeBlock (D:\Thinkpalm\Atlas-Payments-UI\node_modules\jest-circus\build\run.js:66:9)
    at _runTestsForDescribeBlock (D:\Thinkpalm\Atlas-Payments-UI\node_modules\jest-circus\build\run.js:60:9)
    at run (D:\Thinkpalm\Atlas-Payments-UI\node_modules\jest-circus\build\run.js:25:3)
    at runAndTransformResultsToJestFormat (D:\Thinkpalm\Atlas-Payments-UI\node_modules\jest-circus\build\legacy-code-todo-rewrite\jestAdapterInit.js:170:21)
    at jestAdapter (D:\Thinkpalm\Atlas-Payments-UI\node_modules\jest-circus\build\legacy-code-todo-rewrite\jestAdapter.js:82:19)
    at runTestInternal (D:\Thinkpalm\Atlas-Payments-UI\node_modules\jest-runner\build\runTest.js:389:16)
    at runTest (D:\Thinkpalm\Atlas-Payments-UI\node_modules\jest-runner\build\runTest.js:475:34)
    at Object.worker (D:\Thinkpalm\Atlas-Payments-UI\node_modules\jest-runner\build\testWorker.js:133:12)</failure>
      <failure>Error: Request failed with status code 404
    at createAxiosError (D:\Thinkpalm\Atlas-Payments-UI\node_modules\axios-mock-adapter\src\utils.js:151:15)
    at Object.settle (D:\Thinkpalm\Atlas-Payments-UI\node_modules\axios-mock-adapter\src\utils.js:142:12)
    at handleRequest (D:\Thinkpalm\Atlas-Payments-UI\node_modules\axios-mock-adapter\src\handle_request.js:127:15)
    at D:\Thinkpalm\Atlas-Payments-UI\node_modules\axios-mock-adapter\src\index.js:26:9
    at new Promise (&lt;anonymous&gt;)
    at MockAdapter.&lt;anonymous&gt; (D:\Thinkpalm\Atlas-Payments-UI\node_modules\axios-mock-adapter\src\index.js:25:14)
    at dispatchRequest (D:\Thinkpalm\Atlas-Payments-UI\node_modules\axios\lib\core\dispatchRequest.js:58:10)
    at Axios.request (D:\Thinkpalm\Atlas-Payments-UI\node_modules\axios\lib\core\Axios.js:108:15)
    at Axios.&lt;computed&gt; [as get] (D:\Thinkpalm\Atlas-Payments-UI\node_modules\axios\lib\core\Axios.js:129:17)
    at Function.get (D:\Thinkpalm\Atlas-Payments-UI\node_modules\axios\lib\helpers\bind.js:9:15)
    at countryFun (D:\Thinkpalm\Atlas-Payments-UI\src\layouts\views\NewInvoice\ProductInvoiceCreation.tsx:52:15)
    at D:\Thinkpalm\Atlas-Payments-UI\src\layouts\views\NewInvoice\ProductInvoiceCreation.tsx:35:9
    at invokePassiveEffectCreate (D:\Thinkpalm\Atlas-Payments-UI\node_modules\react-dom\cjs\react-dom.development.js:23487:20)
    at HTMLUnknownElement.callCallback (D:\Thinkpalm\Atlas-Payments-UI\node_modules\react-dom\cjs\react-dom.development.js:3945:14)
    at HTMLUnknownElement.callTheUserObjectsOperation (D:\Thinkpalm\Atlas-Payments-UI\node_modules\jsdom\lib\jsdom\living\generated\EventListener.js:26:30)
    at innerInvokeEventListeners (D:\Thinkpalm\Atlas-Payments-UI\node_modules\jsdom\lib\jsdom\living\events\EventTarget-impl.js:338:25)
    at invokeEventListeners (D:\Thinkpalm\Atlas-Payments-UI\node_modules\jsdom\lib\jsdom\living\events\EventTarget-impl.js:274:3)
    at HTMLUnknownElementImpl._dispatch (D:\Thinkpalm\Atlas-Payments-UI\node_modules\jsdom\lib\jsdom\living\events\EventTarget-impl.js:221:9)
    at HTMLUnknownElementImpl.dispatchEvent (D:\Thinkpalm\Atlas-Payments-UI\node_modules\jsdom\lib\jsdom\living\events\EventTarget-impl.js:94:17)
    at HTMLUnknownElement.dispatchEvent (D:\Thinkpalm\Atlas-Payments-UI\node_modules\jsdom\lib\jsdom\living\generated\EventTarget.js:231:34)
    at Object.invokeGuardedCallbackDev (D:\Thinkpalm\Atlas-Payments-UI\node_modules\react-dom\cjs\react-dom.development.js:3994:16)
    at invokeGuardedCallback (D:\Thinkpalm\Atlas-Payments-UI\node_modules\react-dom\cjs\react-dom.development.js:4056:31)
    at flushPassiveEffectsImpl (D:\Thinkpalm\Atlas-Payments-UI\node_modules\react-dom\cjs\react-dom.development.js:23574:9)
    at unstable_runWithPriority (D:\Thinkpalm\Atlas-Payments-UI\node_modules\scheduler\cjs\scheduler.development.js:468:12)
    at runWithPriority$1 (D:\Thinkpalm\Atlas-Payments-UI\node_modules\react-dom\cjs\react-dom.development.js:11276:10)
    at flushPassiveEffects (D:\Thinkpalm\Atlas-Payments-UI\node_modules\react-dom\cjs\react-dom.development.js:23447:14)
    at performSyncWorkOnRoot (D:\Thinkpalm\Atlas-Payments-UI\node_modules\react-dom\cjs\react-dom.development.js:22269:3)
    at D:\Thinkpalm\Atlas-Payments-UI\node_modules\react-dom\cjs\react-dom.development.js:11327:26
    at unstable_runWithPriority (D:\Thinkpalm\Atlas-Payments-UI\node_modules\scheduler\cjs\scheduler.development.js:468:12)
    at runWithPriority$1 (D:\Thinkpalm\Atlas-Payments-UI\node_modules\react-dom\cjs\react-dom.development.js:11276:10)
    at flushSyncCallbackQueueImpl (D:\Thinkpalm\Atlas-Payments-UI\node_modules\react-dom\cjs\react-dom.development.js:11322:9)
    at flushSyncCallbackQueue (D:\Thinkpalm\Atlas-Payments-UI\node_modules\react-dom\cjs\react-dom.development.js:11309:3)
    at batchedUpdates$1 (D:\Thinkpalm\Atlas-Payments-UI\node_modules\react-dom\cjs\react-dom.development.js:22387:7)
    at act (D:\Thinkpalm\Atlas-Payments-UI\node_modules\react-dom\cjs\react-dom-test-utils.development.js:1042:14)
    at render (D:\Thinkpalm\Atlas-Payments-UI\node_modules\@testing-library\react\dist\pure.js:97:26)
    at _callee$ (D:\Thinkpalm\Atlas-Payments-UI\src\layouts\views\NewInvoice\test\index.test.js:29:5)
    at tryCatch (D:\Thinkpalm\Atlas-Payments-UI\node_modules\regenerator-runtime\runtime.js:63:40)
    at Generator.invoke [as _invoke] (D:\Thinkpalm\Atlas-Payments-UI\node_modules\regenerator-runtime\runtime.js:294:22)
    at Generator.next (D:\Thinkpalm\Atlas-Payments-UI\node_modules\regenerator-runtime\runtime.js:119:21)
    at asyncGeneratorStep (D:\Thinkpalm\Atlas-Payments-UI\node_modules\@babel\runtime\helpers\asyncToGenerator.js:3:24)
    at _next (D:\Thinkpalm\Atlas-Payments-UI\node_modules\@babel\runtime\helpers\asyncToGenerator.js:25:9)
    at D:\Thinkpalm\Atlas-Payments-UI\node_modules\@babel\runtime\helpers\asyncToGenerator.js:32:7
    at new Promise (&lt;anonymous&gt;)
    at Object.&lt;anonymous&gt; (D:\Thinkpalm\Atlas-Payments-UI\node_modules\@babel\runtime\helpers\asyncToGenerator.js:21:12)
    at Promise.then.completed (D:\Thinkpalm\Atlas-Payments-UI\node_modules\jest-circus\build\utils.js:391:28)
    at new Promise (&lt;anonymous&gt;)
    at callAsyncCircusFn (D:\Thinkpalm\Atlas-Payments-UI\node_modules\jest-circus\build\utils.js:316:10)
    at _callCircusTest (D:\Thinkpalm\Atlas-Payments-UI\node_modules\jest-circus\build\run.js:218:40)
    at processTicksAndRejections (internal/process/task_queues.js:95:5)
    at _runTest (D:\Thinkpalm\Atlas-Payments-UI\node_modules\jest-circus\build\run.js:155:3)
    at _runTestsForDescribeBlock (D:\Thinkpalm\Atlas-Payments-UI\node_modules\jest-circus\build\run.js:66:9)
    at _runTestsForDescribeBlock (D:\Thinkpalm\Atlas-Payments-UI\node_modules\jest-circus\build\run.js:60:9)
    at run (D:\Thinkpalm\Atlas-Payments-UI\node_modules\jest-circus\build\run.js:25:3)
    at runAndTransformResultsToJestFormat (D:\Thinkpalm\Atlas-Payments-UI\node_modules\jest-circus\build\legacy-code-todo-rewrite\jestAdapterInit.js:170:21)
    at jestAdapter (D:\Thinkpalm\Atlas-Payments-UI\node_modules\jest-circus\build\legacy-code-todo-rewrite\jestAdapter.js:82:19)
    at runTestInternal (D:\Thinkpalm\Atlas-Payments-UI\node_modules\jest-runner\build\runTest.js:389:16)
    at runTest (D:\Thinkpalm\Atlas-Payments-UI\node_modules\jest-runner\build\runTest.js:475:34)
    at Object.worker (D:\Thinkpalm\Atlas-Payments-UI\node_modules\jest-runner\build\testWorker.js:133:12)</failure>
    </testcase>
    <testcase classname="New Invoice dropDown Value change stepper 1" name="New Invoice dropDown Value change stepper 1" time="1.087">
      <failure>Error: Request failed with status code 404
    at createAxiosError (D:\Thinkpalm\Atlas-Payments-UI\node_modules\axios-mock-adapter\src\utils.js:151:15)
    at Object.settle (D:\Thinkpalm\Atlas-Payments-UI\node_modules\axios-mock-adapter\src\utils.js:142:12)
    at handleRequest (D:\Thinkpalm\Atlas-Payments-UI\node_modules\axios-mock-adapter\src\handle_request.js:127:15)
    at D:\Thinkpalm\Atlas-Payments-UI\node_modules\axios-mock-adapter\src\index.js:26:9
    at new Promise (&lt;anonymous&gt;)
    at MockAdapter.&lt;anonymous&gt; (D:\Thinkpalm\Atlas-Payments-UI\node_modules\axios-mock-adapter\src\index.js:25:14)
    at dispatchRequest (D:\Thinkpalm\Atlas-Payments-UI\node_modules\axios\lib\core\dispatchRequest.js:58:10)
    at Axios.request (D:\Thinkpalm\Atlas-Payments-UI\node_modules\axios\lib\core\Axios.js:108:15)
    at Axios.&lt;computed&gt; [as get] (D:\Thinkpalm\Atlas-Payments-UI\node_modules\axios\lib\core\Axios.js:129:17)
    at Function.get (D:\Thinkpalm\Atlas-Payments-UI\node_modules\axios\lib\helpers\bind.js:9:15)
    at productFun (D:\Thinkpalm\Atlas-Payments-UI\src\layouts\views\NewInvoice\ProductInvoiceCreation.tsx:40:15)
    at D:\Thinkpalm\Atlas-Payments-UI\src\layouts\views\NewInvoice\ProductInvoiceCreation.tsx:34:9
    at invokePassiveEffectCreate (D:\Thinkpalm\Atlas-Payments-UI\node_modules\react-dom\cjs\react-dom.development.js:23487:20)
    at HTMLUnknownElement.callCallback (D:\Thinkpalm\Atlas-Payments-UI\node_modules\react-dom\cjs\react-dom.development.js:3945:14)
    at HTMLUnknownElement.callTheUserObjectsOperation (D:\Thinkpalm\Atlas-Payments-UI\node_modules\jsdom\lib\jsdom\living\generated\EventListener.js:26:30)
    at innerInvokeEventListeners (D:\Thinkpalm\Atlas-Payments-UI\node_modules\jsdom\lib\jsdom\living\events\EventTarget-impl.js:338:25)
    at invokeEventListeners (D:\Thinkpalm\Atlas-Payments-UI\node_modules\jsdom\lib\jsdom\living\events\EventTarget-impl.js:274:3)
    at HTMLUnknownElementImpl._dispatch (D:\Thinkpalm\Atlas-Payments-UI\node_modules\jsdom\lib\jsdom\living\events\EventTarget-impl.js:221:9)
    at HTMLUnknownElementImpl.dispatchEvent (D:\Thinkpalm\Atlas-Payments-UI\node_modules\jsdom\lib\jsdom\living\events\EventTarget-impl.js:94:17)
    at HTMLUnknownElement.dispatchEvent (D:\Thinkpalm\Atlas-Payments-UI\node_modules\jsdom\lib\jsdom\living\generated\EventTarget.js:231:34)
    at Object.invokeGuardedCallbackDev (D:\Thinkpalm\Atlas-Payments-UI\node_modules\react-dom\cjs\react-dom.development.js:3994:16)
    at invokeGuardedCallback (D:\Thinkpalm\Atlas-Payments-UI\node_modules\react-dom\cjs\react-dom.development.js:4056:31)
    at flushPassiveEffectsImpl (D:\Thinkpalm\Atlas-Payments-UI\node_modules\react-dom\cjs\react-dom.development.js:23574:9)
    at unstable_runWithPriority (D:\Thinkpalm\Atlas-Payments-UI\node_modules\scheduler\cjs\scheduler.development.js:468:12)
    at runWithPriority$1 (D:\Thinkpalm\Atlas-Payments-UI\node_modules\react-dom\cjs\react-dom.development.js:11276:10)
    at flushPassiveEffects (D:\Thinkpalm\Atlas-Payments-UI\node_modules\react-dom\cjs\react-dom.development.js:23447:14)
    at performSyncWorkOnRoot (D:\Thinkpalm\Atlas-Payments-UI\node_modules\react-dom\cjs\react-dom.development.js:22269:3)
    at D:\Thinkpalm\Atlas-Payments-UI\node_modules\react-dom\cjs\react-dom.development.js:11327:26
    at unstable_runWithPriority (D:\Thinkpalm\Atlas-Payments-UI\node_modules\scheduler\cjs\scheduler.development.js:468:12)
    at runWithPriority$1 (D:\Thinkpalm\Atlas-Payments-UI\node_modules\react-dom\cjs\react-dom.development.js:11276:10)
    at flushSyncCallbackQueueImpl (D:\Thinkpalm\Atlas-Payments-UI\node_modules\react-dom\cjs\react-dom.development.js:11322:9)
    at flushSyncCallbackQueue (D:\Thinkpalm\Atlas-Payments-UI\node_modules\react-dom\cjs\react-dom.development.js:11309:3)
    at batchedUpdates$1 (D:\Thinkpalm\Atlas-Payments-UI\node_modules\react-dom\cjs\react-dom.development.js:22387:7)
    at act (D:\Thinkpalm\Atlas-Payments-UI\node_modules\react-dom\cjs\react-dom-test-utils.development.js:1042:14)
    at render (D:\Thinkpalm\Atlas-Payments-UI\node_modules\@testing-library\react\dist\pure.js:97:26)
    at _callee2$ (D:\Thinkpalm\Atlas-Payments-UI\src\layouts\views\NewInvoice\test\index.test.js:43:5)
    at tryCatch (D:\Thinkpalm\Atlas-Payments-UI\node_modules\regenerator-runtime\runtime.js:63:40)
    at Generator.invoke [as _invoke] (D:\Thinkpalm\Atlas-Payments-UI\node_modules\regenerator-runtime\runtime.js:294:22)
    at Generator.next (D:\Thinkpalm\Atlas-Payments-UI\node_modules\regenerator-runtime\runtime.js:119:21)
    at asyncGeneratorStep (D:\Thinkpalm\Atlas-Payments-UI\node_modules\@babel\runtime\helpers\asyncToGenerator.js:3:24)
    at _next (D:\Thinkpalm\Atlas-Payments-UI\node_modules\@babel\runtime\helpers\asyncToGenerator.js:25:9)
    at D:\Thinkpalm\Atlas-Payments-UI\node_modules\@babel\runtime\helpers\asyncToGenerator.js:32:7
    at new Promise (&lt;anonymous&gt;)
    at Object.&lt;anonymous&gt; (D:\Thinkpalm\Atlas-Payments-UI\node_modules\@babel\runtime\helpers\asyncToGenerator.js:21:12)
    at Promise.then.completed (D:\Thinkpalm\Atlas-Payments-UI\node_modules\jest-circus\build\utils.js:391:28)
    at new Promise (&lt;anonymous&gt;)
    at callAsyncCircusFn (D:\Thinkpalm\Atlas-Payments-UI\node_modules\jest-circus\build\utils.js:316:10)
    at _callCircusTest (D:\Thinkpalm\Atlas-Payments-UI\node_modules\jest-circus\build\run.js:218:40)
    at _runTest (D:\Thinkpalm\Atlas-Payments-UI\node_modules\jest-circus\build\run.js:155:3)
    at _runTestsForDescribeBlock (D:\Thinkpalm\Atlas-Payments-UI\node_modules\jest-circus\build\run.js:66:9)
    at _runTestsForDescribeBlock (D:\Thinkpalm\Atlas-Payments-UI\node_modules\jest-circus\build\run.js:60:9)
    at run (D:\Thinkpalm\Atlas-Payments-UI\node_modules\jest-circus\build\run.js:25:3)
    at runAndTransformResultsToJestFormat (D:\Thinkpalm\Atlas-Payments-UI\node_modules\jest-circus\build\legacy-code-todo-rewrite\jestAdapterInit.js:170:21)
    at jestAdapter (D:\Thinkpalm\Atlas-Payments-UI\node_modules\jest-circus\build\legacy-code-todo-rewrite\jestAdapter.js:82:19)
    at runTestInternal (D:\Thinkpalm\Atlas-Payments-UI\node_modules\jest-runner\build\runTest.js:389:16)
    at runTest (D:\Thinkpalm\Atlas-Payments-UI\node_modules\jest-runner\build\runTest.js:475:34)
    at Object.worker (D:\Thinkpalm\Atlas-Payments-UI\node_modules\jest-runner\build\testWorker.js:133:12)</failure>
      <failure>Error: Request failed with status code 404
    at createAxiosError (D:\Thinkpalm\Atlas-Payments-UI\node_modules\axios-mock-adapter\src\utils.js:151:15)
    at Object.settle (D:\Thinkpalm\Atlas-Payments-UI\node_modules\axios-mock-adapter\src\utils.js:142:12)
    at handleRequest (D:\Thinkpalm\Atlas-Payments-UI\node_modules\axios-mock-adapter\src\handle_request.js:127:15)
    at D:\Thinkpalm\Atlas-Payments-UI\node_modules\axios-mock-adapter\src\index.js:26:9
    at new Promise (&lt;anonymous&gt;)
    at MockAdapter.&lt;anonymous&gt; (D:\Thinkpalm\Atlas-Payments-UI\node_modules\axios-mock-adapter\src\index.js:25:14)
    at dispatchRequest (D:\Thinkpalm\Atlas-Payments-UI\node_modules\axios\lib\core\dispatchRequest.js:58:10)
    at Axios.request (D:\Thinkpalm\Atlas-Payments-UI\node_modules\axios\lib\core\Axios.js:108:15)
    at Axios.&lt;computed&gt; [as get] (D:\Thinkpalm\Atlas-Payments-UI\node_modules\axios\lib\core\Axios.js:129:17)
    at Function.get (D:\Thinkpalm\Atlas-Payments-UI\node_modules\axios\lib\helpers\bind.js:9:15)
    at countryFun (D:\Thinkpalm\Atlas-Payments-UI\src\layouts\views\NewInvoice\ProductInvoiceCreation.tsx:52:15)
    at D:\Thinkpalm\Atlas-Payments-UI\src\layouts\views\NewInvoice\ProductInvoiceCreation.tsx:35:9
    at invokePassiveEffectCreate (D:\Thinkpalm\Atlas-Payments-UI\node_modules\react-dom\cjs\react-dom.development.js:23487:20)
    at HTMLUnknownElement.callCallback (D:\Thinkpalm\Atlas-Payments-UI\node_modules\react-dom\cjs\react-dom.development.js:3945:14)
    at HTMLUnknownElement.callTheUserObjectsOperation (D:\Thinkpalm\Atlas-Payments-UI\node_modules\jsdom\lib\jsdom\living\generated\EventListener.js:26:30)
    at innerInvokeEventListeners (D:\Thinkpalm\Atlas-Payments-UI\node_modules\jsdom\lib\jsdom\living\events\EventTarget-impl.js:338:25)
    at invokeEventListeners (D:\Thinkpalm\Atlas-Payments-UI\node_modules\jsdom\lib\jsdom\living\events\EventTarget-impl.js:274:3)
    at HTMLUnknownElementImpl._dispatch (D:\Thinkpalm\Atlas-Payments-UI\node_modules\jsdom\lib\jsdom\living\events\EventTarget-impl.js:221:9)
    at HTMLUnknownElementImpl.dispatchEvent (D:\Thinkpalm\Atlas-Payments-UI\node_modules\jsdom\lib\jsdom\living\events\EventTarget-impl.js:94:17)
    at HTMLUnknownElement.dispatchEvent (D:\Thinkpalm\Atlas-Payments-UI\node_modules\jsdom\lib\jsdom\living\generated\EventTarget.js:231:34)
    at Object.invokeGuardedCallbackDev (D:\Thinkpalm\Atlas-Payments-UI\node_modules\react-dom\cjs\react-dom.development.js:3994:16)
    at invokeGuardedCallback (D:\Thinkpalm\Atlas-Payments-UI\node_modules\react-dom\cjs\react-dom.development.js:4056:31)
    at flushPassiveEffectsImpl (D:\Thinkpalm\Atlas-Payments-UI\node_modules\react-dom\cjs\react-dom.development.js:23574:9)
    at unstable_runWithPriority (D:\Thinkpalm\Atlas-Payments-UI\node_modules\scheduler\cjs\scheduler.development.js:468:12)
    at runWithPriority$1 (D:\Thinkpalm\Atlas-Payments-UI\node_modules\react-dom\cjs\react-dom.development.js:11276:10)
    at flushPassiveEffects (D:\Thinkpalm\Atlas-Payments-UI\node_modules\react-dom\cjs\react-dom.development.js:23447:14)
    at performSyncWorkOnRoot (D:\Thinkpalm\Atlas-Payments-UI\node_modules\react-dom\cjs\react-dom.development.js:22269:3)
    at D:\Thinkpalm\Atlas-Payments-UI\node_modules\react-dom\cjs\react-dom.development.js:11327:26
    at unstable_runWithPriority (D:\Thinkpalm\Atlas-Payments-UI\node_modules\scheduler\cjs\scheduler.development.js:468:12)
    at runWithPriority$1 (D:\Thinkpalm\Atlas-Payments-UI\node_modules\react-dom\cjs\react-dom.development.js:11276:10)
    at flushSyncCallbackQueueImpl (D:\Thinkpalm\Atlas-Payments-UI\node_modules\react-dom\cjs\react-dom.development.js:11322:9)
    at flushSyncCallbackQueue (D:\Thinkpalm\Atlas-Payments-UI\node_modules\react-dom\cjs\react-dom.development.js:11309:3)
    at batchedUpdates$1 (D:\Thinkpalm\Atlas-Payments-UI\node_modules\react-dom\cjs\react-dom.development.js:22387:7)
    at act (D:\Thinkpalm\Atlas-Payments-UI\node_modules\react-dom\cjs\react-dom-test-utils.development.js:1042:14)
    at render (D:\Thinkpalm\Atlas-Payments-UI\node_modules\@testing-library\react\dist\pure.js:97:26)
    at _callee2$ (D:\Thinkpalm\Atlas-Payments-UI\src\layouts\views\NewInvoice\test\index.test.js:43:5)
    at tryCatch (D:\Thinkpalm\Atlas-Payments-UI\node_modules\regenerator-runtime\runtime.js:63:40)
    at Generator.invoke [as _invoke] (D:\Thinkpalm\Atlas-Payments-UI\node_modules\regenerator-runtime\runtime.js:294:22)
    at Generator.next (D:\Thinkpalm\Atlas-Payments-UI\node_modules\regenerator-runtime\runtime.js:119:21)
    at asyncGeneratorStep (D:\Thinkpalm\Atlas-Payments-UI\node_modules\@babel\runtime\helpers\asyncToGenerator.js:3:24)
    at _next (D:\Thinkpalm\Atlas-Payments-UI\node_modules\@babel\runtime\helpers\asyncToGenerator.js:25:9)
    at D:\Thinkpalm\Atlas-Payments-UI\node_modules\@babel\runtime\helpers\asyncToGenerator.js:32:7
    at new Promise (&lt;anonymous&gt;)
    at Object.&lt;anonymous&gt; (D:\Thinkpalm\Atlas-Payments-UI\node_modules\@babel\runtime\helpers\asyncToGenerator.js:21:12)
    at Promise.then.completed (D:\Thinkpalm\Atlas-Payments-UI\node_modules\jest-circus\build\utils.js:391:28)
    at new Promise (&lt;anonymous&gt;)
    at callAsyncCircusFn (D:\Thinkpalm\Atlas-Payments-UI\node_modules\jest-circus\build\utils.js:316:10)
    at _callCircusTest (D:\Thinkpalm\Atlas-Payments-UI\node_modules\jest-circus\build\run.js:218:40)
    at _runTest (D:\Thinkpalm\Atlas-Payments-UI\node_modules\jest-circus\build\run.js:155:3)
    at _runTestsForDescribeBlock (D:\Thinkpalm\Atlas-Payments-UI\node_modules\jest-circus\build\run.js:66:9)
    at _runTestsForDescribeBlock (D:\Thinkpalm\Atlas-Payments-UI\node_modules\jest-circus\build\run.js:60:9)
    at run (D:\Thinkpalm\Atlas-Payments-UI\node_modules\jest-circus\build\run.js:25:3)
    at runAndTransformResultsToJestFormat (D:\Thinkpalm\Atlas-Payments-UI\node_modules\jest-circus\build\legacy-code-todo-rewrite\jestAdapterInit.js:170:21)
    at jestAdapter (D:\Thinkpalm\Atlas-Payments-UI\node_modules\jest-circus\build\legacy-code-todo-rewrite\jestAdapter.js:82:19)
    at runTestInternal (D:\Thinkpalm\Atlas-Payments-UI\node_modules\jest-runner\build\runTest.js:389:16)
    at runTest (D:\Thinkpalm\Atlas-Payments-UI\node_modules\jest-runner\build\runTest.js:475:34)
    at Object.worker (D:\Thinkpalm\Atlas-Payments-UI\node_modules\jest-runner\build\testWorker.js:133:12)</failure>
      <failure>Error: Unable to find an element with the text: /&quot;DSM Nutritional Products AG&quot;/. This could be because the text is broken up by multiple elements. In this case, you can provide a function for your text matcher to make your matcher more flexible.

Ignored nodes: comments, &lt;script /&gt;, &lt;style /&gt;
&lt;body&gt;
  &lt;div&gt;
    &lt;div
      class=&quot;newinvoice-container&quot;
    &gt;
      &lt;div
        class=&quot;breadcrumbs&quot;
      &gt;
        &lt;div
          class=&quot;a-breadcrumb&quot;
        &gt;
          &lt;span
            class=&quot;steps&quot;
          &gt;
            &lt;span
              class=&quot;a-breadcrumb__label label-active&quot;
            &gt;
              Invoices
            &lt;/span&gt;
          &lt;/span&gt;
          &lt;span
            class=&quot;steps&quot;
          &gt;
            &lt;svg
              class=&quot;&quot;
              height=&quot;20px&quot;
              style=&quot;display: inline-block; vertical-align: middle;&quot;
              viewBox=&quot;-2 -4 24 24&quot;
              width=&quot;20px&quot;
              xmlns=&quot;http://www.w3.org/2000/svg&quot;
              xmlns:xlink=&quot;http://www.w3.org/1999/xlink&quot;
            &gt;
              &lt;path
                d=&quot;M 0.8574456,11.144166 A 0.57143003,0.57143003 0 0 0 1.2617425,10.976197 L 5.832055,6.4058847 a 0.57148717,0.57148717 0 0 0 0,-0.8085938 L 1.2617425,1.0250248 a 0.57143003,0.57143003 0 0 0 -0.8085937,0 0.57143003,0.57143003 0 0 0 0,0.808594 l 4.1679687,4.167969 -4.1679687,4.1679692 a 0.57143003,0.57143003 0 0 0 0,0.80664 0.57143003,0.57143003 0 0 0 0.4042968,0.167969 z&quot;
                fill=&quot;#17224E&quot;
              /&gt;
            &lt;/svg&gt;
            &lt;span
              class=&quot;a-breadcrumb__label last-item&quot;
            &gt;
              New Invoice
            &lt;/span&gt;
          &lt;/span&gt;
        &lt;/div&gt;
      &lt;/div&gt;
      &lt;div
        class=&quot;detail-container&quot;
      &gt;
        &lt;div
          class=&quot;a-layouts&quot;
        &gt;
          &lt;div
            class=&quot;sidebar-inner-container&quot;
          &gt;
            &lt;div
              class=&quot;panel left-panel&quot;
            &gt;
              &lt;div
                class=&quot;a-progress&quot;
              &gt;
                &lt;div
                  class=&quot;a-progress__items completed&quot;
                &gt;
                  &lt;span
                    class=&quot;count&quot;
                  &gt;
                    1
                  &lt;/span&gt;
                  &lt;span
                    class=&quot;label&quot;
                  &gt;
                    New Invoice
                  &lt;/span&gt;
                &lt;/div&gt;
                &lt;span
                  class=&quot;splitter&quot;
                /&gt;
                &lt;div
                  class=&quot;a-progress__items&quot;
                &gt;
                  &lt;span
                    class=&quot;count&quot;
                  &gt;
                    2
                  &lt;/span&gt;
                  &lt;span
                    class=&quot;label&quot;
                  /&gt;
                &lt;/div&gt;
                &lt;span
                  class=&quot;splitter&quot;
                /&gt;
                &lt;div
                  class=&quot;a-progress__items&quot;
                &gt;
                  &lt;span
                    class=&quot;count&quot;
                  &gt;
                    3
                  &lt;/span&gt;
                  &lt;span
                    class=&quot;label&quot;
                  /&gt;
                &lt;/div&gt;
                &lt;span
                  class=&quot;splitter&quot;
                /&gt;
                &lt;div
                  class=&quot;a-progress__items&quot;
                &gt;
                  &lt;span
                    class=&quot;count&quot;
                  &gt;
                    &lt;svg
                      class=&quot;&quot;
                      height=&quot;24px&quot;
                      style=&quot;display: inline-block; vertical-align: middle;&quot;
                      viewBox=&quot;-2 -3 24 24&quot;
                      width=&quot;24px&quot;
                      xmlns=&quot;http://www.w3.org/2000/svg&quot;
                      xmlns:xlink=&quot;http://www.w3.org/1999/xlink&quot;
                    &gt;
                      &lt;path
                        d=&quot;M1.04892 8.20174C0.943259 8.08271 0.79464 8.01053 0.635759 8.00108C0.476878 7.99163 0.32075 8.04568 0.201721 8.15134C0.0826916 8.257 0.0105119 8.40562 0.00106008 8.5645C-0.00839175 8.72338 0.0456585 8.87951 0.151321 8.99854L4.95132 14.3985C5.0056 14.4598 5.07184 14.5094 5.14598 14.5441C5.22012 14.5789 5.30058 14.598 5.38242 14.6005C5.46425 14.603 5.54573 14.5887 5.62183 14.5585C5.69793 14.5283 5.76704 14.4828 5.82492 14.4249L18.4249 1.82494C18.5376 1.71243 18.6009 1.55978 18.6011 1.40056C18.6012 1.24134 18.538 1.0886 18.4255 0.975939C18.313 0.863275 18.1604 0.799917 18.0011 0.799805C17.8419 0.799692 17.6892 0.862833 17.5765 0.975338L5.42412 13.1253L1.04772 8.20174H1.04892Z&quot;
                        fill=&quot;#526FD6&quot;
                      /&gt;
                    &lt;/svg&gt;
                  &lt;/span&gt;
                  &lt;span
                    class=&quot;label&quot;
                  /&gt;
                &lt;/div&gt;
                &lt;span
                  class=&quot;splitter&quot;
                /&gt;
              &lt;/div&gt;
            &lt;/div&gt;
            &lt;div
              class=&quot;panel right-panel&quot;
            &gt;
              &lt;div&gt;
                &lt;div
                  class=&quot;newinvoice_main&quot;
                &gt;
                  &lt;div&gt;
                    &lt;div
                      class=&quot;newinvoice-container&quot;
                    &gt;
                      &lt;div
                        id=&quot;head_sec&quot;
                      &gt;
                        &lt;h3&gt;
                ...
    at waitForWrapper (D:\Thinkpalm\Atlas-Payments-UI\node_modules\@testing-library\dom\dist\wait-for.js:187:27)
    at findByText (D:\Thinkpalm\Atlas-Payments-UI\node_modules\@testing-library\dom\dist\query-helpers.js:101:33)
    at _callee2$ (D:\Thinkpalm\Atlas-Payments-UI\src\layouts\views\NewInvoice\test\index.test.js:55:44)
    at tryCatch (D:\Thinkpalm\Atlas-Payments-UI\node_modules\regenerator-runtime\runtime.js:63:40)
    at Generator.invoke [as _invoke] (D:\Thinkpalm\Atlas-Payments-UI\node_modules\regenerator-runtime\runtime.js:294:22)
    at Generator.next (D:\Thinkpalm\Atlas-Payments-UI\node_modules\regenerator-runtime\runtime.js:119:21)
    at asyncGeneratorStep (D:\Thinkpalm\Atlas-Payments-UI\node_modules\@babel\runtime\helpers\asyncToGenerator.js:3:24)
    at _next (D:\Thinkpalm\Atlas-Payments-UI\node_modules\@babel\runtime\helpers\asyncToGenerator.js:25:9)</failure>
    </testcase>
    <testcase classname="step one getCustomer api fail  dropDown Value change" name="step one getCustomer api fail  dropDown Value change" time="0.041">
      <failure>Error: Request failed with status code 404
    at createAxiosError (D:\Thinkpalm\Atlas-Payments-UI\node_modules\axios-mock-adapter\src\utils.js:151:15)
    at Object.settle (D:\Thinkpalm\Atlas-Payments-UI\node_modules\axios-mock-adapter\src\utils.js:142:12)
    at handleRequest (D:\Thinkpalm\Atlas-Payments-UI\node_modules\axios-mock-adapter\src\handle_request.js:127:15)
    at D:\Thinkpalm\Atlas-Payments-UI\node_modules\axios-mock-adapter\src\index.js:26:9
    at new Promise (&lt;anonymous&gt;)
    at MockAdapter.&lt;anonymous&gt; (D:\Thinkpalm\Atlas-Payments-UI\node_modules\axios-mock-adapter\src\index.js:25:14)
    at dispatchRequest (D:\Thinkpalm\Atlas-Payments-UI\node_modules\axios\lib\core\dispatchRequest.js:58:10)
    at Axios.request (D:\Thinkpalm\Atlas-Payments-UI\node_modules\axios\lib\core\Axios.js:108:15)
    at Axios.&lt;computed&gt; [as get] (D:\Thinkpalm\Atlas-Payments-UI\node_modules\axios\lib\core\Axios.js:129:17)
    at Function.get (D:\Thinkpalm\Atlas-Payments-UI\node_modules\axios\lib\helpers\bind.js:9:15)
    at productFun (D:\Thinkpalm\Atlas-Payments-UI\src\layouts\views\NewInvoice\ProductInvoiceCreation.tsx:40:15)
    at D:\Thinkpalm\Atlas-Payments-UI\src\layouts\views\NewInvoice\ProductInvoiceCreation.tsx:34:9
    at invokePassiveEffectCreate (D:\Thinkpalm\Atlas-Payments-UI\node_modules\react-dom\cjs\react-dom.development.js:23487:20)
    at HTMLUnknownElement.callCallback (D:\Thinkpalm\Atlas-Payments-UI\node_modules\react-dom\cjs\react-dom.development.js:3945:14)
    at HTMLUnknownElement.callTheUserObjectsOperation (D:\Thinkpalm\Atlas-Payments-UI\node_modules\jsdom\lib\jsdom\living\generated\EventListener.js:26:30)
    at innerInvokeEventListeners (D:\Thinkpalm\Atlas-Payments-UI\node_modules\jsdom\lib\jsdom\living\events\EventTarget-impl.js:338:25)
    at invokeEventListeners (D:\Thinkpalm\Atlas-Payments-UI\node_modules\jsdom\lib\jsdom\living\events\EventTarget-impl.js:274:3)
    at HTMLUnknownElementImpl._dispatch (D:\Thinkpalm\Atlas-Payments-UI\node_modules\jsdom\lib\jsdom\living\events\EventTarget-impl.js:221:9)
    at HTMLUnknownElementImpl.dispatchEvent (D:\Thinkpalm\Atlas-Payments-UI\node_modules\jsdom\lib\jsdom\living\events\EventTarget-impl.js:94:17)
    at HTMLUnknownElement.dispatchEvent (D:\Thinkpalm\Atlas-Payments-UI\node_modules\jsdom\lib\jsdom\living\generated\EventTarget.js:231:34)
    at Object.invokeGuardedCallbackDev (D:\Thinkpalm\Atlas-Payments-UI\node_modules\react-dom\cjs\react-dom.development.js:3994:16)
    at invokeGuardedCallback (D:\Thinkpalm\Atlas-Payments-UI\node_modules\react-dom\cjs\react-dom.development.js:4056:31)
    at flushPassiveEffectsImpl (D:\Thinkpalm\Atlas-Payments-UI\node_modules\react-dom\cjs\react-dom.development.js:23574:9)
    at unstable_runWithPriority (D:\Thinkpalm\Atlas-Payments-UI\node_modules\scheduler\cjs\scheduler.development.js:468:12)
    at runWithPriority$1 (D:\Thinkpalm\Atlas-Payments-UI\node_modules\react-dom\cjs\react-dom.development.js:11276:10)
    at flushPassiveEffects (D:\Thinkpalm\Atlas-Payments-UI\node_modules\react-dom\cjs\react-dom.development.js:23447:14)
    at performSyncWorkOnRoot (D:\Thinkpalm\Atlas-Payments-UI\node_modules\react-dom\cjs\react-dom.development.js:22269:3)
    at D:\Thinkpalm\Atlas-Payments-UI\node_modules\react-dom\cjs\react-dom.development.js:11327:26
    at unstable_runWithPriority (D:\Thinkpalm\Atlas-Payments-UI\node_modules\scheduler\cjs\scheduler.development.js:468:12)
    at runWithPriority$1 (D:\Thinkpalm\Atlas-Payments-UI\node_modules\react-dom\cjs\react-dom.development.js:11276:10)
    at flushSyncCallbackQueueImpl (D:\Thinkpalm\Atlas-Payments-UI\node_modules\react-dom\cjs\react-dom.development.js:11322:9)
    at flushSyncCallbackQueue (D:\Thinkpalm\Atlas-Payments-UI\node_modules\react-dom\cjs\react-dom.development.js:11309:3)
    at batchedUpdates$1 (D:\Thinkpalm\Atlas-Payments-UI\node_modules\react-dom\cjs\react-dom.development.js:22387:7)
    at act (D:\Thinkpalm\Atlas-Payments-UI\node_modules\react-dom\cjs\react-dom-test-utils.development.js:1042:14)
    at render (D:\Thinkpalm\Atlas-Payments-UI\node_modules\@testing-library\react\dist\pure.js:97:26)
    at _callee3$ (D:\Thinkpalm\Atlas-Payments-UI\src\layouts\views\NewInvoice\test\index.test.js:96:5)
    at tryCatch (D:\Thinkpalm\Atlas-Payments-UI\node_modules\regenerator-runtime\runtime.js:63:40)
    at Generator.invoke [as _invoke] (D:\Thinkpalm\Atlas-Payments-UI\node_modules\regenerator-runtime\runtime.js:294:22)
    at Generator.next (D:\Thinkpalm\Atlas-Payments-UI\node_modules\regenerator-runtime\runtime.js:119:21)
    at asyncGeneratorStep (D:\Thinkpalm\Atlas-Payments-UI\node_modules\@babel\runtime\helpers\asyncToGenerator.js:3:24)
    at _next (D:\Thinkpalm\Atlas-Payments-UI\node_modules\@babel\runtime\helpers\asyncToGenerator.js:25:9)
    at D:\Thinkpalm\Atlas-Payments-UI\node_modules\@babel\runtime\helpers\asyncToGenerator.js:32:7
    at new Promise (&lt;anonymous&gt;)
    at Object.&lt;anonymous&gt; (D:\Thinkpalm\Atlas-Payments-UI\node_modules\@babel\runtime\helpers\asyncToGenerator.js:21:12)
    at Promise.then.completed (D:\Thinkpalm\Atlas-Payments-UI\node_modules\jest-circus\build\utils.js:391:28)
    at new Promise (&lt;anonymous&gt;)
    at callAsyncCircusFn (D:\Thinkpalm\Atlas-Payments-UI\node_modules\jest-circus\build\utils.js:316:10)
    at _callCircusTest (D:\Thinkpalm\Atlas-Payments-UI\node_modules\jest-circus\build\run.js:218:40)
    at _runTest (D:\Thinkpalm\Atlas-Payments-UI\node_modules\jest-circus\build\run.js:155:3)
    at _runTestsForDescribeBlock (D:\Thinkpalm\Atlas-Payments-UI\node_modules\jest-circus\build\run.js:66:9)
    at _runTestsForDescribeBlock (D:\Thinkpalm\Atlas-Payments-UI\node_modules\jest-circus\build\run.js:60:9)
    at run (D:\Thinkpalm\Atlas-Payments-UI\node_modules\jest-circus\build\run.js:25:3)
    at runAndTransformResultsToJestFormat (D:\Thinkpalm\Atlas-Payments-UI\node_modules\jest-circus\build\legacy-code-todo-rewrite\jestAdapterInit.js:170:21)
    at jestAdapter (D:\Thinkpalm\Atlas-Payments-UI\node_modules\jest-circus\build\legacy-code-todo-rewrite\jestAdapter.js:82:19)
    at runTestInternal (D:\Thinkpalm\Atlas-Payments-UI\node_modules\jest-runner\build\runTest.js:389:16)
    at runTest (D:\Thinkpalm\Atlas-Payments-UI\node_modules\jest-runner\build\runTest.js:475:34)
    at Object.worker (D:\Thinkpalm\Atlas-Payments-UI\node_modules\jest-runner\build\testWorker.js:133:12)</failure>
      <failure>Error: Request failed with status code 404
    at createAxiosError (D:\Thinkpalm\Atlas-Payments-UI\node_modules\axios-mock-adapter\src\utils.js:151:15)
    at Object.settle (D:\Thinkpalm\Atlas-Payments-UI\node_modules\axios-mock-adapter\src\utils.js:142:12)
    at handleRequest (D:\Thinkpalm\Atlas-Payments-UI\node_modules\axios-mock-adapter\src\handle_request.js:127:15)
    at D:\Thinkpalm\Atlas-Payments-UI\node_modules\axios-mock-adapter\src\index.js:26:9
    at new Promise (&lt;anonymous&gt;)
    at MockAdapter.&lt;anonymous&gt; (D:\Thinkpalm\Atlas-Payments-UI\node_modules\axios-mock-adapter\src\index.js:25:14)
    at dispatchRequest (D:\Thinkpalm\Atlas-Payments-UI\node_modules\axios\lib\core\dispatchRequest.js:58:10)
    at Axios.request (D:\Thinkpalm\Atlas-Payments-UI\node_modules\axios\lib\core\Axios.js:108:15)
    at Axios.&lt;computed&gt; [as get] (D:\Thinkpalm\Atlas-Payments-UI\node_modules\axios\lib\core\Axios.js:129:17)
    at Function.get (D:\Thinkpalm\Atlas-Payments-UI\node_modules\axios\lib\helpers\bind.js:9:15)
    at countryFun (D:\Thinkpalm\Atlas-Payments-UI\src\layouts\views\NewInvoice\ProductInvoiceCreation.tsx:52:15)
    at D:\Thinkpalm\Atlas-Payments-UI\src\layouts\views\NewInvoice\ProductInvoiceCreation.tsx:35:9
    at invokePassiveEffectCreate (D:\Thinkpalm\Atlas-Payments-UI\node_modules\react-dom\cjs\react-dom.development.js:23487:20)
    at HTMLUnknownElement.callCallback (D:\Thinkpalm\Atlas-Payments-UI\node_modules\react-dom\cjs\react-dom.development.js:3945:14)
    at HTMLUnknownElement.callTheUserObjectsOperation (D:\Thinkpalm\Atlas-Payments-UI\node_modules\jsdom\lib\jsdom\living\generated\EventListener.js:26:30)
    at innerInvokeEventListeners (D:\Thinkpalm\Atlas-Payments-UI\node_modules\jsdom\lib\jsdom\living\events\EventTarget-impl.js:338:25)
    at invokeEventListeners (D:\Thinkpalm\Atlas-Payments-UI\node_modules\jsdom\lib\jsdom\living\events\EventTarget-impl.js:274:3)
    at HTMLUnknownElementImpl._dispatch (D:\Thinkpalm\Atlas-Payments-UI\node_modules\jsdom\lib\jsdom\living\events\EventTarget-impl.js:221:9)
    at HTMLUnknownElementImpl.dispatchEvent (D:\Thinkpalm\Atlas-Payments-UI\node_modules\jsdom\lib\jsdom\living\events\EventTarget-impl.js:94:17)
    at HTMLUnknownElement.dispatchEvent (D:\Thinkpalm\Atlas-Payments-UI\node_modules\jsdom\lib\jsdom\living\generated\EventTarget.js:231:34)
    at Object.invokeGuardedCallbackDev (D:\Thinkpalm\Atlas-Payments-UI\node_modules\react-dom\cjs\react-dom.development.js:3994:16)
    at invokeGuardedCallback (D:\Thinkpalm\Atlas-Payments-UI\node_modules\react-dom\cjs\react-dom.development.js:4056:31)
    at flushPassiveEffectsImpl (D:\Thinkpalm\Atlas-Payments-UI\node_modules\react-dom\cjs\react-dom.development.js:23574:9)
    at unstable_runWithPriority (D:\Thinkpalm\Atlas-Payments-UI\node_modules\scheduler\cjs\scheduler.development.js:468:12)
    at runWithPriority$1 (D:\Thinkpalm\Atlas-Payments-UI\node_modules\react-dom\cjs\react-dom.development.js:11276:10)
    at flushPassiveEffects (D:\Thinkpalm\Atlas-Payments-UI\node_modules\react-dom\cjs\react-dom.development.js:23447:14)
    at performSyncWorkOnRoot (D:\Thinkpalm\Atlas-Payments-UI\node_modules\react-dom\cjs\react-dom.development.js:22269:3)
    at D:\Thinkpalm\Atlas-Payments-UI\node_modules\react-dom\cjs\react-dom.development.js:11327:26
    at unstable_runWithPriority (D:\Thinkpalm\Atlas-Payments-UI\node_modules\scheduler\cjs\scheduler.development.js:468:12)
    at runWithPriority$1 (D:\Thinkpalm\Atlas-Payments-UI\node_modules\react-dom\cjs\react-dom.development.js:11276:10)
    at flushSyncCallbackQueueImpl (D:\Thinkpalm\Atlas-Payments-UI\node_modules\react-dom\cjs\react-dom.development.js:11322:9)
    at flushSyncCallbackQueue (D:\Thinkpalm\Atlas-Payments-UI\node_modules\react-dom\cjs\react-dom.development.js:11309:3)
    at batchedUpdates$1 (D:\Thinkpalm\Atlas-Payments-UI\node_modules\react-dom\cjs\react-dom.development.js:22387:7)
    at act (D:\Thinkpalm\Atlas-Payments-UI\node_modules\react-dom\cjs\react-dom-test-utils.development.js:1042:14)
    at render (D:\Thinkpalm\Atlas-Payments-UI\node_modules\@testing-library\react\dist\pure.js:97:26)
    at _callee3$ (D:\Thinkpalm\Atlas-Payments-UI\src\layouts\views\NewInvoice\test\index.test.js:96:5)
    at tryCatch (D:\Thinkpalm\Atlas-Payments-UI\node_modules\regenerator-runtime\runtime.js:63:40)
    at Generator.invoke [as _invoke] (D:\Thinkpalm\Atlas-Payments-UI\node_modules\regenerator-runtime\runtime.js:294:22)
    at Generator.next (D:\Thinkpalm\Atlas-Payments-UI\node_modules\regenerator-runtime\runtime.js:119:21)
    at asyncGeneratorStep (D:\Thinkpalm\Atlas-Payments-UI\node_modules\@babel\runtime\helpers\asyncToGenerator.js:3:24)
    at _next (D:\Thinkpalm\Atlas-Payments-UI\node_modules\@babel\runtime\helpers\asyncToGenerator.js:25:9)
    at D:\Thinkpalm\Atlas-Payments-UI\node_modules\@babel\runtime\helpers\asyncToGenerator.js:32:7
    at new Promise (&lt;anonymous&gt;)
    at Object.&lt;anonymous&gt; (D:\Thinkpalm\Atlas-Payments-UI\node_modules\@babel\runtime\helpers\asyncToGenerator.js:21:12)
    at Promise.then.completed (D:\Thinkpalm\Atlas-Payments-UI\node_modules\jest-circus\build\utils.js:391:28)
    at new Promise (&lt;anonymous&gt;)
    at callAsyncCircusFn (D:\Thinkpalm\Atlas-Payments-UI\node_modules\jest-circus\build\utils.js:316:10)
    at _callCircusTest (D:\Thinkpalm\Atlas-Payments-UI\node_modules\jest-circus\build\run.js:218:40)
    at _runTest (D:\Thinkpalm\Atlas-Payments-UI\node_modules\jest-circus\build\run.js:155:3)
    at _runTestsForDescribeBlock (D:\Thinkpalm\Atlas-Payments-UI\node_modules\jest-circus\build\run.js:66:9)
    at _runTestsForDescribeBlock (D:\Thinkpalm\Atlas-Payments-UI\node_modules\jest-circus\build\run.js:60:9)
    at run (D:\Thinkpalm\Atlas-Payments-UI\node_modules\jest-circus\build\run.js:25:3)
    at runAndTransformResultsToJestFormat (D:\Thinkpalm\Atlas-Payments-UI\node_modules\jest-circus\build\legacy-code-todo-rewrite\jestAdapterInit.js:170:21)
    at jestAdapter (D:\Thinkpalm\Atlas-Payments-UI\node_modules\jest-circus\build\legacy-code-todo-rewrite\jestAdapter.js:82:19)
    at runTestInternal (D:\Thinkpalm\Atlas-Payments-UI\node_modules\jest-runner\build\runTest.js:389:16)
    at runTest (D:\Thinkpalm\Atlas-Payments-UI\node_modules\jest-runner\build\runTest.js:475:34)
    at Object.worker (D:\Thinkpalm\Atlas-Payments-UI\node_modules\jest-runner\build\testWorker.js:133:12)</failure>
    </testcase>
    <testcase classname="step one getCOuntry api fail dropDown Value change" name="step one getCOuntry api fail dropDown Value change" time="1.055">
      <failure>Error: Request failed with status code 404
    at createAxiosError (D:\Thinkpalm\Atlas-Payments-UI\node_modules\axios-mock-adapter\src\utils.js:151:15)
    at Object.settle (D:\Thinkpalm\Atlas-Payments-UI\node_modules\axios-mock-adapter\src\utils.js:142:12)
    at handleRequest (D:\Thinkpalm\Atlas-Payments-UI\node_modules\axios-mock-adapter\src\handle_request.js:127:15)
    at D:\Thinkpalm\Atlas-Payments-UI\node_modules\axios-mock-adapter\src\index.js:26:9
    at new Promise (&lt;anonymous&gt;)
    at MockAdapter.&lt;anonymous&gt; (D:\Thinkpalm\Atlas-Payments-UI\node_modules\axios-mock-adapter\src\index.js:25:14)
    at dispatchRequest (D:\Thinkpalm\Atlas-Payments-UI\node_modules\axios\lib\core\dispatchRequest.js:58:10)
    at Axios.request (D:\Thinkpalm\Atlas-Payments-UI\node_modules\axios\lib\core\Axios.js:108:15)
    at Axios.&lt;computed&gt; [as get] (D:\Thinkpalm\Atlas-Payments-UI\node_modules\axios\lib\core\Axios.js:129:17)
    at Function.get (D:\Thinkpalm\Atlas-Payments-UI\node_modules\axios\lib\helpers\bind.js:9:15)
    at productFun (D:\Thinkpalm\Atlas-Payments-UI\src\layouts\views\NewInvoice\ProductInvoiceCreation.tsx:40:15)
    at D:\Thinkpalm\Atlas-Payments-UI\src\layouts\views\NewInvoice\ProductInvoiceCreation.tsx:34:9
    at invokePassiveEffectCreate (D:\Thinkpalm\Atlas-Payments-UI\node_modules\react-dom\cjs\react-dom.development.js:23487:20)
    at HTMLUnknownElement.callCallback (D:\Thinkpalm\Atlas-Payments-UI\node_modules\react-dom\cjs\react-dom.development.js:3945:14)
    at HTMLUnknownElement.callTheUserObjectsOperation (D:\Thinkpalm\Atlas-Payments-UI\node_modules\jsdom\lib\jsdom\living\generated\EventListener.js:26:30)
    at innerInvokeEventListeners (D:\Thinkpalm\Atlas-Payments-UI\node_modules\jsdom\lib\jsdom\living\events\EventTarget-impl.js:338:25)
    at invokeEventListeners (D:\Thinkpalm\Atlas-Payments-UI\node_modules\jsdom\lib\jsdom\living\events\EventTarget-impl.js:274:3)
    at HTMLUnknownElementImpl._dispatch (D:\Thinkpalm\Atlas-Payments-UI\node_modules\jsdom\lib\jsdom\living\events\EventTarget-impl.js:221:9)
    at HTMLUnknownElementImpl.dispatchEvent (D:\Thinkpalm\Atlas-Payments-UI\node_modules\jsdom\lib\jsdom\living\events\EventTarget-impl.js:94:17)
    at HTMLUnknownElement.dispatchEvent (D:\Thinkpalm\Atlas-Payments-UI\node_modules\jsdom\lib\jsdom\living\generated\EventTarget.js:231:34)
    at Object.invokeGuardedCallbackDev (D:\Thinkpalm\Atlas-Payments-UI\node_modules\react-dom\cjs\react-dom.development.js:3994:16)
    at invokeGuardedCallback (D:\Thinkpalm\Atlas-Payments-UI\node_modules\react-dom\cjs\react-dom.development.js:4056:31)
    at flushPassiveEffectsImpl (D:\Thinkpalm\Atlas-Payments-UI\node_modules\react-dom\cjs\react-dom.development.js:23574:9)
    at unstable_runWithPriority (D:\Thinkpalm\Atlas-Payments-UI\node_modules\scheduler\cjs\scheduler.development.js:468:12)
    at runWithPriority$1 (D:\Thinkpalm\Atlas-Payments-UI\node_modules\react-dom\cjs\react-dom.development.js:11276:10)
    at flushPassiveEffects (D:\Thinkpalm\Atlas-Payments-UI\node_modules\react-dom\cjs\react-dom.development.js:23447:14)
    at performSyncWorkOnRoot (D:\Thinkpalm\Atlas-Payments-UI\node_modules\react-dom\cjs\react-dom.development.js:22269:3)
    at D:\Thinkpalm\Atlas-Payments-UI\node_modules\react-dom\cjs\react-dom.development.js:11327:26
    at unstable_runWithPriority (D:\Thinkpalm\Atlas-Payments-UI\node_modules\scheduler\cjs\scheduler.development.js:468:12)
    at runWithPriority$1 (D:\Thinkpalm\Atlas-Payments-UI\node_modules\react-dom\cjs\react-dom.development.js:11276:10)
    at flushSyncCallbackQueueImpl (D:\Thinkpalm\Atlas-Payments-UI\node_modules\react-dom\cjs\react-dom.development.js:11322:9)
    at flushSyncCallbackQueue (D:\Thinkpalm\Atlas-Payments-UI\node_modules\react-dom\cjs\react-dom.development.js:11309:3)
    at batchedUpdates$1 (D:\Thinkpalm\Atlas-Payments-UI\node_modules\react-dom\cjs\react-dom.development.js:22387:7)
    at act (D:\Thinkpalm\Atlas-Payments-UI\node_modules\react-dom\cjs\react-dom-test-utils.development.js:1042:14)
    at render (D:\Thinkpalm\Atlas-Payments-UI\node_modules\@testing-library\react\dist\pure.js:97:26)
    at _callee4$ (D:\Thinkpalm\Atlas-Payments-UI\src\layouts\views\NewInvoice\test\index.test.js:119:5)
    at tryCatch (D:\Thinkpalm\Atlas-Payments-UI\node_modules\regenerator-runtime\runtime.js:63:40)
    at Generator.invoke [as _invoke] (D:\Thinkpalm\Atlas-Payments-UI\node_modules\regenerator-runtime\runtime.js:294:22)
    at Generator.next (D:\Thinkpalm\Atlas-Payments-UI\node_modules\regenerator-runtime\runtime.js:119:21)
    at asyncGeneratorStep (D:\Thinkpalm\Atlas-Payments-UI\node_modules\@babel\runtime\helpers\asyncToGenerator.js:3:24)
    at _next (D:\Thinkpalm\Atlas-Payments-UI\node_modules\@babel\runtime\helpers\asyncToGenerator.js:25:9)
    at D:\Thinkpalm\Atlas-Payments-UI\node_modules\@babel\runtime\helpers\asyncToGenerator.js:32:7
    at new Promise (&lt;anonymous&gt;)
    at Object.&lt;anonymous&gt; (D:\Thinkpalm\Atlas-Payments-UI\node_modules\@babel\runtime\helpers\asyncToGenerator.js:21:12)
    at Promise.then.completed (D:\Thinkpalm\Atlas-Payments-UI\node_modules\jest-circus\build\utils.js:391:28)
    at new Promise (&lt;anonymous&gt;)
    at callAsyncCircusFn (D:\Thinkpalm\Atlas-Payments-UI\node_modules\jest-circus\build\utils.js:316:10)
    at _callCircusTest (D:\Thinkpalm\Atlas-Payments-UI\node_modules\jest-circus\build\run.js:218:40)
    at _runTest (D:\Thinkpalm\Atlas-Payments-UI\node_modules\jest-circus\build\run.js:155:3)
    at _runTestsForDescribeBlock (D:\Thinkpalm\Atlas-Payments-UI\node_modules\jest-circus\build\run.js:66:9)
    at _runTestsForDescribeBlock (D:\Thinkpalm\Atlas-Payments-UI\node_modules\jest-circus\build\run.js:60:9)
    at run (D:\Thinkpalm\Atlas-Payments-UI\node_modules\jest-circus\build\run.js:25:3)
    at runAndTransformResultsToJestFormat (D:\Thinkpalm\Atlas-Payments-UI\node_modules\jest-circus\build\legacy-code-todo-rewrite\jestAdapterInit.js:170:21)
    at jestAdapter (D:\Thinkpalm\Atlas-Payments-UI\node_modules\jest-circus\build\legacy-code-todo-rewrite\jestAdapter.js:82:19)
    at runTestInternal (D:\Thinkpalm\Atlas-Payments-UI\node_modules\jest-runner\build\runTest.js:389:16)
    at runTest (D:\Thinkpalm\Atlas-Payments-UI\node_modules\jest-runner\build\runTest.js:475:34)
    at Object.worker (D:\Thinkpalm\Atlas-Payments-UI\node_modules\jest-runner\build\testWorker.js:133:12)</failure>
      <failure>Error: Request failed with status code 404
    at createAxiosError (D:\Thinkpalm\Atlas-Payments-UI\node_modules\axios-mock-adapter\src\utils.js:151:15)
    at Object.settle (D:\Thinkpalm\Atlas-Payments-UI\node_modules\axios-mock-adapter\src\utils.js:142:12)
    at handleRequest (D:\Thinkpalm\Atlas-Payments-UI\node_modules\axios-mock-adapter\src\handle_request.js:127:15)
    at D:\Thinkpalm\Atlas-Payments-UI\node_modules\axios-mock-adapter\src\index.js:26:9
    at new Promise (&lt;anonymous&gt;)
    at MockAdapter.&lt;anonymous&gt; (D:\Thinkpalm\Atlas-Payments-UI\node_modules\axios-mock-adapter\src\index.js:25:14)
    at dispatchRequest (D:\Thinkpalm\Atlas-Payments-UI\node_modules\axios\lib\core\dispatchRequest.js:58:10)
    at Axios.request (D:\Thinkpalm\Atlas-Payments-UI\node_modules\axios\lib\core\Axios.js:108:15)
    at Axios.&lt;computed&gt; [as get] (D:\Thinkpalm\Atlas-Payments-UI\node_modules\axios\lib\core\Axios.js:129:17)
    at Function.get (D:\Thinkpalm\Atlas-Payments-UI\node_modules\axios\lib\helpers\bind.js:9:15)
    at countryFun (D:\Thinkpalm\Atlas-Payments-UI\src\layouts\views\NewInvoice\ProductInvoiceCreation.tsx:52:15)
    at D:\Thinkpalm\Atlas-Payments-UI\src\layouts\views\NewInvoice\ProductInvoiceCreation.tsx:35:9
    at invokePassiveEffectCreate (D:\Thinkpalm\Atlas-Payments-UI\node_modules\react-dom\cjs\react-dom.development.js:23487:20)
    at HTMLUnknownElement.callCallback (D:\Thinkpalm\Atlas-Payments-UI\node_modules\react-dom\cjs\react-dom.development.js:3945:14)
    at HTMLUnknownElement.callTheUserObjectsOperation (D:\Thinkpalm\Atlas-Payments-UI\node_modules\jsdom\lib\jsdom\living\generated\EventListener.js:26:30)
    at innerInvokeEventListeners (D:\Thinkpalm\Atlas-Payments-UI\node_modules\jsdom\lib\jsdom\living\events\EventTarget-impl.js:338:25)
    at invokeEventListeners (D:\Thinkpalm\Atlas-Payments-UI\node_modules\jsdom\lib\jsdom\living\events\EventTarget-impl.js:274:3)
    at HTMLUnknownElementImpl._dispatch (D:\Thinkpalm\Atlas-Payments-UI\node_modules\jsdom\lib\jsdom\living\events\EventTarget-impl.js:221:9)
    at HTMLUnknownElementImpl.dispatchEvent (D:\Thinkpalm\Atlas-Payments-UI\node_modules\jsdom\lib\jsdom\living\events\EventTarget-impl.js:94:17)
    at HTMLUnknownElement.dispatchEvent (D:\Thinkpalm\Atlas-Payments-UI\node_modules\jsdom\lib\jsdom\living\generated\EventTarget.js:231:34)
    at Object.invokeGuardedCallbackDev (D:\Thinkpalm\Atlas-Payments-UI\node_modules\react-dom\cjs\react-dom.development.js:3994:16)
    at invokeGuardedCallback (D:\Thinkpalm\Atlas-Payments-UI\node_modules\react-dom\cjs\react-dom.development.js:4056:31)
    at flushPassiveEffectsImpl (D:\Thinkpalm\Atlas-Payments-UI\node_modules\react-dom\cjs\react-dom.development.js:23574:9)
    at unstable_runWithPriority (D:\Thinkpalm\Atlas-Payments-UI\node_modules\scheduler\cjs\scheduler.development.js:468:12)
    at runWithPriority$1 (D:\Thinkpalm\Atlas-Payments-UI\node_modules\react-dom\cjs\react-dom.development.js:11276:10)
    at flushPassiveEffects (D:\Thinkpalm\Atlas-Payments-UI\node_modules\react-dom\cjs\react-dom.development.js:23447:14)
    at performSyncWorkOnRoot (D:\Thinkpalm\Atlas-Payments-UI\node_modules\react-dom\cjs\react-dom.development.js:22269:3)
    at D:\Thinkpalm\Atlas-Payments-UI\node_modules\react-dom\cjs\react-dom.development.js:11327:26
    at unstable_runWithPriority (D:\Thinkpalm\Atlas-Payments-UI\node_modules\scheduler\cjs\scheduler.development.js:468:12)
    at runWithPriority$1 (D:\Thinkpalm\Atlas-Payments-UI\node_modules\react-dom\cjs\react-dom.development.js:11276:10)
    at flushSyncCallbackQueueImpl (D:\Thinkpalm\Atlas-Payments-UI\node_modules\react-dom\cjs\react-dom.development.js:11322:9)
    at flushSyncCallbackQueue (D:\Thinkpalm\Atlas-Payments-UI\node_modules\react-dom\cjs\react-dom.development.js:11309:3)
    at batchedUpdates$1 (D:\Thinkpalm\Atlas-Payments-UI\node_modules\react-dom\cjs\react-dom.development.js:22387:7)
    at act (D:\Thinkpalm\Atlas-Payments-UI\node_modules\react-dom\cjs\react-dom-test-utils.development.js:1042:14)
    at render (D:\Thinkpalm\Atlas-Payments-UI\node_modules\@testing-library\react\dist\pure.js:97:26)
    at _callee4$ (D:\Thinkpalm\Atlas-Payments-UI\src\layouts\views\NewInvoice\test\index.test.js:119:5)
    at tryCatch (D:\Thinkpalm\Atlas-Payments-UI\node_modules\regenerator-runtime\runtime.js:63:40)
    at Generator.invoke [as _invoke] (D:\Thinkpalm\Atlas-Payments-UI\node_modules\regenerator-runtime\runtime.js:294:22)
    at Generator.next (D:\Thinkpalm\Atlas-Payments-UI\node_modules\regenerator-runtime\runtime.js:119:21)
    at asyncGeneratorStep (D:\Thinkpalm\Atlas-Payments-UI\node_modules\@babel\runtime\helpers\asyncToGenerator.js:3:24)
    at _next (D:\Thinkpalm\Atlas-Payments-UI\node_modules\@babel\runtime\helpers\asyncToGenerator.js:25:9)
    at D:\Thinkpalm\Atlas-Payments-UI\node_modules\@babel\runtime\helpers\asyncToGenerator.js:32:7
    at new Promise (&lt;anonymous&gt;)
    at Object.&lt;anonymous&gt; (D:\Thinkpalm\Atlas-Payments-UI\node_modules\@babel\runtime\helpers\asyncToGenerator.js:21:12)
    at Promise.then.completed (D:\Thinkpalm\Atlas-Payments-UI\node_modules\jest-circus\build\utils.js:391:28)
    at new Promise (&lt;anonymous&gt;)
    at callAsyncCircusFn (D:\Thinkpalm\Atlas-Payments-UI\node_modules\jest-circus\build\utils.js:316:10)
    at _callCircusTest (D:\Thinkpalm\Atlas-Payments-UI\node_modules\jest-circus\build\run.js:218:40)
    at _runTest (D:\Thinkpalm\Atlas-Payments-UI\node_modules\jest-circus\build\run.js:155:3)
    at _runTestsForDescribeBlock (D:\Thinkpalm\Atlas-Payments-UI\node_modules\jest-circus\build\run.js:66:9)
    at _runTestsForDescribeBlock (D:\Thinkpalm\Atlas-Payments-UI\node_modules\jest-circus\build\run.js:60:9)
    at run (D:\Thinkpalm\Atlas-Payments-UI\node_modules\jest-circus\build\run.js:25:3)
    at runAndTransformResultsToJestFormat (D:\Thinkpalm\Atlas-Payments-UI\node_modules\jest-circus\build\legacy-code-todo-rewrite\jestAdapterInit.js:170:21)
    at jestAdapter (D:\Thinkpalm\Atlas-Payments-UI\node_modules\jest-circus\build\legacy-code-todo-rewrite\jestAdapter.js:82:19)
    at runTestInternal (D:\Thinkpalm\Atlas-Payments-UI\node_modules\jest-runner\build\runTest.js:389:16)
    at runTest (D:\Thinkpalm\Atlas-Payments-UI\node_modules\jest-runner\build\runTest.js:475:34)
    at Object.worker (D:\Thinkpalm\Atlas-Payments-UI\node_modules\jest-runner\build\testWorker.js:133:12)</failure>
      <failure>Error: Unable to find an element with the text: /&quot;DSM Nutritional Products AG&quot;/. This could be because the text is broken up by multiple elements. In this case, you can provide a function for your text matcher to make your matcher more flexible.

Ignored nodes: comments, &lt;script /&gt;, &lt;style /&gt;
&lt;body&gt;
  &lt;div&gt;
    &lt;div
      class=&quot;newinvoice-container&quot;
    &gt;
      &lt;div
        class=&quot;breadcrumbs&quot;
      &gt;
        &lt;div
          class=&quot;a-breadcrumb&quot;
        &gt;
          &lt;span
            class=&quot;steps&quot;
          &gt;
            &lt;span
              class=&quot;a-breadcrumb__label label-active&quot;
            &gt;
              Invoices
            &lt;/span&gt;
          &lt;/span&gt;
          &lt;span
            class=&quot;steps&quot;
          &gt;
            &lt;svg
              class=&quot;&quot;
              height=&quot;20px&quot;
              style=&quot;display: inline-block; vertical-align: middle;&quot;
              viewBox=&quot;-2 -4 24 24&quot;
              width=&quot;20px&quot;
              xmlns=&quot;http://www.w3.org/2000/svg&quot;
              xmlns:xlink=&quot;http://www.w3.org/1999/xlink&quot;
            &gt;
              &lt;path
                d=&quot;M 0.8574456,11.144166 A 0.57143003,0.57143003 0 0 0 1.2617425,10.976197 L 5.832055,6.4058847 a 0.57148717,0.57148717 0 0 0 0,-0.8085938 L 1.2617425,1.0250248 a 0.57143003,0.57143003 0 0 0 -0.8085937,0 0.57143003,0.57143003 0 0 0 0,0.808594 l 4.1679687,4.167969 -4.1679687,4.1679692 a 0.57143003,0.57143003 0 0 0 0,0.80664 0.57143003,0.57143003 0 0 0 0.4042968,0.167969 z&quot;
                fill=&quot;#17224E&quot;
              /&gt;
            &lt;/svg&gt;
            &lt;span
              class=&quot;a-breadcrumb__label last-item&quot;
            &gt;
              New Invoice
            &lt;/span&gt;
          &lt;/span&gt;
        &lt;/div&gt;
      &lt;/div&gt;
      &lt;div
        class=&quot;detail-container&quot;
      &gt;
        &lt;div
          class=&quot;a-layouts&quot;
        &gt;
          &lt;div
            class=&quot;sidebar-inner-container&quot;
          &gt;
            &lt;div
              class=&quot;panel left-panel&quot;
            &gt;
              &lt;div
                class=&quot;a-progress&quot;
              &gt;
                &lt;div
                  class=&quot;a-progress__items completed&quot;
                &gt;
                  &lt;span
                    class=&quot;count&quot;
                  &gt;
                    1
                  &lt;/span&gt;
                  &lt;span
                    class=&quot;label&quot;
                  &gt;
                    New Invoice
                  &lt;/span&gt;
                &lt;/div&gt;
                &lt;span
                  class=&quot;splitter&quot;
                /&gt;
                &lt;div
                  class=&quot;a-progress__items&quot;
                &gt;
                  &lt;span
                    class=&quot;count&quot;
                  &gt;
                    2
                  &lt;/span&gt;
                  &lt;span
                    class=&quot;label&quot;
                  /&gt;
                &lt;/div&gt;
                &lt;span
                  class=&quot;splitter&quot;
                /&gt;
                &lt;div
                  class=&quot;a-progress__items&quot;
                &gt;
                  &lt;span
                    class=&quot;count&quot;
                  &gt;
                    3
                  &lt;/span&gt;
                  &lt;span
                    class=&quot;label&quot;
                  /&gt;
                &lt;/div&gt;
                &lt;span
                  class=&quot;splitter&quot;
                /&gt;
                &lt;div
                  class=&quot;a-progress__items&quot;
                &gt;
                  &lt;span
                    class=&quot;count&quot;
                  &gt;
                    &lt;svg
                      class=&quot;&quot;
                      height=&quot;24px&quot;
                      style=&quot;display: inline-block; vertical-align: middle;&quot;
                      viewBox=&quot;-2 -3 24 24&quot;
                      width=&quot;24px&quot;
                      xmlns=&quot;http://www.w3.org/2000/svg&quot;
                      xmlns:xlink=&quot;http://www.w3.org/1999/xlink&quot;
                    &gt;
                      &lt;path
                        d=&quot;M1.04892 8.20174C0.943259 8.08271 0.79464 8.01053 0.635759 8.00108C0.476878 7.99163 0.32075 8.04568 0.201721 8.15134C0.0826916 8.257 0.0105119 8.40562 0.00106008 8.5645C-0.00839175 8.72338 0.0456585 8.87951 0.151321 8.99854L4.95132 14.3985C5.0056 14.4598 5.07184 14.5094 5.14598 14.5441C5.22012 14.5789 5.30058 14.598 5.38242 14.6005C5.46425 14.603 5.54573 14.5887 5.62183 14.5585C5.69793 14.5283 5.76704 14.4828 5.82492 14.4249L18.4249 1.82494C18.5376 1.71243 18.6009 1.55978 18.6011 1.40056C18.6012 1.24134 18.538 1.0886 18.4255 0.975939C18.313 0.863275 18.1604 0.799917 18.0011 0.799805C17.8419 0.799692 17.6892 0.862833 17.5765 0.975338L5.42412 13.1253L1.04772 8.20174H1.04892Z&quot;
                        fill=&quot;#526FD6&quot;
                      /&gt;
                    &lt;/svg&gt;
                  &lt;/span&gt;
                  &lt;span
                    class=&quot;label&quot;
                  /&gt;
                &lt;/div&gt;
                &lt;span
                  class=&quot;splitter&quot;
                /&gt;
              &lt;/div&gt;
            &lt;/div&gt;
            &lt;div
              class=&quot;panel right-panel&quot;
            &gt;
              &lt;div&gt;
                &lt;div
                  class=&quot;newinvoice_main&quot;
                &gt;
                  &lt;div&gt;
                    &lt;div
                      class=&quot;newinvoice-container&quot;
                    &gt;
                      &lt;div
                        id=&quot;head_sec&quot;
                      &gt;
                        &lt;h3&gt;
                ...
    at waitForWrapper (D:\Thinkpalm\Atlas-Payments-UI\node_modules\@testing-library\dom\dist\wait-for.js:187:27)
    at findByText (D:\Thinkpalm\Atlas-Payments-UI\node_modules\@testing-library\dom\dist\query-helpers.js:101:33)
    at _callee4$ (D:\Thinkpalm\Atlas-Payments-UI\src\layouts\views\NewInvoice\test\index.test.js:131:44)
    at tryCatch (D:\Thinkpalm\Atlas-Payments-UI\node_modules\regenerator-runtime\runtime.js:63:40)
    at Generator.invoke [as _invoke] (D:\Thinkpalm\Atlas-Payments-UI\node_modules\regenerator-runtime\runtime.js:294:22)
    at Generator.next (D:\Thinkpalm\Atlas-Payments-UI\node_modules\regenerator-runtime\runtime.js:119:21)
    at asyncGeneratorStep (D:\Thinkpalm\Atlas-Payments-UI\node_modules\@babel\runtime\helpers\asyncToGenerator.js:3:24)
    at _next (D:\Thinkpalm\Atlas-Payments-UI\node_modules\@babel\runtime\helpers\asyncToGenerator.js:25:9)</failure>
    </testcase>
    <testcase classname="Stepper 2 dropDown Value change stepper 1 then stepper 2 complete and next button" name="Stepper 2 dropDown Value change stepper 1 then stepper 2 complete and next button" time="1.05">
      <failure>Error: Request failed with status code 404
    at createAxiosError (D:\Thinkpalm\Atlas-Payments-UI\node_modules\axios-mock-adapter\src\utils.js:151:15)
    at Object.settle (D:\Thinkpalm\Atlas-Payments-UI\node_modules\axios-mock-adapter\src\utils.js:142:12)
    at handleRequest (D:\Thinkpalm\Atlas-Payments-UI\node_modules\axios-mock-adapter\src\handle_request.js:127:15)
    at D:\Thinkpalm\Atlas-Payments-UI\node_modules\axios-mock-adapter\src\index.js:26:9
    at new Promise (&lt;anonymous&gt;)
    at MockAdapter.&lt;anonymous&gt; (D:\Thinkpalm\Atlas-Payments-UI\node_modules\axios-mock-adapter\src\index.js:25:14)
    at dispatchRequest (D:\Thinkpalm\Atlas-Payments-UI\node_modules\axios\lib\core\dispatchRequest.js:58:10)
    at Axios.request (D:\Thinkpalm\Atlas-Payments-UI\node_modules\axios\lib\core\Axios.js:108:15)
    at Axios.&lt;computed&gt; [as get] (D:\Thinkpalm\Atlas-Payments-UI\node_modules\axios\lib\core\Axios.js:129:17)
    at Function.get (D:\Thinkpalm\Atlas-Payments-UI\node_modules\axios\lib\helpers\bind.js:9:15)
    at productFun (D:\Thinkpalm\Atlas-Payments-UI\src\layouts\views\NewInvoice\ProductInvoiceCreation.tsx:40:15)
    at D:\Thinkpalm\Atlas-Payments-UI\src\layouts\views\NewInvoice\ProductInvoiceCreation.tsx:34:9
    at invokePassiveEffectCreate (D:\Thinkpalm\Atlas-Payments-UI\node_modules\react-dom\cjs\react-dom.development.js:23487:20)
    at HTMLUnknownElement.callCallback (D:\Thinkpalm\Atlas-Payments-UI\node_modules\react-dom\cjs\react-dom.development.js:3945:14)
    at HTMLUnknownElement.callTheUserObjectsOperation (D:\Thinkpalm\Atlas-Payments-UI\node_modules\jsdom\lib\jsdom\living\generated\EventListener.js:26:30)
    at innerInvokeEventListeners (D:\Thinkpalm\Atlas-Payments-UI\node_modules\jsdom\lib\jsdom\living\events\EventTarget-impl.js:338:25)
    at invokeEventListeners (D:\Thinkpalm\Atlas-Payments-UI\node_modules\jsdom\lib\jsdom\living\events\EventTarget-impl.js:274:3)
    at HTMLUnknownElementImpl._dispatch (D:\Thinkpalm\Atlas-Payments-UI\node_modules\jsdom\lib\jsdom\living\events\EventTarget-impl.js:221:9)
    at HTMLUnknownElementImpl.dispatchEvent (D:\Thinkpalm\Atlas-Payments-UI\node_modules\jsdom\lib\jsdom\living\events\EventTarget-impl.js:94:17)
    at HTMLUnknownElement.dispatchEvent (D:\Thinkpalm\Atlas-Payments-UI\node_modules\jsdom\lib\jsdom\living\generated\EventTarget.js:231:34)
    at Object.invokeGuardedCallbackDev (D:\Thinkpalm\Atlas-Payments-UI\node_modules\react-dom\cjs\react-dom.development.js:3994:16)
    at invokeGuardedCallback (D:\Thinkpalm\Atlas-Payments-UI\node_modules\react-dom\cjs\react-dom.development.js:4056:31)
    at flushPassiveEffectsImpl (D:\Thinkpalm\Atlas-Payments-UI\node_modules\react-dom\cjs\react-dom.development.js:23574:9)
    at unstable_runWithPriority (D:\Thinkpalm\Atlas-Payments-UI\node_modules\scheduler\cjs\scheduler.development.js:468:12)
    at runWithPriority$1 (D:\Thinkpalm\Atlas-Payments-UI\node_modules\react-dom\cjs\react-dom.development.js:11276:10)
    at flushPassiveEffects (D:\Thinkpalm\Atlas-Payments-UI\node_modules\react-dom\cjs\react-dom.development.js:23447:14)
    at performSyncWorkOnRoot (D:\Thinkpalm\Atlas-Payments-UI\node_modules\react-dom\cjs\react-dom.development.js:22269:3)
    at D:\Thinkpalm\Atlas-Payments-UI\node_modules\react-dom\cjs\react-dom.development.js:11327:26
    at unstable_runWithPriority (D:\Thinkpalm\Atlas-Payments-UI\node_modules\scheduler\cjs\scheduler.development.js:468:12)
    at runWithPriority$1 (D:\Thinkpalm\Atlas-Payments-UI\node_modules\react-dom\cjs\react-dom.development.js:11276:10)
    at flushSyncCallbackQueueImpl (D:\Thinkpalm\Atlas-Payments-UI\node_modules\react-dom\cjs\react-dom.development.js:11322:9)
    at flushSyncCallbackQueue (D:\Thinkpalm\Atlas-Payments-UI\node_modules\react-dom\cjs\react-dom.development.js:11309:3)
    at batchedUpdates$1 (D:\Thinkpalm\Atlas-Payments-UI\node_modules\react-dom\cjs\react-dom.development.js:22387:7)
    at act (D:\Thinkpalm\Atlas-Payments-UI\node_modules\react-dom\cjs\react-dom-test-utils.development.js:1042:14)
    at render (D:\Thinkpalm\Atlas-Payments-UI\node_modules\@testing-library\react\dist\pure.js:97:26)
    at _callee5$ (D:\Thinkpalm\Atlas-Payments-UI\src\layouts\views\NewInvoice\test\index.test.js:157:5)
    at tryCatch (D:\Thinkpalm\Atlas-Payments-UI\node_modules\regenerator-runtime\runtime.js:63:40)
    at Generator.invoke [as _invoke] (D:\Thinkpalm\Atlas-Payments-UI\node_modules\regenerator-runtime\runtime.js:294:22)
    at Generator.next (D:\Thinkpalm\Atlas-Payments-UI\node_modules\regenerator-runtime\runtime.js:119:21)
    at asyncGeneratorStep (D:\Thinkpalm\Atlas-Payments-UI\node_modules\@babel\runtime\helpers\asyncToGenerator.js:3:24)
    at _next (D:\Thinkpalm\Atlas-Payments-UI\node_modules\@babel\runtime\helpers\asyncToGenerator.js:25:9)
    at D:\Thinkpalm\Atlas-Payments-UI\node_modules\@babel\runtime\helpers\asyncToGenerator.js:32:7
    at new Promise (&lt;anonymous&gt;)
[...]
    at runTestInternal (D:\Thinkpalm\Atlas-Payments-UI\node_modules\jest-runner\build\runTest.js:389:16)
    at runTest (D:\Thinkpalm\Atlas-Payments-UI\node_modules\jest-runner\build\runTest.js:475:34)
    at Object.worker (D:\Thinkpalm\Atlas-Payments-UI\node_modules\jest-runner\build\testWorker.js:133:12)</failure>
      <failure>Error: Request failed with status code 404
    at createAxiosError (D:\Thinkpalm\Atlas-Payments-UI\node_modules\axios-mock-adapter\src\utils.js:151:15)
    at Object.settle (D:\Thinkpalm\Atlas-Payments-UI\node_modules\axios-mock-adapter\src\utils.js:142:12)
    at handleRequest (D:\Thinkpalm\Atlas-Payments-UI\node_modules\axios-mock-adapter\src\handle_request.js:127:15)
    at D:\Thinkpalm\Atlas-Payments-UI\node_modules\axios-mock-adapter\src\index.js:26:9
    at new Promise (&lt;anonymous&gt;)
    at MockAdapter.&lt;anonymous&gt; (D:\Thinkpalm\Atlas-Payments-UI\node_modules\axios-mock-adapter\src\index.js:25:14)
    at dispatchRequest (D:\Thinkpalm\Atlas-Payments-UI\node_modules\axios\lib\core\dispatchRequest.js:58:10)
    at Axios.request (D:\Thinkpalm\Atlas-Payments-UI\node_modules\axios\lib\core\Axios.js:108:15)
    at Axios.&lt;computed&gt; [as get] (D:\Thinkpalm\Atlas-Payments-UI\node_modules\axios\lib\core\Axios.js:129:17)
    at Function.get (D:\Thinkpalm\Atlas-Payments-UI\node_modules\axios\lib\helpers\bind.js:9:15)
    at countryFun (D:\Thinkpalm\Atlas-Payments-UI\src\layouts\views\NewInvoice\ProductInvoiceCreation.tsx:52:15)
    at D:\Thinkpalm\Atlas-Payments-UI\src\layouts\views\NewInvoice\ProductInvoiceCreation.tsx:35:9
    at invokePassiveEffectCreate (D:\Thinkpalm\Atlas-Payments-UI\node_modules\react-dom\cjs\react-dom.development.js:23487:20)
    at HTMLUnknownElement.callCallback (D:\Thinkpalm\Atlas-Payments-UI\node_modules\react-dom\cjs\react-dom.development.js:3945:14)
    at HTMLUnknownElement.callTheUserObjectsOperation (D:\Thinkpalm\Atlas-Payments-UI\node_modules\jsdom\lib\jsdom\living\generated\EventListener.js:26:30)
    at innerInvokeEventListeners (D:\Thinkpalm\Atlas-Payments-UI\node_modules\jsdom\lib\jsdom\living\events\EventTarget-impl.js:338:25)
    at invokeEventListeners (D:\Thinkpalm\Atlas-Payments-UI\node_modules\jsdom\lib\jsdom\living\events\EventTarget-impl.js:274:3)
    at HTMLUnknownElementImpl._dispatch (D:\Thinkpalm\Atlas-Payments-UI\node_modules\jsdom\lib\jsdom\living\events\EventTarget-impl.js:221:9)
    at HTMLUnknownElementImpl.dispatchEvent (D:\Thinkpalm\Atlas-Payments-UI\node_modules\jsdom\lib\jsdom\living\events\EventTarget-impl.js:94:17)
    at HTMLUnknownElement.dispatchEvent (D:\Thinkpalm\Atlas-Payments-UI\node_modules\jsdom\lib\jsdom\living\generated\EventTarget.js:231:34)
    at Object.invokeGuardedCallbackDev (D:\Thinkpalm\Atlas-Payments-UI\node_modules\react-dom\cjs\react-dom.development.js:3994:16)
    at invokeGuardedCallback (D:\Thinkpalm\Atlas-Payments-UI\node_modules\react-dom\cjs\react-dom.development.js:4056:31)
    at flushPassiveEffectsImpl (D:\Thinkpalm\Atlas-Payments-UI\node_modules\react-dom\cjs\react-dom.development.js:23574:9)
    at unstable_runWithPriority (D:\Thinkpalm\Atlas-Payments-UI\node_modules\scheduler\cjs\scheduler.development.js:468:12)
    at runWithPriority$1 (D:\Thinkpalm\Atlas-Payments-UI\node_modules\react-dom\cjs\react-dom.development.js:11276:10)
    at flushPassiveEffects (D:\Thinkpalm\Atlas-Payments-UI\node_modules\react-dom\cjs\react-dom.development.js:23447:14)
    at performSyncWorkOnRoot (D:\Thinkpalm\Atlas-Payments-UI\node_modules\react-dom\cjs\react-dom.development.js:22269:3)
    at D:\Thinkpalm\Atlas-Payments-UI\node_modules\react-dom\cjs\react-dom.development.js:11327:26
    at unstable_runWithPriority (D:\Thinkpalm\Atlas-Payments-UI\node_modules\scheduler\cjs\scheduler.development.js:468:12)
    at runWithPriority$1 (D:\Thinkpalm\Atlas-Payments-UI\node_modules\react-dom\cjs\react-dom.development.js:11276:10)
    at flushSyncCallbackQueueImpl (D:\Thinkpalm\Atlas-Payments-UI\node_modules\react-dom\cjs\react-dom.development.js:11322:9)
    at flushSyncCallbackQueue (D:\Thinkpalm\Atlas-Payments-UI\node_modules\react-dom\cjs\react-dom.development.js:11309:3)
    at batchedUpdates$1 (D:\Thinkpalm\Atlas-Payments-UI\node_modules\react-dom\cjs\react-dom.development.js:22387:7)
    at act (D:\Thinkpalm\Atlas-Payments-UI\node_modules\react-dom\cjs\react-dom-test-utils.development.js:1042:14)
    at render (D:\Thinkpalm\Atlas-Payments-UI\node_modules\@testing-library\react\dist\pure.js:97:26)
    at _callee16$ (D:\Thinkpalm\Atlas-Payments-UI\src\layouts\views\NewInvoice\test\index.test.js:603:5)
    at tryCatch (D:\Thinkpalm\Atlas-Payments-UI\node_modules\regenerator-runtime\runtime.js:63:40)
    at Generator.invoke [as _invoke] (D:\Thinkpalm\Atlas-Payments-UI\node_modules\regenerator-runtime\runtime.js:294:22)
    at Generator.next (D:\Thinkpalm\Atlas-Payments-UI\node_modules\regenerator-runtime\runtime.js:119:21)
    at asyncGeneratorStep (D:\Thinkpalm\Atlas-Payments-UI\node_modules\@babel\runtime\helpers\asyncToGenerator.js:3:24)
    at _next (D:\Thinkpalm\Atlas-Payments-UI\node_modules\@babel\runtime\helpers\asyncToGenerator.js:25:9)
    at D:\Thinkpalm\Atlas-Payments-UI\node_modules\@babel\runtime\helpers\asyncToGenerator.js:32:7
    at new Promise (&lt;anonymous&gt;)
    at Object.&lt;anonymous&gt; (D:\Thinkpalm\Atlas-Payments-UI\node_modules\@babel\runtime\helpers\asyncToGenerator.js:21:12)
    at Promise.then.completed (D:\Thinkpalm\Atlas-Payments-UI\node_modules\jest-circus\build\utils.js:391:28)
    at new Promise (&lt;anonymous&gt;)
    at callAsyncCircusFn (D:\Thinkpalm\Atlas-Payments-UI\node_modules\jest-circus\build\utils.js:316:10)
    at _callCircusTest (D:\Thinkpalm\Atlas-Payments-UI\node_modules\jest-circus\build\run.js:218:40)
    at _runTest (D:\Thinkpalm\Atlas-Payments-UI\node_modules\jest-circus\build\run.js:155:3)
    at _runTestsForDescribeBlock (D:\Thinkpalm\Atlas-Payments-UI\node_modules\jest-circus\build\run.js:66:9)
    at _runTestsForDescribeBlock (D:\Thinkpalm\Atlas-Payments-UI\node_modules\jest-circus\build\run.js:60:9)
    at run (D:\Thinkpalm\Atlas-Payments-UI\node_modules\jest-circus\build\run.js:25:3)
    at runAndTransformResultsToJestFormat (D:\Thinkpalm\Atlas-Payments-UI\node_modules\jest-circus\build\legacy-code-todo-rewrite\jestAdapterInit.js:170:21)
    at jestAdapter (D:\Thinkpalm\Atlas-Payments-UI\node_modules\jest-circus\build\legacy-code-todo-rewrite\jestAdapter.js:82:19)
    at runTestInternal (D:\Thinkpalm\Atlas-Payments-UI\node_modules\jest-runner\build\runTest.js:389:16)
    at runTest (D:\Thinkpalm\Atlas-Payments-UI\node_modules\jest-runner\build\runTest.js:475:34)
    at Object.worker (D:\Thinkpalm\Atlas-Payments-UI\node_modules\jest-runner\build\testWorker.js:133:12)</failure>
    </testcase>
    <testcase classname="Test case for ProductInvoice Country dropdown open" name="Test case for ProductInvoice Country dropdown open" time="0.039">
      <failure>Error: Request failed with status code 404
    at createAxiosError (D:\Thinkpalm\Atlas-Payments-UI\node_modules\axios-mock-adapter\src\utils.js:151:15)
    at Object.settle (D:\Thinkpalm\Atlas-Payments-UI\node_modules\axios-mock-adapter\src\utils.js:142:12)
    at handleRequest (D:\Thinkpalm\Atlas-Payments-UI\node_modules\axios-mock-adapter\src\handle_request.js:127:15)
    at D:\Thinkpalm\Atlas-Payments-UI\node_modules\axios-mock-adapter\src\index.js:26:9
    at new Promise (&lt;anonymous&gt;)
    at MockAdapter.&lt;anonymous&gt; (D:\Thinkpalm\Atlas-Payments-UI\node_modules\axios-mock-adapter\src\index.js:25:14)
    at dispatchRequest (D:\Thinkpalm\Atlas-Payments-UI\node_modules\axios\lib\core\dispatchRequest.js:58:10)
    at Axios.request (D:\Thinkpalm\Atlas-Payments-UI\node_modules\axios\lib\core\Axios.js:108:15)
    at Axios.&lt;computed&gt; [as get] (D:\Thinkpalm\Atlas-Payments-UI\node_modules\axios\lib\core\Axios.js:129:17)
    at Function.get (D:\Thinkpalm\Atlas-Payments-UI\node_modules\axios\lib\helpers\bind.js:9:15)
    at productFun (D:\Thinkpalm\Atlas-Payments-UI\src\layouts\views\NewInvoice\ProductInvoiceCreation.tsx:40:15)
    at D:\Thinkpalm\Atlas-Payments-UI\src\layouts\views\NewInvoice\ProductInvoiceCreation.tsx:34:9
    at invokePassiveEffectCreate (D:\Thinkpalm\Atlas-Payments-UI\node_modules\react-dom\cjs\react-dom.development.js:23487:20)
    at HTMLUnknownElement.callCallback (D:\Thinkpalm\Atlas-Payments-UI\node_modules\react-dom\cjs\react-dom.development.js:3945:14)
    at HTMLUnknownElement.callTheUserObjectsOperation (D:\Thinkpalm\Atlas-Payments-UI\node_modules\jsdom\lib\jsdom\living\generated\EventListener.js:26:30)
    at innerInvokeEventListeners (D:\Thinkpalm\Atlas-Payments-UI\node_modules\jsdom\lib\jsdom\living\events\EventTarget-impl.js:338:25)
    at invokeEventListeners (D:\Thinkpalm\Atlas-Payments-UI\node_modules\jsdom\lib\jsdom\living\events\EventTarget-impl.js:274:3)
    at HTMLUnknownElementImpl._dispatch (D:\Thinkpalm\Atlas-Payments-UI\node_modules\jsdom\lib\jsdom\living\events\EventTarget-impl.js:221:9)
    at HTMLUnknownElementImpl.dispatchEvent (D:\Thinkpalm\Atlas-Payments-UI\node_modules\jsdom\lib\jsdom\living\events\EventTarget-impl.js:94:17)
    at HTMLUnknownElement.dispatchEvent (D:\Thinkpalm\Atlas-Payments-UI\node_modules\jsdom\lib\jsdom\living\generated\EventTarget.js:231:34)
    at Object.invokeGuardedCallbackDev (D:\Thinkpalm\Atlas-Payments-UI\node_modules\react-dom\cjs\react-dom.development.js:3994:16)
    at invokeGuardedCallback (D:\Thinkpalm\Atlas-Payments-UI\node_modules\react-dom\cjs\react-dom.development.js:4056:31)
    at flushPassiveEffectsImpl (D:\Thinkpalm\Atlas-Payments-UI\node_modules\react-dom\cjs\react-dom.development.js:23574:9)
    at unstable_runWithPriority (D:\Thinkpalm\Atlas-Payments-UI\node_modules\scheduler\cjs\scheduler.development.js:468:12)
    at runWithPriority$1 (D:\Thinkpalm\Atlas-Payments-UI\node_modules\react-dom\cjs\react-dom.development.js:11276:10)
    at flushPassiveEffects (D:\Thinkpalm\Atlas-Payments-UI\node_modules\react-dom\cjs\react-dom.development.js:23447:14)
    at performSyncWorkOnRoot (D:\Thinkpalm\Atlas-Payments-UI\node_modules\react-dom\cjs\react-dom.development.js:22269:3)
    at D:\Thinkpalm\Atlas-Payments-UI\node_modules\react-dom\cjs\react-dom.development.js:11327:26
    at unstable_runWithPriority (D:\Thinkpalm\Atlas-Payments-UI\node_modules\scheduler\cjs\scheduler.development.js:468:12)
    at runWithPriority$1 (D:\Thinkpalm\Atlas-Payments-UI\node_modules\react-dom\cjs\react-dom.development.js:11276:10)
    at flushSyncCallbackQueueImpl (D:\Thinkpalm\Atlas-Payments-UI\node_modules\react-dom\cjs\react-dom.development.js:11322:9)
    at flushSyncCallbackQueue (D:\Thinkpalm\Atlas-Payments-UI\node_modules\react-dom\cjs\react-dom.development.js:11309:3)
    at batchedUpdates$1 (D:\Thinkpalm\Atlas-Payments-UI\node_modules\react-dom\cjs\react-dom.development.js:22387:7)
    at act (D:\Thinkpalm\Atlas-Payments-UI\node_modules\react-dom\cjs\react-dom-test-utils.development.js:1042:14)
    at render (D:\Thinkpalm\Atlas-Payments-UI\node_modules\@testing-library\react\dist\pure.js:97:26)
    at _callee17$ (D:\Thinkpalm\Atlas-Payments-UI\src\layouts\views\NewInvoice\test\index.test.js:614:5)
    at tryCatch (D:\Thinkpalm\Atlas-Payments-UI\node_modules\regenerator-runtime\runtime.js:63:40)
    at Generator.invoke [as _invoke] (D:\Thinkpalm\Atlas-Payments-UI\node_modules\regenerator-runtime\runtime.js:294:22)
    at Generator.next (D:\Thinkpalm\Atlas-Payments-UI\node_modules\regenerator-runtime\runtime.js:119:21)
    at asyncGeneratorStep (D:\Thinkpalm\Atlas-Payments-UI\node_modules\@babel\runtime\helpers\asyncToGenerator.js:3:24)
    at _next (D:\Thinkpalm\Atlas-Payments-UI\node_modules\@babel\runtime\helpers\asyncToGenerator.js:25:9)
    at D:\Thinkpalm\Atlas-Payments-UI\node_modules\@babel\runtime\helpers\asyncToGenerator.js:32:7
    at new Promise (&lt;anonymous&gt;)
    at Object.&lt;anonymous&gt; (D:\Thinkpalm\Atlas-Payments-UI\node_modules\@babel\runtime\helpers\asyncToGenerator.js:21:12)
    at Promise.then.completed (D:\Thinkpalm\Atlas-Payments-UI\node_modules\jest-circus\build\utils.js:391:28)
    at new Promise (&lt;anonymous&gt;)
    at callAsyncCircusFn (D:\Thinkpalm\Atlas-Payments-UI\node_modules\jest-circus\build\utils.js:316:10)
    at _callCircusTest (D:\Thinkpalm\Atlas-Payments-UI\node_modules\jest-circus\build\run.js:218:40)
    at _runTest (D:\Thinkpalm\Atlas-Payments-UI\node_modules\jest-circus\build\run.js:155:3)
    at _runTestsForDescribeBlock (D:\Thinkpalm\Atlas-Payments-UI\node_modules\jest-circus\build\run.js:66:9)
    at _runTestsForDescribeBlock (D:\Thinkpalm\Atlas-Payments-UI\node_modules\jest-circus\build\run.js:60:9)
    at run (D:\Thinkpalm\Atlas-Payments-UI\node_modules\jest-circus\build\run.js:25:3)
    at runAndTransformResultsToJestFormat (D:\Thinkpalm\Atlas-Payments-UI\node_modules\jest-circus\build\legacy-code-todo-rewrite\jestAdapterInit.js:170:21)
    at jestAdapter (D:\Thinkpalm\Atlas-Payments-UI\node_modules\jest-circus\build\legacy-code-todo-rewrite\jestAdapter.js:82:19)
    at runTestInternal (D:\Thinkpalm\Atlas-Payments-UI\node_modules\jest-runner\build\runTest.js:389:16)
    at runTest (D:\Thinkpalm\Atlas-Payments-UI\node_modules\jest-runner\build\runTest.js:475:34)
    at Object.worker (D:\Thinkpalm\Atlas-Payments-UI\node_modules\jest-runner\build\testWorker.js:133:12)</failure>
      <failure>Error: Request failed with status code 404
    at createAxiosError (D:\Thinkpalm\Atlas-Payments-UI\node_modules\axios-mock-adapter\src\utils.js:151:15)
    at Object.settle (D:\Thinkpalm\Atlas-Payments-UI\node_modules\axios-mock-adapter\src\utils.js:142:12)
    at handleRequest (D:\Thinkpalm\Atlas-Payments-UI\node_modules\axios-mock-adapter\src\handle_request.js:127:15)
    at D:\Thinkpalm\Atlas-Payments-UI\node_modules\axios-mock-adapter\src\index.js:26:9
    at new Promise (&lt;anonymous&gt;)
    at MockAdapter.&lt;anonymous&gt; (D:\Thinkpalm\Atlas-Payments-UI\node_modules\axios-mock-adapter\src\index.js:25:14)
    at dispatchRequest (D:\Thinkpalm\Atlas-Payments-UI\node_modules\axios\lib\core\dispatchRequest.js:58:10)
    at Axios.request (D:\Thinkpalm\Atlas-Payments-UI\node_modules\axios\lib\core\Axios.js:108:15)
    at Axios.&lt;computed&gt; [as get] (D:\Thinkpalm\Atlas-Payments-UI\node_modules\axios\lib\core\Axios.js:129:17)
    at Function.get (D:\Thinkpalm\Atlas-Payments-UI\node_modules\axios\lib\helpers\bind.js:9:15)
    at countryFun (D:\Thinkpalm\Atlas-Payments-UI\src\layouts\views\NewInvoice\ProductInvoiceCreation.tsx:52:15)
    at D:\Thinkpalm\Atlas-Payments-UI\src\layouts\views\NewInvoice\ProductInvoiceCreation.tsx:35:9
    at invokePassiveEffectCreate (D:\Thinkpalm\Atlas-Payments-UI\node_modules\react-dom\cjs\react-dom.development.js:23487:20)
    at HTMLUnknownElement.callCallback (D:\Thinkpalm\Atlas-Payments-UI\node_modules\react-dom\cjs\react-dom.development.js:3945:14)
    at HTMLUnknownElement.callTheUserObjectsOperation (D:\Thinkpalm\Atlas-Payments-UI\node_modules\jsdom\lib\jsdom\living\generated\EventListener.js:26:30)
    at innerInvokeEventListeners (D:\Thinkpalm\Atlas-Payments-UI\node_modules\jsdom\lib\jsdom\living\events\EventTarget-impl.js:338:25)
    at invokeEventListeners (D:\Thinkpalm\Atlas-Payments-UI\node_modules\jsdom\lib\jsdom\living\events\EventTarget-impl.js:274:3)
    at HTMLUnknownElementImpl._dispatch (D:\Thinkpalm\Atlas-Payments-UI\node_modules\jsdom\lib\jsdom\living\events\EventTarget-impl.js:221:9)
    at HTMLUnknownElementImpl.dispatchEvent (D:\Thinkpalm\Atlas-Payments-UI\node_modules\jsdom\lib\jsdom\living\events\EventTarget-impl.js:94:17)
    at HTMLUnknownElement.dispatchEvent (D:\Thinkpalm\Atlas-Payments-UI\node_modules\jsdom\lib\jsdom\living\generated\EventTarget.js:231:34)
    at Object.invokeGuardedCallbackDev (D:\Thinkpalm\Atlas-Payments-UI\node_modules\react-dom\cjs\react-dom.development.js:3994:16)
    at invokeGuardedCallback (D:\Thinkpalm\Atlas-Payments-UI\node_modules\react-dom\cjs\react-dom.development.js:4056:31)
    at flushPassiveEffectsImpl (D:\Thinkpalm\Atlas-Payments-UI\node_modules\react-dom\cjs\react-dom.development.js:23574:9)
    at unstable_runWithPriority (D:\Thinkpalm\Atlas-Payments-UI\node_modules\scheduler\cjs\scheduler.development.js:468:12)
    at runWithPriority$1 (D:\Thinkpalm\Atlas-Payments-UI\node_modules\react-dom\cjs\react-dom.development.js:11276:10)
    at flushPassiveEffects (D:\Thinkpalm\Atlas-Payments-UI\node_modules\react-dom\cjs\react-dom.development.js:23447:14)
    at performSyncWorkOnRoot (D:\Thinkpalm\Atlas-Payments-UI\node_modules\react-dom\cjs\react-dom.development.js:22269:3)
    at D:\Thinkpalm\Atlas-Payments-UI\node_modules\react-dom\cjs\react-dom.development.js:11327:26
    at unstable_runWithPriority (D:\Thinkpalm\Atlas-Payments-UI\node_modules\scheduler\cjs\scheduler.development.js:468:12)
    at runWithPriority$1 (D:\Thinkpalm\Atlas-Payments-UI\node_modules\react-dom\cjs\react-dom.development.js:11276:10)
    at flushSyncCallbackQueueImpl (D:\Thinkpalm\Atlas-Payments-UI\node_modules\react-dom\cjs\react-dom.development.js:11322:9)
    at flushSyncCallbackQueue (D:\Thinkpalm\Atlas-Payments-UI\node_modules\react-dom\cjs\react-dom.development.js:11309:3)
    at batchedUpdates$1 (D:\Thinkpalm\Atlas-Payments-UI\node_modules\react-dom\cjs\react-dom.development.js:22387:7)
    at act (D:\Thinkpalm\Atlas-Payments-UI\node_modules\react-dom\cjs\react-dom-test-utils.development.js:1042:14)
    at render (D:\Thinkpalm\Atlas-Payments-UI\node_modules\@testing-library\react\dist\pure.js:97:26)
    at _callee17$ (D:\Thinkpalm\Atlas-Payments-UI\src\layouts\views\NewInvoice\test\index.test.js:614:5)
    at tryCatch (D:\Thinkpalm\Atlas-Payments-UI\node_modules\regenerator-runtime\runtime.js:63:40)
    at Generator.invoke [as _invoke] (D:\Thinkpalm\Atlas-Payments-UI\node_modules\regenerator-runtime\runtime.js:294:22)
    at Generator.next (D:\Thinkpalm\Atlas-Payments-UI\node_modules\regenerator-runtime\runtime.js:119:21)
    at asyncGeneratorStep (D:\Thinkpalm\Atlas-Payments-UI\node_modules\@babel\runtime\helpers\asyncToGenerator.js:3:24)
    at _next (D:\Thinkpalm\Atlas-Payments-UI\node_modules\@babel\runtime\helpers\asyncToGenerator.js:25:9)
    at D:\Thinkpalm\Atlas-Payments-UI\node_modules\@babel\runtime\helpers\asyncToGenerator.js:32:7
    at new Promise (&lt;anonymous&gt;)
    at Object.&lt;anonymous&gt; (D:\Thinkpalm\Atlas-Payments-UI\node_modules\@babel\runtime\helpers\asyncToGenerator.js:21:12)
    at Promise.then.completed (D:\Thinkpalm\Atlas-Payments-UI\node_modules\jest-circus\build\utils.js:391:28)
    at new Promise (&lt;anonymous&gt;)
    at callAsyncCircusFn (D:\Thinkpalm\Atlas-Payments-UI\node_modules\jest-circus\build\utils.js:316:10)
    at _callCircusTest (D:\Thinkpalm\Atlas-Payments-UI\node_modules\jest-circus\build\run.js:218:40)
    at _runTest (D:\Thinkpalm\Atlas-Payments-UI\node_modules\jest-circus\build\run.js:155:3)
    at _runTestsForDescribeBlock (D:\Thinkpalm\Atlas-Payments-UI\node_modules\jest-circus\build\run.js:66:9)
    at _runTestsForDescribeBlock (D:\Thinkpalm\Atlas-Payments-UI\node_modules\jest-circus\build\run.js:60:9)
    at run (D:\Thinkpalm\Atlas-Payments-UI\node_modules\jest-circus\build\run.js:25:3)
    at runAndTransformResultsToJestFormat (D:\Thinkpalm\Atlas-Payments-UI\node_modules\jest-circus\build\legacy-code-todo-rewrite\jestAdapterInit.js:170:21)
    at jestAdapter (D:\Thinkpalm\Atlas-Payments-UI\node_modules\jest-circus\build\legacy-code-todo-rewrite\jestAdapter.js:82:19)
    at runTestInternal (D:\Thinkpalm\Atlas-Payments-UI\node_modules\jest-runner\build\runTest.js:389:16)
    at runTest (D:\Thinkpalm\Atlas-Payments-UI\node_modules\jest-runner\build\runTest.js:475:34)
    at Object.worker (D:\Thinkpalm\Atlas-Payments-UI\node_modules\jest-runner\build\testWorker.js:133:12)</failure>
    </testcase>
  </testsuite>
</testsuites>