<?xml version="1.0" encoding="UTF-8"?>
<testsuites name="jest tests" tests="78" failures="23" errors="0" time="38.114">
  <testsuite name="Bills Table" errors="0" failures="0" skipped="0" timestamp="2022-05-26T09:42:15" time="12.609" tests="1">
    <testcase classname="Bills Table Render" name="Bills Table Render" time="0.705">
    </testcase>
  </testsuite>
  <testsuite name="Credit Memo Summary" errors="0" failures="0" skipped="0" timestamp="2022-05-26T09:42:15" time="13.795" tests="2">
    <testcase classname="Credit Memo Summary Render CM" name="Credit Memo Summary Render CM" time="1.069">
    </testcase>
    <testcase classname="Notes fail Render CM" name="Notes fail Render CM" time="0.352">
    </testcase>
  </testsuite>
  <testsuite name="client view" errors="0" failures="0" skipped="0" timestamp="2022-05-26T09:42:15" time="20.885" tests="17">
    <testcase classname="client view Datepicker dropdowns clickoutside clickable" name="client view Datepicker dropdowns clickoutside clickable" time="1.589">
    </testcase>
    <testcase classname="client view Datepicker dropdowns today clickable" name="client view Datepicker dropdowns today clickable" time="0.486">
    </testcase>
    <testcase classname="client view Datepicker dropdowns Yesterday clickable" name="client view Datepicker dropdowns Yesterday clickable" time="0.353">
    </testcase>
    <testcase classname="client view Datepicker dropdowns This Week clickable" name="client view Datepicker dropdowns This Week clickable" time="0.264">
    </testcase>
    <testcase classname="client view Datepicker dropdowns This Month clickable" name="client view Datepicker dropdowns This Month clickable" time="0.273">
    </testcase>
    <testcase classname="client view Datepicker dropdowns This Quarter clickable" name="client view Datepicker dropdowns This Quarter clickable" time="0.31">
    </testcase>
    <testcase classname="client view Datepicker dropdowns This Year clickable" name="client view Datepicker dropdowns This Year clickable" time="0.325">
    </testcase>
    <testcase classname="client view table row clickable" name="client view table row clickable" time="0.263">
    </testcase>
    <testcase classname="client view Status clickable" name="client view Status clickable" time="0.319">
    </testcase>
    <testcase classname="client view Type clickable" name="client view Type clickable" time="0.325">
    </testcase>
    <testcase classname="client view Clear filters clickable" name="client view Clear filters clickable" time="0.363">
    </testcase>
    <testcase classname="client view search" name="client view search" time="0.317">
    </testcase>
    <testcase classname="checkbox and download checkbox and download are clickable in client view" name="checkbox and download checkbox and download are clickable in client view" time="0.558">
    </testcase>
    <testcase classname="checkbox and download checkbox and download are clickable in internal view" name="checkbox and download checkbox and download are clickable in internal view" time="0.179">
    </testcase>
    <testcase classname="checkbox and download checkbox and download are clickable in client view and searched view" name="checkbox and download checkbox and download are clickable in client view and searched view" time="0.496">
    </testcase>
    <testcase classname="Internal View Download click and checkbox Click table row clickable" name="Internal View Download click and checkbox Click table row clickable" time="0.591">
    </testcase>
    <testcase classname="Internal View Download click for single invoice  api fail Click table row clickable" name="Internal View Download click for single invoice  api fail Click table row clickable" time="0.558">
    </testcase>
  </testsuite>
  <testsuite name="undefined" errors="0" failures="0" skipped="0" timestamp="2022-05-26T09:42:15" time="21.363" tests="1">
    <testcase classname=" renders learn react link" name=" renders learn react link" time="0.578">
    </testcase>
  </testsuite>
  <testsuite name="New Invoice" errors="0" failures="23" skipped="0" timestamp="2022-05-26T09:42:15" time="28.272" tests="29">
    <testcase classname="New Invoice breadcumbs are working" name="New Invoice breadcumbs are working" time="0.723">
    </testcase>
    <testcase classname="New Invoice dropDown Value change stepper 1" name="New Invoice dropDown Value change stepper 1" time="0.53">
      <failure>Error: Unable to fire a &quot;click&quot; event - please provide a DOM element.
    at createEvent (C:\Projects\New folder\Atlas-Payments-UI\node_modules\@testing-library\dom\dist\events.js:34:11)
    at Function.createEvent.&lt;computed&gt; [as click] (C:\Projects\New folder\Atlas-Payments-UI\node_modules\@testing-library\dom\dist\events.js:120:38)
    at Function.fireEvent.&lt;computed&gt; [as click] (C:\Projects\New folder\Atlas-Payments-UI\node_modules\@testing-library\dom\dist\events.js:125:68)
    at Function.click (C:\Projects\New folder\Atlas-Payments-UI\node_modules\@testing-library\react\dist\fire-event.js:18:52)
    at _callee2$ (C:\Projects\New folder\Atlas-Payments-UI\src\layouts\views\NewInvoice\test\index.test.js:100:15)
    at tryCatch (C:\Projects\New folder\Atlas-Payments-UI\node_modules\regenerator-runtime\runtime.js:63:40)
    at Generator.invoke [as _invoke] (C:\Projects\New folder\Atlas-Payments-UI\node_modules\regenerator-runtime\runtime.js:294:22)
    at Generator.next (C:\Projects\New folder\Atlas-Payments-UI\node_modules\regenerator-runtime\runtime.js:119:21)
    at asyncGeneratorStep (C:\Projects\New folder\Atlas-Payments-UI\node_modules\@babel\runtime\helpers\asyncToGenerator.js:3:24)
    at _next (C:\Projects\New folder\Atlas-Payments-UI\node_modules\@babel\runtime\helpers\asyncToGenerator.js:25:9)</failure>
    </testcase>
    <testcase classname="step one getCustomer api fail  dropDown Value change" name="step one getCustomer api fail  dropDown Value change" time="0.181">
    </testcase>
    <testcase classname="step one getCOuntry api fail dropDown Value change" name="step one getCOuntry api fail dropDown Value change" time="0.208">
    </testcase>
    <testcase classname="Stepper 2 dropDown Value change stepper 1 then stepper 2 complete and next button" name="Stepper 2 dropDown Value change stepper 1 then stepper 2 complete and next button" time="0.333">
      <failure>Error: Unable to fire a &quot;click&quot; event - please provide a DOM element.
    at createEvent (C:\Projects\New folder\Atlas-Payments-UI\node_modules\@testing-library\dom\dist\events.js:34:11)
    at Function.createEvent.&lt;computed&gt; [as click] (C:\Projects\New folder\Atlas-Payments-UI\node_modules\@testing-library\dom\dist\events.js:120:38)
    at Function.fireEvent.&lt;computed&gt; [as click] (C:\Projects\New folder\Atlas-Payments-UI\node_modules\@testing-library\dom\dist\events.js:125:68)
    at Function.click (C:\Projects\New folder\Atlas-Payments-UI\node_modules\@testing-library\react\dist\fire-event.js:18:52)
    at _callee5$ (C:\Projects\New folder\Atlas-Payments-UI\src\layouts\views\NewInvoice\test\index.test.js:231:15)
    at tryCatch (C:\Projects\New folder\Atlas-Payments-UI\node_modules\regenerator-runtime\runtime.js:63:40)
    at Generator.invoke [as _invoke] (C:\Projects\New folder\Atlas-Payments-UI\node_modules\regenerator-runtime\runtime.js:294:22)
    at Generator.next (C:\Projects\New folder\Atlas-Payments-UI\node_modules\regenerator-runtime\runtime.js:119:21)
    at asyncGeneratorStep (C:\Projects\New folder\Atlas-Payments-UI\node_modules\@babel\runtime\helpers\asyncToGenerator.js:3:24)
    at _next (C:\Projects\New folder\Atlas-Payments-UI\node_modules\@babel\runtime\helpers\asyncToGenerator.js:25:9)</failure>
    </testcase>
    <testcase classname="Stepper 2 dropDown Value change stepper 1 then stepper 2 click on  back button" name="Stepper 2 dropDown Value change stepper 1 then stepper 2 click on  back button" time="0.306">
      <failure>Error: Unable to fire a &quot;click&quot; event - please provide a DOM element.
    at createEvent (C:\Projects\New folder\Atlas-Payments-UI\node_modules\@testing-library\dom\dist\events.js:34:11)
    at Function.createEvent.&lt;computed&gt; [as click] (C:\Projects\New folder\Atlas-Payments-UI\node_modules\@testing-library\dom\dist\events.js:120:38)
    at Function.fireEvent.&lt;computed&gt; [as click] (C:\Projects\New folder\Atlas-Payments-UI\node_modules\@testing-library\dom\dist\events.js:125:68)
    at Function.click (C:\Projects\New folder\Atlas-Payments-UI\node_modules\@testing-library\react\dist\fire-event.js:18:52)
    at _callee6$ (C:\Projects\New folder\Atlas-Payments-UI\src\layouts\views\NewInvoice\test\index.test.js:285:15)
    at tryCatch (C:\Projects\New folder\Atlas-Payments-UI\node_modules\regenerator-runtime\runtime.js:63:40)
    at Generator.invoke [as _invoke] (C:\Projects\New folder\Atlas-Payments-UI\node_modules\regenerator-runtime\runtime.js:294:22)
    at Generator.next (C:\Projects\New folder\Atlas-Payments-UI\node_modules\regenerator-runtime\runtime.js:119:21)
    at asyncGeneratorStep (C:\Projects\New folder\Atlas-Payments-UI\node_modules\@babel\runtime\helpers\asyncToGenerator.js:3:24)
    at _next (C:\Projects\New folder\Atlas-Payments-UI\node_modules\@babel\runtime\helpers\asyncToGenerator.js:25:9)</failure>
    </testcase>
    <testcase classname="Stepper 2 dropDown Value change stepper 1 then stepper 2 complete and next button then row click in select table data stepper 3 then finish " name="Stepper 2 dropDown Value change stepper 1 then stepper 2 complete and next button then row click in select table data stepper 3 then finish " time="0.239">
      <failure>Error: Unable to fire a &quot;click&quot; event - please provide a DOM element.
    at createEvent (C:\Projects\New folder\Atlas-Payments-UI\node_modules\@testing-library\dom\dist\events.js:34:11)
    at Function.createEvent.&lt;computed&gt; [as click] (C:\Projects\New folder\Atlas-Payments-UI\node_modules\@testing-library\dom\dist\events.js:120:38)
    at Function.fireEvent.&lt;computed&gt; [as click] (C:\Projects\New folder\Atlas-Payments-UI\node_modules\@testing-library\dom\dist\events.js:125:68)
    at Function.click (C:\Projects\New folder\Atlas-Payments-UI\node_modules\@testing-library\react\dist\fire-event.js:18:52)
    at _callee7$ (C:\Projects\New folder\Atlas-Payments-UI\src\layouts\views\NewInvoice\test\index.test.js:338:15)
    at tryCatch (C:\Projects\New folder\Atlas-Payments-UI\node_modules\regenerator-runtime\runtime.js:63:40)
    at Generator.invoke [as _invoke] (C:\Projects\New folder\Atlas-Payments-UI\node_modules\regenerator-runtime\runtime.js:294:22)
    at Generator.next (C:\Projects\New folder\Atlas-Payments-UI\node_modules\regenerator-runtime\runtime.js:119:21)
    at asyncGeneratorStep (C:\Projects\New folder\Atlas-Payments-UI\node_modules\@babel\runtime\helpers\asyncToGenerator.js:3:24)
    at _next (C:\Projects\New folder\Atlas-Payments-UI\node_modules\@babel\runtime\helpers\asyncToGenerator.js:25:9)</failure>
    </testcase>
    <testcase classname="Stepper 2 show table click dropDown Value change stepper 1 then stepper 2 click on  " name="Stepper 2 show table click dropDown Value change stepper 1 then stepper 2 click on  " time="0.228">
      <failure>Error: Unable to fire a &quot;click&quot; event - please provide a DOM element.
    at createEvent (C:\Projects\New folder\Atlas-Payments-UI\node_modules\@testing-library\dom\dist\events.js:34:11)
    at Function.createEvent.&lt;computed&gt; [as click] (C:\Projects\New folder\Atlas-Payments-UI\node_modules\@testing-library\dom\dist\events.js:120:38)
    at Function.fireEvent.&lt;computed&gt; [as click] (C:\Projects\New folder\Atlas-Payments-UI\node_modules\@testing-library\dom\dist\events.js:125:68)
    at Function.click (C:\Projects\New folder\Atlas-Payments-UI\node_modules\@testing-library\react\dist\fire-event.js:18:52)
    at _callee8$ (C:\Projects\New folder\Atlas-Payments-UI\src\layouts\views\NewInvoice\test\index.test.js:456:15)
    at tryCatch (C:\Projects\New folder\Atlas-Payments-UI\node_modules\regenerator-runtime\runtime.js:63:40)
    at Generator.invoke [as _invoke] (C:\Projects\New folder\Atlas-Payments-UI\node_modules\regenerator-runtime\runtime.js:294:22)
    at Generator.next (C:\Projects\New folder\Atlas-Payments-UI\node_modules\regenerator-runtime\runtime.js:119:21)
    at asyncGeneratorStep (C:\Projects\New folder\Atlas-Payments-UI\node_modules\@babel\runtime\helpers\asyncToGenerator.js:3:24)
    at _next (C:\Projects\New folder\Atlas-Payments-UI\node_modules\@babel\runtime\helpers\asyncToGenerator.js:25:9)</failure>
    </testcase>
    <testcase classname="Stepper 2 api fail dropDown Value change stepper 1 then stepper 2 complete and next button then row click in select table data   stepper 3 then finish " name="Stepper 2 api fail dropDown Value change stepper 1 then stepper 2 complete and next button then row click in select table data   stepper 3 then finish " time="0.18">
      <failure>Error: Unable to fire a &quot;click&quot; event - please provide a DOM element.
    at createEvent (C:\Projects\New folder\Atlas-Payments-UI\node_modules\@testing-library\dom\dist\events.js:34:11)
    at Function.createEvent.&lt;computed&gt; [as click] (C:\Projects\New folder\Atlas-Payments-UI\node_modules\@testing-library\dom\dist\events.js:120:38)
    at Function.fireEvent.&lt;computed&gt; [as click] (C:\Projects\New folder\Atlas-Payments-UI\node_modules\@testing-library\dom\dist\events.js:125:68)
    at Function.click (C:\Projects\New folder\Atlas-Payments-UI\node_modules\@testing-library\react\dist\fire-event.js:18:52)
    at _callee9$ (C:\Projects\New folder\Atlas-Payments-UI\src\layouts\views\NewInvoice\test\index.test.js:528:15)
    at tryCatch (C:\Projects\New folder\Atlas-Payments-UI\node_modules\regenerator-runtime\runtime.js:63:40)
    at Generator.invoke [as _invoke] (C:\Projects\New folder\Atlas-Payments-UI\node_modules\regenerator-runtime\runtime.js:294:22)
    at Generator.next (C:\Projects\New folder\Atlas-Payments-UI\node_modules\regenerator-runtime\runtime.js:119:21)
    at asyncGeneratorStep (C:\Projects\New folder\Atlas-Payments-UI\node_modules\@babel\runtime\helpers\asyncToGenerator.js:3:24)
    at _next (C:\Projects\New folder\Atlas-Payments-UI\node_modules\@babel\runtime\helpers\asyncToGenerator.js:25:9)</failure>
    </testcase>
    <testcase classname="Stepper 3 dropDown Value change stepper 1 then stepper 2 complete and next button" name="Stepper 3 dropDown Value change stepper 1 then stepper 2 complete and next button" time="0.16">
      <failure>Error: Unable to fire a &quot;click&quot; event - please provide a DOM element.
    at createEvent (C:\Projects\New folder\Atlas-Payments-UI\node_modules\@testing-library\dom\dist\events.js:34:11)
    at Function.createEvent.&lt;computed&gt; [as click] (C:\Projects\New folder\Atlas-Payments-UI\node_modules\@testing-library\dom\dist\events.js:120:38)
    at Function.fireEvent.&lt;computed&gt; [as click] (C:\Projects\New folder\Atlas-Payments-UI\node_modules\@testing-library\dom\dist\events.js:125:68)
    at Function.click (C:\Projects\New folder\Atlas-Payments-UI\node_modules\@testing-library\react\dist\fire-event.js:18:52)
    at _callee10$ (C:\Projects\New folder\Atlas-Payments-UI\src\layouts\views\NewInvoice\test\index.test.js:637:15)
    at tryCatch (C:\Projects\New folder\Atlas-Payments-UI\node_modules\regenerator-runtime\runtime.js:63:40)
    at Generator.invoke [as _invoke] (C:\Projects\New folder\Atlas-Payments-UI\node_modules\regenerator-runtime\runtime.js:294:22)
    at Generator.next (C:\Projects\New folder\Atlas-Payments-UI\node_modules\regenerator-runtime\runtime.js:119:21)
    at asyncGeneratorStep (C:\Projects\New folder\Atlas-Payments-UI\node_modules\@babel\runtime\helpers\asyncToGenerator.js:3:24)
    at _next (C:\Projects\New folder\Atlas-Payments-UI\node_modules\@babel\runtime\helpers\asyncToGenerator.js:25:9)</failure>
    </testcase>
    <testcase classname="Stepper 3 dropDown Value change stepper 1 then stepper 2 click on  back button" name="Stepper 3 dropDown Value change stepper 1 then stepper 2 click on  back button" time="0.204">
      <failure>Error: Unable to fire a &quot;click&quot; event - please provide a DOM element.
    at createEvent (C:\Projects\New folder\Atlas-Payments-UI\node_modules\@testing-library\dom\dist\events.js:34:11)
    at Function.createEvent.&lt;computed&gt; [as click] (C:\Projects\New folder\Atlas-Payments-UI\node_modules\@testing-library\dom\dist\events.js:120:38)
    at Function.fireEvent.&lt;computed&gt; [as click] (C:\Projects\New folder\Atlas-Payments-UI\node_modules\@testing-library\dom\dist\events.js:125:68)
    at Function.click (C:\Projects\New folder\Atlas-Payments-UI\node_modules\@testing-library\react\dist\fire-event.js:18:52)
    at _callee11$ (C:\Projects\New folder\Atlas-Payments-UI\src\layouts\views\NewInvoice\test\index.test.js:691:15)
    at tryCatch (C:\Projects\New folder\Atlas-Payments-UI\node_modules\regenerator-runtime\runtime.js:63:40)
    at Generator.invoke [as _invoke] (C:\Projects\New folder\Atlas-Payments-UI\node_modules\regenerator-runtime\runtime.js:294:22)
    at Generator.next (C:\Projects\New folder\Atlas-Payments-UI\node_modules\regenerator-runtime\runtime.js:119:21)
    at asyncGeneratorStep (C:\Projects\New folder\Atlas-Payments-UI\node_modules\@babel\runtime\helpers\asyncToGenerator.js:3:24)
    at _next (C:\Projects\New folder\Atlas-Payments-UI\node_modules\@babel\runtime\helpers\asyncToGenerator.js:25:9)</failure>
    </testcase>
    <testcase classname="Stepper 3 dropDown Value change stepper 1 then stepper 2 complete and next button then row click in select table data stepper 3 then finish " name="Stepper 3 dropDown Value change stepper 1 then stepper 2 complete and next button then row click in select table data stepper 3 then finish " time="0.157">
      <failure>Error: Unable to fire a &quot;click&quot; event - please provide a DOM element.
    at createEvent (C:\Projects\New folder\Atlas-Payments-UI\node_modules\@testing-library\dom\dist\events.js:34:11)
    at Function.createEvent.&lt;computed&gt; [as click] (C:\Projects\New folder\Atlas-Payments-UI\node_modules\@testing-library\dom\dist\events.js:120:38)
    at Function.fireEvent.&lt;computed&gt; [as click] (C:\Projects\New folder\Atlas-Payments-UI\node_modules\@testing-library\dom\dist\events.js:125:68)
    at Function.click (C:\Projects\New folder\Atlas-Payments-UI\node_modules\@testing-library\react\dist\fire-event.js:18:52)
    at _callee12$ (C:\Projects\New folder\Atlas-Payments-UI\src\layouts\views\NewInvoice\test\index.test.js:744:15)
    at tryCatch (C:\Projects\New folder\Atlas-Payments-UI\node_modules\regenerator-runtime\runtime.js:63:40)
    at Generator.invoke [as _invoke] (C:\Projects\New folder\Atlas-Payments-UI\node_modules\regenerator-runtime\runtime.js:294:22)
    at Generator.next (C:\Projects\New folder\Atlas-Payments-UI\node_modules\regenerator-runtime\runtime.js:119:21)
    at asyncGeneratorStep (C:\Projects\New folder\Atlas-Payments-UI\node_modules\@babel\runtime\helpers\asyncToGenerator.js:3:24)
    at _next (C:\Projects\New folder\Atlas-Payments-UI\node_modules\@babel\runtime\helpers\asyncToGenerator.js:25:9)</failure>
    </testcase>
    <testcase classname="Stepper 3 invoice detail api fail dropDown Value change stepper 1 then stepper 2 complete and next button" name="Stepper 3 invoice detail api fail dropDown Value change stepper 1 then stepper 2 complete and next button" time="0.184">
      <failure>Error: Unable to fire a &quot;click&quot; event - please provide a DOM element.
    at createEvent (C:\Projects\New folder\Atlas-Payments-UI\node_modules\@testing-library\dom\dist\events.js:34:11)
    at Function.createEvent.&lt;computed&gt; [as click] (C:\Projects\New folder\Atlas-Payments-UI\node_modules\@testing-library\dom\dist\events.js:120:38)
    at Function.fireEvent.&lt;computed&gt; [as click] (C:\Projects\New folder\Atlas-Payments-UI\node_modules\@testing-library\dom\dist\events.js:125:68)
    at Function.click (C:\Projects\New folder\Atlas-Payments-UI\node_modules\@testing-library\react\dist\fire-event.js:18:52)
    at _callee13$ (C:\Projects\New folder\Atlas-Payments-UI\src\layouts\views\NewInvoice\test\index.test.js:864:15)
    at tryCatch (C:\Projects\New folder\Atlas-Payments-UI\node_modules\regenerator-runtime\runtime.js:63:40)
    at Generator.invoke [as _invoke] (C:\Projects\New folder\Atlas-Payments-UI\node_modules\regenerator-runtime\runtime.js:294:22)
    at Generator.next (C:\Projects\New folder\Atlas-Payments-UI\node_modules\regenerator-runtime\runtime.js:119:21)
    at asyncGeneratorStep (C:\Projects\New folder\Atlas-Payments-UI\node_modules\@babel\runtime\helpers\asyncToGenerator.js:3:24)
    at _next (C:\Projects\New folder\Atlas-Payments-UI\node_modules\@babel\runtime\helpers\asyncToGenerator.js:25:9)</failure>
    </testcase>
    <testcase classname="Stepper 3 invoice detail api fail dropDown Value change stepper 1 then stepper 2 click on  back button" name="Stepper 3 invoice detail api fail dropDown Value change stepper 1 then stepper 2 click on  back button" time="0.189">
      <failure>Error: Unable to fire a &quot;click&quot; event - please provide a DOM element.
    at createEvent (C:\Projects\New folder\Atlas-Payments-UI\node_modules\@testing-library\dom\dist\events.js:34:11)
    at Function.createEvent.&lt;computed&gt; [as click] (C:\Projects\New folder\Atlas-Payments-UI\node_modules\@testing-library\dom\dist\events.js:120:38)
    at Function.fireEvent.&lt;computed&gt; [as click] (C:\Projects\New folder\Atlas-Payments-UI\node_modules\@testing-library\dom\dist\events.js:125:68)
    at Function.click (C:\Projects\New folder\Atlas-Payments-UI\node_modules\@testing-library\react\dist\fire-event.js:18:52)
    at _callee14$ (C:\Projects\New folder\Atlas-Payments-UI\src\layouts\views\NewInvoice\test\index.test.js:918:15)
    at tryCatch (C:\Projects\New folder\Atlas-Payments-UI\node_modules\regenerator-runtime\runtime.js:63:40)
    at Generator.invoke [as _invoke] (C:\Projects\New folder\Atlas-Payments-UI\node_modules\regenerator-runtime\runtime.js:294:22)
    at Generator.next (C:\Projects\New folder\Atlas-Payments-UI\node_modules\regenerator-runtime\runtime.js:119:21)
    at asyncGeneratorStep (C:\Projects\New folder\Atlas-Payments-UI\node_modules\@babel\runtime\helpers\asyncToGenerator.js:3:24)
    at _next (C:\Projects\New folder\Atlas-Payments-UI\node_modules\@babel\runtime\helpers\asyncToGenerator.js:25:9)</failure>
    </testcase>
    <testcase classname="Stepper 3 invoice detail api fail dropDown Value change stepper 1 then stepper 2 complete and next button then row click in select table data   stepper 3 then finish " name="Stepper 3 invoice detail api fail dropDown Value change stepper 1 then stepper 2 complete and next button then row click in select table data   stepper 3 then finish " time="0.172">
      <failure>Error: Unable to fire a &quot;click&quot; event - please provide a DOM element.
    at createEvent (C:\Projects\New folder\Atlas-Payments-UI\node_modules\@testing-library\dom\dist\events.js:34:11)
    at Function.createEvent.&lt;computed&gt; [as click] (C:\Projects\New folder\Atlas-Payments-UI\node_modules\@testing-library\dom\dist\events.js:120:38)
    at Function.fireEvent.&lt;computed&gt; [as click] (C:\Projects\New folder\Atlas-Payments-UI\node_modules\@testing-library\dom\dist\events.js:125:68)
    at Function.click (C:\Projects\New folder\Atlas-Payments-UI\node_modules\@testing-library\react\dist\fire-event.js:18:52)
    at _callee15$ (C:\Projects\New folder\Atlas-Payments-UI\src\layouts\views\NewInvoice\test\index.test.js:971:15)
    at tryCatch (C:\Projects\New folder\Atlas-Payments-UI\node_modules\regenerator-runtime\runtime.js:63:40)
    at Generator.invoke [as _invoke] (C:\Projects\New folder\Atlas-Payments-UI\node_modules\regenerator-runtime\runtime.js:294:22)
    at Generator.next (C:\Projects\New folder\Atlas-Payments-UI\node_modules\regenerator-runtime\runtime.js:119:21)
    at asyncGeneratorStep (C:\Projects\New folder\Atlas-Payments-UI\node_modules\@babel\runtime\helpers\asyncToGenerator.js:3:24)
    at _next (C:\Projects\New folder\Atlas-Payments-UI\node_modules\@babel\runtime\helpers\asyncToGenerator.js:25:9)</failure>
    </testcase>
    <testcase classname="Stepper 3 fee api fail dropDown Value change stepper 1 then stepper 2 click on  back button" name="Stepper 3 fee api fail dropDown Value change stepper 1 then stepper 2 click on  back button" time="0.159">
      <failure>Error: Unable to fire a &quot;click&quot; event - please provide a DOM element.
    at createEvent (C:\Projects\New folder\Atlas-Payments-UI\node_modules\@testing-library\dom\dist\events.js:34:11)
    at Function.createEvent.&lt;computed&gt; [as click] (C:\Projects\New folder\Atlas-Payments-UI\node_modules\@testing-library\dom\dist\events.js:120:38)
    at Function.fireEvent.&lt;computed&gt; [as click] (C:\Projects\New folder\Atlas-Payments-UI\node_modules\@testing-library\dom\dist\events.js:125:68)
    at Function.click (C:\Projects\New folder\Atlas-Payments-UI\node_modules\@testing-library\react\dist\fire-event.js:18:52)
    at _callee16$ (C:\Projects\New folder\Atlas-Payments-UI\src\layouts\views\NewInvoice\test\index.test.js:1138:15)
    at tryCatch (C:\Projects\New folder\Atlas-Payments-UI\node_modules\regenerator-runtime\runtime.js:63:40)
    at Generator.invoke [as _invoke] (C:\Projects\New folder\Atlas-Payments-UI\node_modules\regenerator-runtime\runtime.js:294:22)
    at Generator.next (C:\Projects\New folder\Atlas-Payments-UI\node_modules\regenerator-runtime\runtime.js:119:21)
    at asyncGeneratorStep (C:\Projects\New folder\Atlas-Payments-UI\node_modules\@babel\runtime\helpers\asyncToGenerator.js:3:24)
    at _next (C:\Projects\New folder\Atlas-Payments-UI\node_modules\@babel\runtime\helpers\asyncToGenerator.js:25:9)</failure>
    </testcase>
    <testcase classname="Stepper 3 fee api fail dropDown Value change stepper 1 then stepper 2 complete and next button then row click in select table data   stepper 3 then finish " name="Stepper 3 fee api fail dropDown Value change stepper 1 then stepper 2 complete and next button then row click in select table data   stepper 3 then finish " time="0.179">
      <failure>Error: Unable to fire a &quot;click&quot; event - please provide a DOM element.
    at createEvent (C:\Projects\New folder\Atlas-Payments-UI\node_modules\@testing-library\dom\dist\events.js:34:11)
    at Function.createEvent.&lt;computed&gt; [as click] (C:\Projects\New folder\Atlas-Payments-UI\node_modules\@testing-library\dom\dist\events.js:120:38)
    at Function.fireEvent.&lt;computed&gt; [as click] (C:\Projects\New folder\Atlas-Payments-UI\node_modules\@testing-library\dom\dist\events.js:125:68)
    at Function.click (C:\Projects\New folder\Atlas-Payments-UI\node_modules\@testing-library\react\dist\fire-event.js:18:52)
    at _callee17$ (C:\Projects\New folder\Atlas-Payments-UI\src\layouts\views\NewInvoice\test\index.test.js:1191:15)
    at tryCatch (C:\Projects\New folder\Atlas-Payments-UI\node_modules\regenerator-runtime\runtime.js:63:40)
    at Generator.invoke [as _invoke] (C:\Projects\New folder\Atlas-Payments-UI\node_modules\regenerator-runtime\runtime.js:294:22)
    at Generator.next (C:\Projects\New folder\Atlas-Payments-UI\node_modules\regenerator-runtime\runtime.js:119:21)
    at asyncGeneratorStep (C:\Projects\New folder\Atlas-Payments-UI\node_modules\@babel\runtime\helpers\asyncToGenerator.js:3:24)
    at _next (C:\Projects\New folder\Atlas-Payments-UI\node_modules\@babel\runtime\helpers\asyncToGenerator.js:25:9)</failure>
    </testcase>
    <testcase classname="Stepper 3 address api fail dropDown Value change stepper 1 then stepper 2 complete and next button" name="Stepper 3 address api fail dropDown Value change stepper 1 then stepper 2 complete and next button" time="0.181">
      <failure>Error: Unable to fire a &quot;click&quot; event - please provide a DOM element.
    at createEvent (C:\Projects\New folder\Atlas-Payments-UI\node_modules\@testing-library\dom\dist\events.js:34:11)
    at Function.createEvent.&lt;computed&gt; [as click] (C:\Projects\New folder\Atlas-Payments-UI\node_modules\@testing-library\dom\dist\events.js:120:38)
    at Function.fireEvent.&lt;computed&gt; [as click] (C:\Projects\New folder\Atlas-Payments-UI\node_modules\@testing-library\dom\dist\events.js:125:68)
    at Function.click (C:\Projects\New folder\Atlas-Payments-UI\node_modules\@testing-library\react\dist\fire-event.js:18:52)
    at _callee18$ (C:\Projects\New folder\Atlas-Payments-UI\src\layouts\views\NewInvoice\test\index.test.js:1299:15)
    at tryCatch (C:\Projects\New folder\Atlas-Payments-UI\node_modules\regenerator-runtime\runtime.js:63:40)
    at Generator.invoke [as _invoke] (C:\Projects\New folder\Atlas-Payments-UI\node_modules\regenerator-runtime\runtime.js:294:22)
    at Generator.next (C:\Projects\New folder\Atlas-Payments-UI\node_modules\regenerator-runtime\runtime.js:119:21)
    at asyncGeneratorStep (C:\Projects\New folder\Atlas-Payments-UI\node_modules\@babel\runtime\helpers\asyncToGenerator.js:3:24)
    at _next (C:\Projects\New folder\Atlas-Payments-UI\node_modules\@babel\runtime\helpers\asyncToGenerator.js:25:9)</failure>
    </testcase>
    <testcase classname="Stepper 3 address api fail dropDown Value change stepper 1 then stepper 2 click on  back button" name="Stepper 3 address api fail dropDown Value change stepper 1 then stepper 2 click on  back button" time="0.169">
      <failure>Error: Unable to fire a &quot;click&quot; event - please provide a DOM element.
    at createEvent (C:\Projects\New folder\Atlas-Payments-UI\node_modules\@testing-library\dom\dist\events.js:34:11)
    at Function.createEvent.&lt;computed&gt; [as click] (C:\Projects\New folder\Atlas-Payments-UI\node_modules\@testing-library\dom\dist\events.js:120:38)
    at Function.fireEvent.&lt;computed&gt; [as click] (C:\Projects\New folder\Atlas-Payments-UI\node_modules\@testing-library\dom\dist\events.js:125:68)
    at Function.click (C:\Projects\New folder\Atlas-Payments-UI\node_modules\@testing-library\react\dist\fire-event.js:18:52)
    at _callee19$ (C:\Projects\New folder\Atlas-Payments-UI\src\layouts\views\NewInvoice\test\index.test.js:1353:15)
    at tryCatch (C:\Projects\New folder\Atlas-Payments-UI\node_modules\regenerator-runtime\runtime.js:63:40)
    at Generator.invoke [as _invoke] (C:\Projects\New folder\Atlas-Payments-UI\node_modules\regenerator-runtime\runtime.js:294:22)
    at Generator.next (C:\Projects\New folder\Atlas-Payments-UI\node_modules\regenerator-runtime\runtime.js:119:21)
    at asyncGeneratorStep (C:\Projects\New folder\Atlas-Payments-UI\node_modules\@babel\runtime\helpers\asyncToGenerator.js:3:24)
    at _next (C:\Projects\New folder\Atlas-Payments-UI\node_modules\@babel\runtime\helpers\asyncToGenerator.js:25:9)</failure>
    </testcase>
    <testcase classname="Stepper 3 address api fail dropDown Value change stepper 1 then stepper 2 complete and next button then row click in select table data   stepper 3 then finish " name="Stepper 3 address api fail dropDown Value change stepper 1 then stepper 2 complete and next button then row click in select table data   stepper 3 then finish " time="0.162">
      <failure>Error: Unable to fire a &quot;click&quot; event - please provide a DOM element.
    at createEvent (C:\Projects\New folder\Atlas-Payments-UI\node_modules\@testing-library\dom\dist\events.js:34:11)
    at Function.createEvent.&lt;computed&gt; [as click] (C:\Projects\New folder\Atlas-Payments-UI\node_modules\@testing-library\dom\dist\events.js:120:38)
    at Function.fireEvent.&lt;computed&gt; [as click] (C:\Projects\New folder\Atlas-Payments-UI\node_modules\@testing-library\dom\dist\events.js:125:68)
    at Function.click (C:\Projects\New folder\Atlas-Payments-UI\node_modules\@testing-library\react\dist\fire-event.js:18:52)
    at _callee20$ (C:\Projects\New folder\Atlas-Payments-UI\src\layouts\views\NewInvoice\test\index.test.js:1406:15)
    at tryCatch (C:\Projects\New folder\Atlas-Payments-UI\node_modules\regenerator-runtime\runtime.js:63:40)
    at Generator.invoke [as _invoke] (C:\Projects\New folder\Atlas-Payments-UI\node_modules\regenerator-runtime\runtime.js:294:22)
    at Generator.next (C:\Projects\New folder\Atlas-Payments-UI\node_modules\regenerator-runtime\runtime.js:119:21)
    at asyncGeneratorStep (C:\Projects\New folder\Atlas-Payments-UI\node_modules\@babel\runtime\helpers\asyncToGenerator.js:3:24)
    at _next (C:\Projects\New folder\Atlas-Payments-UI\node_modules\@babel\runtime\helpers\asyncToGenerator.js:25:9)</failure>
    </testcase>
    <testcase classname="Stepper 3 country api fail dropDown Value change stepper 1 then stepper 2 complete and next button" name="Stepper 3 country api fail dropDown Value change stepper 1 then stepper 2 complete and next button" time="0.155">
      <failure>Error: Unable to fire a &quot;click&quot; event - please provide a DOM element.
    at createEvent (C:\Projects\New folder\Atlas-Payments-UI\node_modules\@testing-library\dom\dist\events.js:34:11)
    at Function.createEvent.&lt;computed&gt; [as click] (C:\Projects\New folder\Atlas-Payments-UI\node_modules\@testing-library\dom\dist\events.js:120:38)
    at Function.fireEvent.&lt;computed&gt; [as click] (C:\Projects\New folder\Atlas-Payments-UI\node_modules\@testing-library\dom\dist\events.js:125:68)
    at Function.click (C:\Projects\New folder\Atlas-Payments-UI\node_modules\@testing-library\react\dist\fire-event.js:18:52)
    at _callee21$ (C:\Projects\New folder\Atlas-Payments-UI\src\layouts\views\NewInvoice\test\index.test.js:1514:15)
    at tryCatch (C:\Projects\New folder\Atlas-Payments-UI\node_modules\regenerator-runtime\runtime.js:63:40)
    at Generator.invoke [as _invoke] (C:\Projects\New folder\Atlas-Payments-UI\node_modules\regenerator-runtime\runtime.js:294:22)
    at Generator.next (C:\Projects\New folder\Atlas-Payments-UI\node_modules\regenerator-runtime\runtime.js:119:21)
    at asyncGeneratorStep (C:\Projects\New folder\Atlas-Payments-UI\node_modules\@babel\runtime\helpers\asyncToGenerator.js:3:24)
    at _next (C:\Projects\New folder\Atlas-Payments-UI\node_modules\@babel\runtime\helpers\asyncToGenerator.js:25:9)</failure>
    </testcase>
    <testcase classname="Stepper 3 country api fail dropDown Value change stepper 1 then stepper 2 click on  back button" name="Stepper 3 country api fail dropDown Value change stepper 1 then stepper 2 click on  back button" time="0.156">
      <failure>Error: Unable to fire a &quot;click&quot; event - please provide a DOM element.
    at createEvent (C:\Projects\New folder\Atlas-Payments-UI\node_modules\@testing-library\dom\dist\events.js:34:11)
    at Function.createEvent.&lt;computed&gt; [as click] (C:\Projects\New folder\Atlas-Payments-UI\node_modules\@testing-library\dom\dist\events.js:120:38)
    at Function.fireEvent.&lt;computed&gt; [as click] (C:\Projects\New folder\Atlas-Payments-UI\node_modules\@testing-library\dom\dist\events.js:125:68)
    at Function.click (C:\Projects\New folder\Atlas-Payments-UI\node_modules\@testing-library\react\dist\fire-event.js:18:52)
    at _callee22$ (C:\Projects\New folder\Atlas-Payments-UI\src\layouts\views\NewInvoice\test\index.test.js:1568:15)
    at tryCatch (C:\Projects\New folder\Atlas-Payments-UI\node_modules\regenerator-runtime\runtime.js:63:40)
    at Generator.invoke [as _invoke] (C:\Projects\New folder\Atlas-Payments-UI\node_modules\regenerator-runtime\runtime.js:294:22)
    at Generator.next (C:\Projects\New folder\Atlas-Payments-UI\node_modules\regenerator-runtime\runtime.js:119:21)
    at asyncGeneratorStep (C:\Projects\New folder\Atlas-Payments-UI\node_modules\@babel\runtime\helpers\asyncToGenerator.js:3:24)
    at _next (C:\Projects\New folder\Atlas-Payments-UI\node_modules\@babel\runtime\helpers\asyncToGenerator.js:25:9)</failure>
    </testcase>
    <testcase classname="Stepper 3 country api fail dropDown Value change stepper 1 then stepper 2 complete and next button then row click in select table data   stepper 3 then finish " name="Stepper 3 country api fail dropDown Value change stepper 1 then stepper 2 complete and next button then row click in select table data   stepper 3 then finish " time="0.177">
      <failure>Error: Unable to fire a &quot;click&quot; event - please provide a DOM element.
    at createEvent (C:\Projects\New folder\Atlas-Payments-UI\node_modules\@testing-library\dom\dist\events.js:34:11)
    at Function.createEvent.&lt;computed&gt; [as click] (C:\Projects\New folder\Atlas-Payments-UI\node_modules\@testing-library\dom\dist\events.js:120:38)
    at Function.fireEvent.&lt;computed&gt; [as click] (C:\Projects\New folder\Atlas-Payments-UI\node_modules\@testing-library\dom\dist\events.js:125:68)
    at Function.click (C:\Projects\New folder\Atlas-Payments-UI\node_modules\@testing-library\react\dist\fire-event.js:18:52)
    at _callee23$ (C:\Projects\New folder\Atlas-Payments-UI\src\layouts\views\NewInvoice\test\index.test.js:1621:15)
    at tryCatch (C:\Projects\New folder\Atlas-Payments-UI\node_modules\regenerator-runtime\runtime.js:63:40)
    at Generator.invoke [as _invoke] (C:\Projects\New folder\Atlas-Payments-UI\node_modules\regenerator-runtime\runtime.js:294:22)
    at Generator.next (C:\Projects\New folder\Atlas-Payments-UI\node_modules\regenerator-runtime\runtime.js:119:21)
    at asyncGeneratorStep (C:\Projects\New folder\Atlas-Payments-UI\node_modules\@babel\runtime\helpers\asyncToGenerator.js:3:24)
    at _next (C:\Projects\New folder\Atlas-Payments-UI\node_modules\@babel\runtime\helpers\asyncToGenerator.js:25:9)</failure>
    </testcase>
    <testcase classname="New Invoice for Proforma  breadcumbs are working" name="New Invoice for Proforma  breadcumbs are working" time="0.079">
    </testcase>
    <testcase classname="New Invoice for Proforma  dropDown Value change stepper 1" name="New Invoice for Proforma  dropDown Value change stepper 1" time="0.104">
      <failure>Error: Unable to fire a &quot;click&quot; event - please provide a DOM element.
    at createEvent (C:\Projects\New folder\Atlas-Payments-UI\node_modules\@testing-library\dom\dist\events.js:34:11)
    at Function.createEvent.&lt;computed&gt; [as click] (C:\Projects\New folder\Atlas-Payments-UI\node_modules\@testing-library\dom\dist\events.js:120:38)
    at Function.fireEvent.&lt;computed&gt; [as click] (C:\Projects\New folder\Atlas-Payments-UI\node_modules\@testing-library\dom\dist\events.js:125:68)
    at Function.click (C:\Projects\New folder\Atlas-Payments-UI\node_modules\@testing-library\react\dist\fire-event.js:18:52)
    at _callee25$ (C:\Projects\New folder\Atlas-Payments-UI\src\layouts\views\NewInvoice\test\index.test.js:1716:15)
    at tryCatch (C:\Projects\New folder\Atlas-Payments-UI\node_modules\regenerator-runtime\runtime.js:63:40)
    at Generator.invoke [as _invoke] (C:\Projects\New folder\Atlas-Payments-UI\node_modules\regenerator-runtime\runtime.js:294:22)
    at Generator.next (C:\Projects\New folder\Atlas-Payments-UI\node_modules\regenerator-runtime\runtime.js:119:21)
    at asyncGeneratorStep (C:\Projects\New folder\Atlas-Payments-UI\node_modules\@babel\runtime\helpers\asyncToGenerator.js:3:24)
    at _next (C:\Projects\New folder\Atlas-Payments-UI\node_modules\@babel\runtime\helpers\asyncToGenerator.js:25:9)</failure>
    </testcase>
    <testcase classname="New Invoice for Miscellaneous  breadcumbs are working" name="New Invoice for Miscellaneous  breadcumbs are working" time="0.095">
    </testcase>
    <testcase classname="New Invoice for Miscellaneous  dropDown Value change stepper 1" name="New Invoice for Miscellaneous  dropDown Value change stepper 1" time="0.105">
      <failure>Error: Unable to fire a &quot;click&quot; event - please provide a DOM element.
    at createEvent (C:\Projects\New folder\Atlas-Payments-UI\node_modules\@testing-library\dom\dist\events.js:34:11)
    at Function.createEvent.&lt;computed&gt; [as click] (C:\Projects\New folder\Atlas-Payments-UI\node_modules\@testing-library\dom\dist\events.js:120:38)
    at Function.fireEvent.&lt;computed&gt; [as click] (C:\Projects\New folder\Atlas-Payments-UI\node_modules\@testing-library\dom\dist\events.js:125:68)
    at Function.click (C:\Projects\New folder\Atlas-Payments-UI\node_modules\@testing-library\react\dist\fire-event.js:18:52)
    at _callee27$ (C:\Projects\New folder\Atlas-Payments-UI\src\layouts\views\NewInvoice\test\index.test.js:1780:15)
    at tryCatch (C:\Projects\New folder\Atlas-Payments-UI\node_modules\regenerator-runtime\runtime.js:63:40)
    at Generator.invoke [as _invoke] (C:\Projects\New folder\Atlas-Payments-UI\node_modules\regenerator-runtime\runtime.js:294:22)
    at Generator.next (C:\Projects\New folder\Atlas-Payments-UI\node_modules\regenerator-runtime\runtime.js:119:21)
    at asyncGeneratorStep (C:\Projects\New folder\Atlas-Payments-UI\node_modules\@babel\runtime\helpers\asyncToGenerator.js:3:24)
    at _next (C:\Projects\New folder\Atlas-Payments-UI\node_modules\@babel\runtime\helpers\asyncToGenerator.js:25:9)</failure>
    </testcase>
    <testcase classname="Stepper for Credit Memo  1 and 2  dropDown Value change stepper 1 then stepper 2 complete and next button for credit memo" name="Stepper for Credit Memo  1 and 2  dropDown Value change stepper 1 then stepper 2 complete and next button for credit memo" time="0.158">
      <failure>Error: Unable to fire a &quot;click&quot; event - please provide a DOM element.
    at createEvent (C:\Projects\New folder\Atlas-Payments-UI\node_modules\@testing-library\dom\dist\events.js:34:11)
    at Function.createEvent.&lt;computed&gt; [as click] (C:\Projects\New folder\Atlas-Payments-UI\node_modules\@testing-library\dom\dist\events.js:120:38)
    at Function.fireEvent.&lt;computed&gt; [as click] (C:\Projects\New folder\Atlas-Payments-UI\node_modules\@testing-library\dom\dist\events.js:125:68)
    at Function.click (C:\Projects\New folder\Atlas-Payments-UI\node_modules\@testing-library\react\dist\fire-event.js:18:52)
    at _callee28$ (C:\Projects\New folder\Atlas-Payments-UI\src\layouts\views\NewInvoice\test\index.test.js:1831:15)
    at tryCatch (C:\Projects\New folder\Atlas-Payments-UI\node_modules\regenerator-runtime\runtime.js:63:40)
    at Generator.invoke [as _invoke] (C:\Projects\New folder\Atlas-Payments-UI\node_modules\regenerator-runtime\runtime.js:294:22)
    at Generator.next (C:\Projects\New folder\Atlas-Payments-UI\node_modules\regenerator-runtime\runtime.js:119:21)
    at asyncGeneratorStep (C:\Projects\New folder\Atlas-Payments-UI\node_modules\@babel\runtime\helpers\asyncToGenerator.js:3:24)
    at _next (C:\Projects\New folder\Atlas-Payments-UI\node_modules\@babel\runtime\helpers\asyncToGenerator.js:25:9)</failure>
    </testcase>
    <testcase classname="final stepper final stepper" name="final stepper final stepper" time="0.09">
    </testcase>
  </testsuite>
  <testsuite name="Invoice details" errors="0" failures="0" skipped="0" timestamp="2022-05-26T09:42:15" time="28.318" tests="28">
    <testcase classname="Invoice details tabs are working" name="Invoice details tabs are working" time="1.776">
    </testcase>
    <testcase classname="Invoice details download clickable " name="Invoice details download clickable " time="0.896">
    </testcase>
    <testcase classname="Invoice details approve invoice clickable " name="Invoice details approve invoice clickable " time="0.501">
    </testcase>
    <testcase classname="Invoice details publish notes" name="Invoice details publish notes" time="0.696">
    </testcase>
    <testcase classname="Invoice details download file" name="Invoice details download file" time="0.532">
    </testcase>
    <testcase classname="Invoice details delete file" name="Invoice details delete file" time="0.466">
    </testcase>
    <testcase classname="Invoice details Navigate with breadcrumbs" name="Invoice details Navigate with breadcrumbs" time="0.373">
    </testcase>
    <testcase classname="Invoice details Decline invoice click on cancel button" name="Invoice details Decline invoice click on cancel button" time="0.36">
    </testcase>
    <testcase classname="Invoice details Decline invoice onchange textarea and click on decline button" name="Invoice details Decline invoice onchange textarea and click on decline button" time="0.33">
    </testcase>
    <testcase classname="Api returns transaction type = 7 Render Invoice Details" name="Api returns transaction type = 7 Render Invoice Details" time="0.212">
    </testcase>
    <testcase classname="Invoice details decline api fail case handling Decline invoice onchange textarea click on decline button failed api" name="Invoice details decline api fail case handling Decline invoice onchange textarea click on decline button failed api" time="0.291">
    </testcase>
    <testcase classname="void test cases on Apprroved tabs are working" name="void test cases on Apprroved tabs are working" time="0.397">
    </testcase>
    <testcase classname="void test cases on Apprroved Upload Api Failed tabs are working" name="void test cases on Apprroved Upload Api Failed tabs are working" time="0.372">
    </testcase>
    <testcase classname="void test cases on Apprroved Create Api Failed tabs are working" name="void test cases on Apprroved Create Api Failed tabs are working" time="0.364">
    </testcase>
    <testcase classname="void test cases on Apprroved Void Api Failed tabs are working" name="void test cases on Apprroved Void Api Failed tabs are working" time="0.338">
    </testcase>
    <testcase classname="void test cases on Apprroved and click on cancel tabs are working" name="void test cases on Apprroved and click on cancel tabs are working" time="0.299">
    </testcase>
    <testcase classname="api fail tabs are working" name="api fail tabs are working" time="0.037">
    </testcase>
    <testcase classname="delete test cases on AR Reveiew on true tabs are working" name="delete test cases on AR Reveiew on true tabs are working" time="0.249">
    </testcase>
    <testcase classname="delete test cases on AR Reveiew click on cancel button tabs are working" name="delete test cases on AR Reveiew click on cancel button tabs are working" time="0.237">
    </testcase>
    <testcase classname="delete test cases on AR Reveiew on false tabs are working" name="delete test cases on AR Reveiew on false tabs are working" time="0.195">
    </testcase>
    <testcase classname="delete test cases on AR Reveiew on api fail tabs are working" name="delete test cases on AR Reveiew on api fail tabs are working" time="0.225">
    </testcase>
    <testcase classname="Invoice details auto approve checkbox click approve invoice clickable " name="Invoice details auto approve checkbox click approve invoice clickable " time="0.209">
    </testcase>
    <testcase classname="Invoice details auto approve checkbox click api fail approve invoice clickable " name="Invoice details auto approve checkbox click api fail approve invoice clickable " time="0.224">
    </testcase>
    <testcase classname="Invoice details fee api fail tabs are working" name="Invoice details fee api fail tabs are working" time="0.04">
    </testcase>
    <testcase classname="Invoice details invoice detail api fail tabs are working" name="Invoice details invoice detail api fail tabs are working" time="0.029">
    </testcase>
    <testcase classname="Invoice details lookup api fail tabs are working" name="Invoice details lookup api fail tabs are working" time="0.025">
    </testcase>
    <testcase classname="Invoice details countries api fail tabs are working" name="Invoice details countries api fail tabs are working" time="0.023">
    </testcase>
    <testcase classname="Invoice details employeeBreakDown api fail download clickable " name="Invoice details employeeBreakDown api fail download clickable " time="0.298">
    </testcase>
  </testsuite>
</testsuites>