TN:
SF:src\App.tsx
FN:6,App
FNF:1
FNH:1
FNDA:1,App
DA:7,1
LF:1
LH:1
BRF:0
BRH:0
end_of_record
TN:
SF:src\components\Comman\api.tsx
FN:4,(anonymous_0)
FN:24,(anonymous_1)
FN:27,(anonymous_2)
FN:30,(anonymous_3)
FNF:4
FNH:2
FNDA:11,(anonymous_0)
FNDA:6,(anonymous_1)
FNDA:0,(anonymous_2)
FNDA:0,(anonymous_3)
DA:4,3
DA:5,11
DA:12,11
DA:24,11
DA:25,6
DA:28,0
DA:31,0
DA:35,11
LF:8
LH:6
BRF:0
BRH:0
end_of_record
TN:
SF:src\components\DatepickerDropdown\DatepickerDropdown.tsx
FN:12,DatepickerDropdown
FN:23,(anonymous_1)
FN:65,(anonymous_2)
FN:76,noRefCheck
FN:101,(anonymous_4)
FN:104,(anonymous_5)
FNF:6
FNH:2
FNDA:2,DatepickerDropdown
FNDA:2,(anonymous_1)
FNDA:0,(anonymous_2)
FNDA:0,noRefCheck
FNDA:0,(anonymous_4)
FNDA:0,(anonymous_5)
DA:23,2
DA:25,2
DA:26,0
DA:30,2
DA:31,0
DA:33,2
DA:34,0
DA:36,2
DA:37,0
DA:40,2
DA:45,2
DA:62,2
DA:65,0
DA:77,0
DA:78,0
DA:79,0
DA:80,0
DA:81,0
DA:84,0
DA:85,0
DA:86,0
DA:87,0
DA:88,0
DA:102,0
DA:105,0
DA:106,0
LF:26
LH:8
BRDA:25,0,0,0
BRDA:25,0,1,2
BRDA:25,1,0,2
BRDA:25,1,1,0
BRDA:30,2,0,0
BRDA:30,2,1,2
BRDA:33,3,0,0
BRDA:33,3,1,2
BRDA:36,4,0,0
BRDA:36,4,1,2
BRDA:72,5,0,2
BRDA:72,5,1,0
BRDA:77,6,0,0
BRDA:77,6,1,0
BRDA:84,7,0,0
BRDA:84,7,1,0
BRF:16
BRH:6
end_of_record
TN:
SF:src\components\MyDropdown\Dropdown.tsx
FN:14,Dropdown
FN:23,(anonymous_1)
FN:34,(anonymous_2)
FN:45,(anonymous_3)
FN:48,(anonymous_4)
FNF:5
FNH:2
FNDA:4,Dropdown
FNDA:4,(anonymous_1)
FNDA:0,(anonymous_2)
FNDA:0,(anonymous_3)
FNDA:0,(anonymous_4)
DA:23,4
DA:24,4
DA:25,0
DA:27,4
DA:28,0
DA:30,4
DA:33,4
DA:34,0
DA:46,0
DA:48,0
LF:10
LH:5
BRDA:24,0,0,0
BRDA:24,0,1,4
BRDA:24,1,0,4
BRDA:24,1,1,2
BRDA:27,2,0,0
BRDA:27,2,1,4
BRDA:27,3,0,4
BRDA:27,3,1,2
BRDA:43,4,0,4
BRDA:43,4,1,0
BRDA:53,5,0,0
BRDA:53,5,1,0
BRF:12
BRH:7
end_of_record
TN:
SF:src\layouts\views\InvoiceDetails\getFlag.tsx
FN:12,GetFlag
FNF:1
FNH:0
FNDA:0,GetFlag
DA:6,2
DA:13,0
DA:14,0
LF:3
LH:1
BRF:0
BRH:0
end_of_record
TN:
SF:src\layouts\views\InvoiceDetails\index.tsx
FN:12,InvoiceDetails
FN:93,(anonymous_1)
FN:100,(anonymous_2)
FN:106,(anonymous_3)
FN:146,(anonymous_4)
FN:149,(anonymous_5)
FN:157,(anonymous_6)
FN:158,handleClick
FN:173,(anonymous_8)
FN:175,(anonymous_9)
FN:181,(anonymous_10)
FN:182,(anonymous_11)
FN:191,(anonymous_12)
FN:208,(anonymous_13)
FN:217,(anonymous_14)
FN:223,(anonymous_15)
FN:240,(anonymous_16)
FN:249,(anonymous_17)
FN:267,(anonymous_18)
FN:281,(anonymous_19)
FN:282,(anonymous_20)
FN:381,(anonymous_21)
FN:389,(anonymous_22)
FN:426,(anonymous_23)
FNF:24
FNH:1
FNDA:1,InvoiceDetails
FNDA:0,(anonymous_1)
FNDA:0,(anonymous_2)
FNDA:0,(anonymous_3)
FNDA:0,(anonymous_4)
FNDA:0,(anonymous_5)
FNDA:0,(anonymous_6)
FNDA:0,handleClick
FNDA:0,(anonymous_8)
FNDA:0,(anonymous_9)
FNDA:0,(anonymous_10)
FNDA:0,(anonymous_11)
FNDA:0,(anonymous_12)
FNDA:0,(anonymous_13)
FNDA:0,(anonymous_14)
FNDA:0,(anonymous_15)
FNDA:0,(anonymous_16)
FNDA:0,(anonymous_17)
FNDA:0,(anonymous_18)
FNDA:0,(anonymous_19)
FNDA:0,(anonymous_20)
FNDA:0,(anonymous_21)
FNDA:0,(anonymous_22)
FNDA:0,(anonymous_23)
DA:13,1
DA:14,1
DA:15,1
DA:18,1
DA:20,1
DA:23,1
DA:26,1
DA:29,1
DA:31,1
DA:32,1
DA:33,1
DA:34,1
DA:35,1
DA:36,1
DA:38,1
DA:39,1
DA:89,1
DA:90,1
DA:91,1
DA:93,1
DA:94,0
DA:95,0
DA:96,0
DA:97,0
DA:98,0
DA:99,0
DA:100,0
DA:101,0
DA:102,0
DA:103,0
DA:104,0
DA:106,0
DA:107,0
DA:127,0
DA:129,0
DA:140,0
DA:141,0
DA:146,1
DA:147,0
DA:148,0
DA:149,0
DA:150,0
DA:151,0
DA:157,1
DA:159,0
DA:160,0
DA:161,0
DA:164,0
DA:165,0
DA:166,0
DA:169,1
DA:170,1
DA:173,0
DA:174,0
DA:175,0
DA:177,0
DA:178,0
DA:181,0
DA:182,0
DA:183,0
DA:184,0
DA:188,0
DA:191,0
DA:192,0
DA:205,0
DA:206,0
DA:209,0
DA:210,0
DA:211,0
DA:212,0
DA:213,0
DA:214,0
DA:218,0
DA:220,0
DA:223,0
DA:224,0
DA:237,0
DA:238,0
DA:241,0
DA:242,0
DA:243,0
DA:244,0
DA:245,0
DA:246,0
DA:250,0
DA:252,0
DA:255,0
DA:267,0
DA:281,0
DA:282,0
DA:381,0
DA:389,0
DA:427,0
DA:428,0
LF:94
LH:24
BRDA:94,0,0,0
BRDA:94,0,1,0
BRDA:97,1,0,0
BRDA:97,1,1,0
BRDA:147,2,0,0
BRDA:147,2,1,0
BRDA:147,3,0,0
BRDA:147,3,1,0
BRDA:150,4,0,0
BRDA:150,4,1,0
BRDA:160,5,0,0
BRDA:160,5,1,0
BRDA:169,6,0,1
BRDA:169,6,1,0
BRDA:183,7,0,0
BRDA:183,7,1,0
BRDA:184,8,0,0
BRDA:184,8,1,0
BRDA:209,9,0,0
BRDA:209,9,1,0
BRDA:241,10,0,0
BRDA:241,10,1,0
BRDA:279,11,0,0
BRDA:279,11,1,0
BRDA:383,12,0,0
BRDA:383,12,1,0
BRDA:391,13,0,0
BRDA:391,13,1,0
BRDA:398,14,0,0
BRDA:398,14,1,0
BRF:30
BRH:1
end_of_record
TN:
SF:src\layouts\views\InvoiceDetails\mockData.js
FNF:0
FNH:0
DA:4,2
DA:122,2
DA:231,2
LF:3
LH:3
BRF:0
BRH:0
end_of_record
TN:
SF:src\layouts\views\InvoiceDetails\spainFlag.png
FNF:0
FNH:0
DA:1,2
LF:1
LH:1
BRF:0
BRH:0
end_of_record
TN:
SF:src\layouts\views\InvoiceDetails\user.png
FNF:0
FNH:0
DA:1,2
LF:1
LH:1
BRF:0
BRH:0
end_of_record
TN:
SF:src\layouts\views\InvoiceDetails\flags\4x3\ac.svg
FNF:0
FNH:0
DA:1,2
LF:1
LH:1
BRF:0
BRH:0
end_of_record
TN:
SF:src\layouts\views\InvoiceDetails\flags\4x3\ke.svg
FNF:0
FNH:0
DA:1,2
LF:1
LH:1
BRF:0
BRH:0
end_of_record
TN:
SF:src\layouts\views\InvoiceDetails\flags\4x3\us.svg
FNF:0
FNH:0
DA:1,2
LF:1
LH:1
BRF:0
BRH:0
end_of_record
TN:
SF:src\layouts\views\InvoiceListing\index.tsx
FN:11,InvoiceListing
FN:179,(anonymous_1)
FN:194,(anonymous_2)
FN:210,(anonymous_3)
FN:214,(anonymous_4)
FN:219,(anonymous_5)
FN:230,(anonymous_6)
FN:234,(anonymous_7)
FN:243,(anonymous_8)
FN:251,(anonymous_9)
FN:254,(anonymous_10)
FN:261,(anonymous_11)
FN:271,(anonymous_12)
FN:290,(anonymous_13)
FN:300,(anonymous_14)
FN:311,(anonymous_15)
FN:320,(anonymous_16)
FN:337,(anonymous_17)
FN:339,(anonymous_18)
FN:347,(anonymous_19)
FN:393,(anonymous_20)
FN:503,(anonymous_21)
FN:513,(anonymous_22)
FN:516,(anonymous_23)
FN:517,(anonymous_24)
FN:520,(anonymous_25)
FN:546,(anonymous_26)
FN:549,(anonymous_27)
FN:550,(anonymous_28)
FN:552,(anonymous_29)
FN:612,(anonymous_30)
FNF:31
FNH:7
FNDA:6,InvoiceListing
FNDA:6,(anonymous_1)
FNDA:0,(anonymous_2)
FNDA:4,(anonymous_3)
FNDA:4,(anonymous_4)
FNDA:0,(anonymous_5)
FNDA:4,(anonymous_6)
FNDA:0,(anonymous_7)
FNDA:0,(anonymous_8)
FNDA:0,(anonymous_9)
FNDA:0,(anonymous_10)
FNDA:0,(anonymous_11)
FNDA:0,(anonymous_12)
FNDA:0,(anonymous_13)
FNDA:0,(anonymous_14)
FNDA:0,(anonymous_15)
FNDA:0,(anonymous_16)
FNDA:0,(anonymous_17)
FNDA:1,(anonymous_18)
FNDA:1,(anonymous_19)
FNDA:0,(anonymous_20)
FNDA:0,(anonymous_21)
FNDA:0,(anonymous_22)
FNDA:0,(anonymous_23)
FNDA:0,(anonymous_24)
FNDA:0,(anonymous_25)
FNDA:0,(anonymous_26)
FNDA:0,(anonymous_27)
FNDA:0,(anonymous_28)
FNDA:0,(anonymous_29)
FNDA:0,(anonymous_30)
DA:12,6
DA:13,6
DA:14,6
DA:15,6
DA:16,6
DA:17,6
DA:18,6
DA:19,6
DA:20,6
DA:21,6
DA:22,6
DA:26,6
DA:31,6
DA:32,6
DA:33,6
DA:34,6
DA:61,6
DA:88,6
DA:134,6
DA:175,6
DA:177,6
DA:179,6
DA:180,6
DA:181,1
DA:182,1
DA:183,5
DA:184,1
DA:185,1
DA:187,4
DA:188,4
DA:192,6
DA:194,6
DA:195,0
DA:196,0
DA:197,0
DA:198,0
DA:199,0
DA:204,0
DA:210,6
DA:211,4
DA:214,6
DA:215,4
DA:216,0
DA:217,0
DA:219,0
DA:220,0
DA:221,0
DA:222,0
DA:223,0
DA:226,0
DA:230,6
DA:231,4
DA:232,0
DA:234,0
DA:235,0
DA:236,0
DA:239,0
DA:243,6
DA:244,0
DA:245,0
DA:246,0
DA:247,0
DA:251,6
DA:252,0
DA:254,0
DA:255,0
DA:257,0
DA:258,0
DA:259,0
DA:260,0
DA:261,0
DA:262,0
DA:265,0
DA:266,0
DA:267,0
DA:271,6
DA:272,0
DA:273,0
DA:274,0
DA:286,0
DA:287,0
DA:288,0
DA:291,0
DA:292,0
DA:293,0
DA:294,0
DA:295,0
DA:296,0
DA:297,0
DA:301,0
DA:303,0
DA:304,0
DA:305,0
DA:306,0
DA:312,0
DA:313,0
DA:314,0
DA:315,0
DA:316,0
DA:317,0
DA:321,0
DA:326,6
DA:327,4
DA:337,0
DA:340,1
DA:341,1
DA:348,1
DA:349,1
DA:358,2
DA:394,0
DA:395,0
DA:397,0
DA:398,0
DA:399,0
DA:400,0
DA:403,0
DA:404,0
DA:408,0
DA:409,0
DA:410,0
DA:413,0
DA:418,0
DA:419,0
DA:423,0
DA:427,0
DA:428,0
DA:429,0
DA:432,0
DA:437,0
DA:442,0
DA:446,0
DA:450,0
DA:451,0
DA:452,0
DA:455,0
DA:456,0
DA:461,0
DA:466,0
DA:470,0
DA:474,0
DA:475,0
DA:476,0
DA:479,0
DA:484,0
DA:489,0
DA:493,0
DA:497,0
DA:498,0
DA:499,0
DA:501,0
DA:504,0
DA:514,0
DA:517,0
DA:519,0
DA:520,0
DA:521,0
DA:522,0
DA:524,0
DA:528,0
DA:530,0
DA:531,0
DA:532,0
DA:533,0
DA:547,0
DA:550,0
DA:551,0
DA:552,0
DA:553,0
DA:554,0
DA:556,0
DA:560,0
DA:562,0
DA:563,0
DA:564,0
DA:565,0
DA:613,0
LF:176
LH:48
BRDA:180,0,0,1
BRDA:180,0,1,5
BRDA:180,1,0,6
BRDA:180,1,1,2
BRDA:183,2,0,1
BRDA:183,2,1,4
BRDA:183,3,0,5
BRDA:183,3,1,1
BRDA:215,4,0,0
BRDA:215,4,1,4
BRDA:231,5,0,0
BRDA:231,5,1,4
BRDA:244,6,0,0
BRDA:244,6,1,0
BRDA:244,7,0,0
BRDA:244,7,1,0
BRDA:244,7,2,0
BRDA:252,8,0,0
BRDA:252,8,1,0
BRDA:260,9,0,0
BRDA:260,9,1,0
BRDA:286,10,0,0
BRDA:286,10,1,0
BRDA:291,11,0,0
BRDA:291,11,1,0
BRDA:303,12,0,0
BRDA:303,12,1,0
BRDA:312,13,0,0
BRDA:312,13,1,0
BRDA:326,14,0,4
BRDA:326,14,1,2
BRDA:367,15,0,1
BRDA:367,15,1,1
BRDA:376,16,0,0
BRDA:376,16,1,2
BRDA:380,17,0,0
BRDA:380,17,1,2
BRDA:395,18,0,0
BRDA:395,18,1,0
BRDA:395,18,2,0
BRDA:395,18,3,0
BRDA:395,18,4,0
BRDA:395,18,5,0
BRDA:521,19,0,0
BRDA:521,19,1,0
BRDA:553,20,0,0
BRDA:553,20,1,0
BRDA:594,21,0,1
BRDA:594,21,1,1
BRF:49
BRH:18
end_of_record
TN:
SF:src\layouts\views\Invoices\index.tsx
FN:3,Invoices
FNF:1
FNH:1
FNDA:1,Invoices
DA:4,1
LF:1
LH:1
BRF:0
BRH:0
end_of_record
TN:
SF:src\layouts\views\Router\index.tsx
FN:6,RouterComponent
FNF:1
FNH:1
FNDA:1,RouterComponent
DA:7,1
LF:1
LH:1
BRF:0
BRH:0
end_of_record
