TN:
SF:src\App.tsx
FN:6,App
FNF:1
FNH:1
FNDA:2,App
DA:7,2
LF:1
LH:1
BRF:0
BRH:0
end_of_record
TN:
SF:src\assets\icons\deletesvg.svg
FNF:0
FNH:0
DA:1,2
LF:1
LH:1
BRF:0
BRH:0
end_of_record
TN:
SF:src\assets\icons\index.tsx
FNF:0
FNH:0
LF:0
LH:0
BRF:0
BRH:0
end_of_record
TN:
SF:src\assets\icons\user-icon-small.png
FNF:0
FNH:0
DA:1,3
LF:1
LH:1
BRF:0
BRH:0
end_of_record
TN:
SF:src\components\getDecodedToken.ts
FN:3,(anonymous_0)
FNF:1
FNH:1
FNDA:236,(anonymous_0)
DA:3,2
DA:4,236
DA:5,236
DA:7,236
DA:18,234
LF:5
LH:5
BRF:0
BRH:0
end_of_record
TN:
SF:src\components\Comman\api.tsx
FN:4,(anonymous_0)
FN:26,(anonymous_1)
FN:30,(anonymous_2)
FN:34,(anonymous_3)
FNF:4
FNH:4
FNDA:234,(anonymous_0)
FNDA:53,(anonymous_1)
FNDA:19,(anonymous_2)
FNDA:17,(anonymous_3)
DA:4,2
DA:5,234
DA:12,234
DA:26,234
DA:27,53
DA:28,36
DA:32,19
DA:35,17
DA:40,234
LF:9
LH:9
BRDA:16,0,0,234
BRDA:16,0,1,0
BRDA:20,1,0,234
BRDA:20,1,1,0
BRDA:27,2,0,36
BRDA:27,2,1,17
BRF:6
BRH:4
end_of_record
TN:
SF:src\components\Comman\Utils\utils.tsx
FNF:0
FNH:0
LF:0
LH:0
BRF:0
BRH:0
end_of_record
TN:
SF:src\components\DatepickerDropdown\DatepickerDropdown.tsx
FN:13,DatepickerDropdown
FN:24,(anonymous_1)
FN:48,(anonymous_2)
FN:49,(anonymous_3)
FN:56,(anonymous_4)
FN:57,(anonymous_5)
FN:58,handleClickOutside
FN:64,(anonymous_7)
FN:80,(anonymous_8)
FN:108,noRefCheck
FN:136,(anonymous_10)
FN:139,(anonymous_11)
FNF:12
FNH:10
FNDA:148,DatepickerDropdown
FNDA:148,(anonymous_1)
FNDA:148,(anonymous_2)
FNDA:888,(anonymous_3)
FNDA:148,(anonymous_4)
FNDA:17,(anonymous_5)
FNDA:0,handleClickOutside
FNDA:17,(anonymous_7)
FNDA:7,(anonymous_8)
FNDA:0,noRefCheck
FNDA:48,(anonymous_10)
FNDA:6,(anonymous_11)
DA:24,148
DA:25,148
DA:26,0
DA:27,148
DA:28,0
DA:29,148
DA:30,0
DA:31,148
DA:32,13
DA:34,135
DA:38,148
DA:47,148
DA:48,148
DA:49,148
DA:50,888
DA:51,0
DA:56,148
DA:57,148
DA:59,0
DA:60,0
DA:63,17
DA:64,17
DA:65,17
DA:69,148
DA:71,148
DA:80,7
DA:109,0
DA:110,0
DA:111,0
DA:112,0
DA:113,0
DA:119,0
DA:120,0
DA:121,0
DA:122,0
DA:123,0
DA:137,48
DA:140,6
DA:141,6
LF:39
LH:23
BRDA:25,0,0,0
BRDA:25,0,1,148
BRDA:25,1,0,148
BRDA:25,1,1,0
BRDA:27,2,0,0
BRDA:27,2,1,148
BRDA:29,3,0,0
BRDA:29,3,1,148
BRDA:31,4,0,13
BRDA:31,4,1,135
BRDA:50,5,0,0
BRDA:50,5,1,888
BRDA:59,6,0,0
BRDA:59,6,1,0
BRDA:59,7,0,0
BRDA:59,7,1,0
BRDA:76,8,0,148
BRDA:76,8,1,8
BRDA:83,9,0,8
BRDA:83,9,1,140
BRDA:104,10,0,148
BRDA:104,10,1,8
BRDA:109,11,0,0
BRDA:109,11,1,0
BRDA:119,12,0,0
BRDA:119,12,1,0
BRF:26
BRH:13
end_of_record
TN:
SF:src\layouts\views\BillsTable\index.tsx
FN:14,BillsTable
FN:45,(anonymous_1)
FN:48,(anonymous_2)
FN:71,(anonymous_3)
FN:152,(anonymous_4)
FN:171,(anonymous_5)
FN:314,(anonymous_6)
FN:324,(anonymous_7)
FN:330,(anonymous_8)
FN:357,(anonymous_9)
FN:370,(anonymous_10)
FN:375,(anonymous_11)
FNF:12
FNH:4
FNDA:6,BillsTable
FNDA:1,(anonymous_1)
FNDA:3,(anonymous_2)
FNDA:13,(anonymous_3)
FNDA:0,(anonymous_4)
FNDA:0,(anonymous_5)
FNDA:0,(anonymous_6)
FNDA:0,(anonymous_7)
FNDA:0,(anonymous_8)
FNDA:0,(anonymous_9)
FNDA:0,(anonymous_10)
FNDA:0,(anonymous_11)
DA:15,6
DA:16,4
DA:17,4
DA:18,4
DA:19,4
DA:20,4
DA:21,4
DA:34,4
DA:35,4
DA:36,4
DA:37,4
DA:38,4
DA:39,4
DA:40,4
DA:41,4
DA:42,2
DA:43,2
DA:45,2
DA:46,1
DA:47,1
DA:48,1
DA:49,3
DA:65,3
DA:67,1
DA:68,1
DA:71,2
DA:72,13
DA:77,13
DA:145,2
DA:152,0
DA:171,0
DA:314,0
DA:324,0
DA:330,0
DA:358,0
DA:359,0
DA:370,0
DA:375,0
LF:38
LH:29
BRDA:50,0,0,3
BRDA:50,0,1,0
BRDA:52,1,0,3
BRDA:52,1,1,0
BRDA:53,2,0,3
BRDA:53,2,1,3
BRDA:55,3,0,3
BRDA:55,3,1,0
BRDA:57,4,0,3
BRDA:57,4,1,0
BRDA:58,5,0,3
BRDA:58,5,1,0
BRDA:60,6,0,3
BRDA:60,6,1,0
BRDA:176,7,0,2
BRDA:176,7,1,0
BRDA:207,8,0,0
BRDA:207,8,1,0
BRDA:254,9,0,0
BRDA:254,9,1,0
BRDA:260,10,0,0
BRDA:260,10,1,0
BRDA:261,11,0,0
BRDA:261,11,1,0
BRDA:288,12,0,0
BRDA:288,12,1,0
BRDA:311,13,0,0
BRDA:311,13,1,0
BRDA:321,14,0,0
BRDA:321,14,1,0
BRDA:381,15,0,2
BRDA:381,15,1,2
BRF:32
BRH:11
end_of_record
TN:
SF:src\layouts\views\BillsTable\mockBills.js
FNF:0
FNH:0
LF:0
LH:0
BRF:0
BRH:0
end_of_record
TN:
SF:src\layouts\views\InvoiceDetails\avatar.png
FNF:0
FNH:0
DA:1,3
LF:1
LH:1
BRF:0
BRH:0
end_of_record
TN:
SF:src\layouts\views\InvoiceDetails\getFlag.tsx
FN:524,GetFlag
FN:529,(anonymous_1)
FNF:2
FNH:2
FNDA:174,GetFlag
FNDA:48,(anonymous_1)
DA:262,2
DA:526,174
DA:527,174
DA:529,2
DA:535,48
LF:5
LH:5
BRF:0
BRH:0
end_of_record
TN:
SF:src\layouts\views\InvoiceDetails\index.tsx
FN:39,InvoiceDetails
FN:116,(anonymous_1)
FN:122,(anonymous_2)
FN:129,(anonymous_3)
FN:132,(anonymous_4)
FN:138,(anonymous_5)
FN:144,(anonymous_6)
FN:150,(anonymous_7)
FN:163,(anonymous_8)
FN:169,(anonymous_9)
FN:225,(anonymous_10)
FN:229,(anonymous_11)
FN:233,(anonymous_12)
FN:237,(anonymous_13)
FN:241,(anonymous_14)
FN:245,precisionRound
FN:310,(anonymous_16)
FN:316,(anonymous_17)
FN:324,(anonymous_18)
FN:330,(anonymous_19)
FN:337,(anonymous_20)
FN:340,(anonymous_21)
FN:346,(anonymous_22)
FN:349,(anonymous_23)
FN:356,(anonymous_24)
FN:363,(anonymous_25)
FN:369,(anonymous_26)
FN:371,(anonymous_27)
FN:376,(anonymous_28)
FN:381,(anonymous_29)
FN:383,(anonymous_30)
FN:391,(anonymous_31)
FN:393,(anonymous_32)
FN:396,(anonymous_33)
FN:401,(anonymous_34)
FN:404,(anonymous_35)
FN:410,(anonymous_36)
FN:420,(anonymous_37)
FN:422,(anonymous_38)
FN:448,(anonymous_39)
FN:451,(anonymous_40)
FN:602,(anonymous_41)
FN:621,(anonymous_42)
FN:639,(anonymous_43)
FN:648,(anonymous_44)
FN:654,(anonymous_45)
FN:662,(anonymous_46)
FN:666,(anonymous_47)
FN:673,(anonymous_48)
FN:676,(anonymous_49)
FN:704,(anonymous_50)
FN:718,(anonymous_51)
FN:721,(anonymous_52)
FN:726,(anonymous_53)
FN:734,(anonymous_54)
FN:743,(anonymous_55)
FN:749,(anonymous_56)
FN:758,(anonymous_57)
FN:775,(anonymous_58)
FN:787,(anonymous_59)
FN:791,(anonymous_60)
FN:810,(anonymous_61)
FN:812,(anonymous_62)
FN:822,(anonymous_63)
FN:830,(anonymous_64)
FN:838,(anonymous_65)
FN:846,(anonymous_66)
FN:870,(anonymous_67)
FN:891,(anonymous_68)
FN:903,(anonymous_69)
FN:910,(anonymous_70)
FN:913,noRefCheck
FN:933,(anonymous_72)
FN:934,(anonymous_73)
FN:951,(anonymous_74)
FN:966,(anonymous_75)
FN:974,(anonymous_76)
FN:1090,(anonymous_77)
FN:1108,(anonymous_78)
FN:1113,(anonymous_79)
FN:1154,(anonymous_80)
FN:1171,(anonymous_81)
FN:1179,(anonymous_82)
FN:1187,(anonymous_83)
FN:1241,(anonymous_84)
FN:1381,(anonymous_85)
FN:1390,(anonymous_86)
FN:1397,(anonymous_87)
FN:1422,(anonymous_88)
FN:1504,(anonymous_89)
FN:1513,(anonymous_90)
FN:1521,(anonymous_91)
FN:1528,(anonymous_92)
FN:1539,(anonymous_93)
FN:1561,(anonymous_94)
FN:1565,(anonymous_95)
FN:1580,(anonymous_96)
FN:1596,(anonymous_97)
FN:1607,(anonymous_98)
FN:1616,(anonymous_99)
FN:1626,(anonymous_100)
FN:1643,(anonymous_101)
FN:1648,(anonymous_102)
FN:1749,noRefCheck
FN:1773,(anonymous_104)
FN:1797,(anonymous_105)
FN:1805,(anonymous_106)
FN:1816,(anonymous_107)
FN:1831,(anonymous_108)
FN:1833,(anonymous_109)
FN:1843,(anonymous_110)
FN:1858,(anonymous_111)
FN:1875,(anonymous_112)
FN:1885,(anonymous_113)
FN:1900,(anonymous_114)
FN:1920,(anonymous_115)
FN:1930,(anonymous_116)
FN:1947,(anonymous_117)
FN:1955,(anonymous_118)
FNF:119
FNH:90
FNDA:387,InvoiceDetails
FNDA:24,(anonymous_1)
FNDA:23,(anonymous_2)
FNDA:23,(anonymous_3)
FNDA:0,(anonymous_4)
FNDA:23,(anonymous_5)
FNDA:22,(anonymous_6)
FNDA:2693,(anonymous_7)
FNDA:24,(anonymous_8)
FNDA:108,(anonymous_9)
FNDA:108,(anonymous_10)
FNDA:108,(anonymous_11)
FNDA:108,(anonymous_12)
FNDA:108,(anonymous_13)
FNDA:108,(anonymous_14)
FNDA:96,precisionRound
FNDA:21,(anonymous_16)
FNDA:2,(anonymous_17)
FNDA:0,(anonymous_18)
FNDA:0,(anonymous_19)
FNDA:23,(anonymous_20)
FNDA:0,(anonymous_21)
FNDA:22,(anonymous_22)
FNDA:1,(anonymous_23)
FNDA:0,(anonymous_24)
FNDA:23,(anonymous_25)
FNDA:23,(anonymous_26)
FNDA:44,(anonymous_27)
FNDA:0,(anonymous_28)
FNDA:68,(anonymous_29)
FNDA:198,(anonymous_30)
FNDA:68,(anonymous_31)
FNDA:132,(anonymous_32)
FNDA:23,(anonymous_33)
FNDA:242,(anonymous_34)
FNDA:43,(anonymous_35)
FNDA:24,(anonymous_36)
FNDA:23,(anonymous_37)
FNDA:0,(anonymous_38)
FNDA:1984,(anonymous_39)
FNDA:224888,(anonymous_40)
FNDA:2454,(anonymous_41)
FNDA:1,(anonymous_42)
FNDA:1,(anonymous_43)
FNDA:0,(anonymous_44)
FNDA:1,(anonymous_45)
FNDA:1,(anonymous_46)
FNDA:0,(anonymous_47)
FNDA:0,(anonymous_48)
FNDA:0,(anonymous_49)
FNDA:0,(anonymous_50)
FNDA:0,(anonymous_51)
FNDA:0,(anonymous_52)
FNDA:1,(anonymous_53)
FNDA:1,(anonymous_54)
FNDA:0,(anonymous_55)
FNDA:4,(anonymous_56)
FNDA:3,(anonymous_57)
FNDA:0,(anonymous_58)
FNDA:3,(anonymous_59)
FNDA:1,(anonymous_60)
FNDA:3,(anonymous_61)
FNDA:27,(anonymous_62)
FNDA:1,(anonymous_63)
FNDA:3,(anonymous_64)
FNDA:2,(anonymous_65)
FNDA:1,(anonymous_66)
FNDA:1,(anonymous_67)
FNDA:4,(anonymous_68)
FNDA:5,(anonymous_69)
FNDA:2,(anonymous_70)
FNDA:0,noRefCheck
FNDA:1,(anonymous_72)
FNDA:1,(anonymous_73)
FNDA:3,(anonymous_74)
FNDA:0,(anonymous_75)
FNDA:1,(anonymous_76)
FNDA:2,(anonymous_77)
FNDA:0,(anonymous_78)
FNDA:2,(anonymous_79)
FNDA:0,(anonymous_80)
FNDA:1,(anonymous_81)
FNDA:1,(anonymous_82)
FNDA:4,(anonymous_83)
FNDA:175,(anonymous_84)
FNDA:7,(anonymous_85)
FNDA:7,(anonymous_86)
FNDA:7,(anonymous_87)
FNDA:23,(anonymous_88)
FNDA:1,(anonymous_89)
FNDA:0,(anonymous_90)
FNDA:0,(anonymous_91)
FNDA:0,(anonymous_92)
FNDA:1,(anonymous_93)
FNDA:1,(anonymous_94)
FNDA:0,(anonymous_95)
FNDA:7,(anonymous_96)
FNDA:1,(anonymous_97)
FNDA:0,(anonymous_98)
FNDA:1,(anonymous_99)
FNDA:1,(anonymous_100)
FNDA:0,(anonymous_101)
FNDA:1,(anonymous_102)
FNDA:0,noRefCheck
FNDA:0,(anonymous_104)
FNDA:2,(anonymous_105)
FNDA:1,(anonymous_106)
FNDA:2,(anonymous_107)
FNDA:1,(anonymous_108)
FNDA:9,(anonymous_109)
FNDA:1,(anonymous_110)
FNDA:0,(anonymous_111)
FNDA:5,(anonymous_112)
FNDA:5,(anonymous_113)
FNDA:5,(anonymous_114)
FNDA:1,(anonymous_115)
FNDA:4,(anonymous_116)
FNDA:1,(anonymous_117)
FNDA:3,(anonymous_118)
DA:40,387
DA:42,387
DA:43,386
DA:44,386
DA:45,386
DA:46,386
DA:47,386
DA:50,386
DA:55,386
DA:58,386
DA:63,386
DA:68,386
DA:73,386
DA:76,386
DA:78,386
DA:80,386
DA:81,386
DA:82,386
DA:83,386
DA:84,386
DA:85,386
DA:86,386
DA:87,386
DA:88,386
DA:89,386
DA:91,386
DA:92,386
DA:93,386
DA:94,386
DA:95,386
DA:96,386
DA:97,386
DA:98,386
DA:99,386
DA:100,386
DA:101,386
DA:102,386
DA:103,386
DA:104,386
DA:105,386
DA:106,386
DA:107,386
DA:108,386
DA:109,386
DA:110,386
DA:111,386
DA:112,386
DA:113,386
DA:115,386
DA:116,386
DA:117,24
DA:118,1
DA:122,386
DA:123,23
DA:127,23
DA:130,23
DA:133,0
DA:136,23
DA:139,23
DA:141,23
DA:142,23
DA:145,22
DA:146,0
DA:149,22
DA:150,2693
DA:152,22
DA:153,22
DA:154,22
DA:155,22
DA:156,22
DA:159,22
DA:160,1
DA:163,22
DA:164,24
DA:165,24
DA:166,24
DA:167,24
DA:169,24
DA:170,108
DA:210,24
DA:212,24
DA:224,24
DA:225,108
DA:228,24
DA:229,108
DA:232,24
DA:233,108
DA:236,24
DA:237,108
DA:240,24
DA:241,108
DA:246,96
DA:247,0
DA:248,0
DA:250,96
DA:259,24
DA:267,24
DA:269,24
DA:286,24
DA:303,22
DA:304,22
DA:305,22
DA:306,22
DA:307,22
DA:308,21
DA:309,21
DA:310,21
DA:313,21
DA:314,21
DA:317,2
DA:318,2
DA:321,0
DA:324,0
DA:325,0
DA:326,0
DA:331,0
DA:332,0
DA:335,23
DA:338,23
DA:341,0
DA:344,23
DA:347,22
DA:350,1
DA:353,23
DA:354,23
DA:357,0
DA:358,0
DA:360,0
DA:364,23
DA:367,23
DA:370,23
DA:371,44
DA:373,12
DA:377,0
DA:381,386
DA:382,68
DA:383,22
DA:384,198
DA:385,22
DA:391,386
DA:392,68
DA:393,132
DA:395,22
DA:396,23
DA:399,22
DA:401,242
DA:403,22
DA:404,43
DA:406,22
DA:409,22
DA:410,24
DA:416,22
DA:420,386
DA:421,23
DA:422,0
DA:423,0
DA:448,386
DA:449,1984
DA:450,1780
DA:451,224888
DA:456,1780
DA:458,204
DA:462,386
DA:508,386
DA:535,386
DA:567,386
DA:602,386
DA:603,2454
DA:608,2454
DA:621,386
DA:622,1
DA:635,1
DA:637,1
DA:640,1
DA:641,1
DA:642,1
DA:643,1
DA:644,1
DA:645,1
DA:649,0
DA:651,1
DA:654,386
DA:655,1
DA:657,1
DA:663,1
DA:664,1
DA:665,1
DA:666,1
DA:667,0
DA:670,0
DA:674,0
DA:675,0
DA:676,0
DA:677,0
DA:704,386
DA:705,0
DA:707,0
DA:719,0
DA:722,0
DA:726,386
DA:727,1
DA:731,1
DA:732,1
DA:735,1
DA:736,1
DA:737,1
DA:738,1
DA:739,1
DA:740,1
DA:744,0
DA:746,1
DA:749,386
DA:750,4
DA:752,4
DA:753,4
DA:754,4
DA:759,3
DA:788,3
DA:792,1
DA:793,1
DA:796,4
DA:798,4
DA:811,3
DA:812,3
DA:813,27
DA:814,3
DA:817,3
DA:818,3
DA:819,3
DA:823,1
DA:824,1
DA:825,1
DA:826,1
DA:830,386
DA:831,3
DA:834,3
DA:836,3
DA:839,2
DA:840,1
DA:842,2
DA:843,1
DA:847,1
DA:851,386
DA:852,203
DA:854,183
DA:855,1
DA:858,182
DA:871,1
DA:891,4
DA:904,5
DA:911,2
DA:933,1
DA:934,1
DA:951,3
DA:967,0
DA:975,1
DA:1091,2
DA:1093,2
DA:1103,2
DA:1109,0
DA:1110,0
DA:1114,2
DA:1115,2
DA:1155,0
DA:1171,1
DA:1179,1
DA:1187,4
DA:1242,175
DA:1382,7
DA:1391,7
DA:1398,7
DA:1423,23
DA:1504,1
DA:1514,0
DA:1522,0
DA:1529,0
DA:1541,1
DA:1542,1
DA:1544,1
DA:1562,1
DA:1563,1
DA:1566,0
DA:1581,7
DA:1597,1
DA:1602,1
DA:1605,1
DA:1608,0
DA:1610,0
DA:1611,0
DA:1612,0
DA:1613,0
DA:1617,1
DA:1627,1
DA:1633,1
DA:1644,0
DA:1645,0
DA:1646,0
DA:1649,1
DA:1750,0
DA:1774,0
DA:1775,0
DA:1797,2
DA:1806,1
DA:1807,1
DA:1817,2
DA:1818,2
DA:1819,2
DA:1832,1
DA:1833,1
DA:1834,9
DA:1835,0
DA:1838,1
DA:1839,1
DA:1840,1
DA:1844,1
DA:1845,1
DA:1846,1
DA:1859,0
DA:1860,0
DA:1861,0
DA:1875,5
DA:1885,5
DA:1901,5
DA:1902,5
DA:1921,1
DA:1922,1
DA:1923,1
DA:1930,4
DA:1948,1
DA:1955,3
LF:330
LH:278
BRDA:117,0,0,1
BRDA:117,0,1,23
BRDA:141,1,0,23
BRDA:141,1,1,0
BRDA:145,2,0,0
BRDA:145,2,1,22
BRDA:159,3,0,1
BRDA:159,3,1,21
BRDA:225,4,0,108
BRDA:225,4,1,44
BRDA:229,5,0,108
BRDA:229,5,1,43
BRDA:233,6,0,108
BRDA:233,6,1,107
BRDA:237,7,0,108
BRDA:237,7,1,44
BRDA:241,8,0,108
BRDA:241,8,1,108
BRDA:246,9,0,0
BRDA:246,9,1,96
BRDA:310,10,0,21
BRDA:310,10,1,0
BRDA:357,11,0,0
BRDA:357,11,1,0
BRDA:370,12,0,11
BRDA:370,12,1,12
BRDA:382,13,0,22
BRDA:382,13,1,46
BRDA:382,14,0,68
BRDA:382,14,1,45
BRDA:384,15,0,22
BRDA:384,15,1,176
BRDA:392,16,0,22
BRDA:392,16,1,46
BRDA:392,17,0,68
BRDA:392,17,1,22
BRDA:410,18,0,24
BRDA:410,18,1,2
BRDA:413,19,0,22
BRDA:413,19,1,0
BRDA:414,20,0,22
BRDA:414,20,1,0
BRDA:421,21,0,0
BRDA:421,21,1,23
BRDA:449,22,0,1780
BRDA:449,22,1,204
BRDA:449,23,0,1984
BRDA:449,23,1,1938
BRDA:626,24,0,1
BRDA:626,24,1,0
BRDA:630,25,0,1
BRDA:630,25,1,0
BRDA:640,26,0,1
BRDA:640,26,1,0
BRDA:663,27,0,1
BRDA:663,27,1,0
BRDA:735,28,0,1
BRDA:735,28,1,0
BRDA:811,29,0,3
BRDA:811,29,1,0
BRDA:813,30,0,3
BRDA:813,30,1,24
BRDA:839,31,0,1
BRDA:839,31,1,1
BRDA:842,32,0,1
BRDA:842,32,1,1
BRDA:851,33,0,203
BRDA:851,33,1,183
BRDA:851,34,0,386
BRDA:851,34,1,204
BRDA:854,35,0,1
BRDA:854,35,1,182
BRDA:877,36,0,1
BRDA:877,36,1,181
BRDA:887,37,0,182
BRDA:887,37,1,102
BRDA:887,37,2,34
BRDA:898,38,0,182
BRDA:898,38,1,102
BRDA:898,38,2,45
BRDA:911,39,0,2
BRDA:911,39,1,0
BRDA:916,40,0,2
BRDA:916,40,1,180
BRDA:916,41,0,182
BRDA:916,41,1,181
BRDA:931,42,0,182
BRDA:931,42,1,2
BRDA:940,43,0,182
BRDA:940,43,1,80
BRDA:940,43,2,67
BRDA:957,44,0,182
BRDA:957,44,1,102
BRDA:957,44,2,34
BRDA:971,45,0,182
BRDA:971,45,1,80
BRDA:971,45,2,67
BRDA:973,46,0,67
BRDA:973,46,1,66
BRDA:994,47,0,34
BRDA:994,47,1,148
BRDA:1000,48,0,181
BRDA:1000,48,1,1
BRDA:1009,49,0,182
BRDA:1009,49,1,181
BRDA:1063,50,0,182
BRDA:1063,50,1,181
BRDA:1078,51,0,182
BRDA:1078,51,1,181
BRDA:1087,52,0,181
BRDA:1087,52,1,102
BRDA:1096,53,0,2
BRDA:1096,53,1,0
BRDA:1100,54,0,2
BRDA:1100,54,1,0
BRDA:1109,55,0,0
BRDA:1109,55,1,0
BRDA:1146,56,0,182
BRDA:1146,56,1,0
BRDA:1148,57,0,0
BRDA:1148,57,1,0
BRDA:1168,58,0,182
BRDA:1168,58,1,181
BRDA:1173,59,0,173
BRDA:1173,59,1,8
BRDA:1181,60,0,1
BRDA:1181,60,1,180
BRDA:1189,61,0,7
BRDA:1189,61,1,174
BRDA:1197,62,0,182
BRDA:1197,62,1,1
BRDA:1197,62,2,1
BRDA:1239,63,0,182
BRDA:1239,63,1,174
BRDA:1239,63,2,173
BRDA:1374,64,0,182
BRDA:1374,64,1,7
BRDA:1374,64,2,7
BRDA:1407,65,0,0
BRDA:1407,65,1,7
BRDA:1510,66,0,7
BRDA:1510,66,1,0
BRDA:1537,67,0,5
BRDA:1537,67,1,2
BRDA:1537,68,0,7
BRDA:1537,68,1,2
BRDA:1608,69,0,0
BRDA:1608,69,1,0
BRDA:1759,70,0,182
BRDA:1759,70,1,1
BRDA:1768,71,0,182
BRDA:1768,71,1,1
BRDA:1832,72,0,1
BRDA:1832,72,1,0
BRDA:1834,73,0,0
BRDA:1834,73,1,9
BRF:156
BRH:127
end_of_record
TN:
SF:src\layouts\views\InvoiceDetails\mockData.js
FNF:0
FNH:0
DA:4,3
DA:122,3
DA:231,3
DA:270,3
LF:4
LH:4
BRF:0
BRH:0
end_of_record
TN:
SF:src\layouts\views\InvoiceDetails\spainFlag.png
FNF:0
FNH:0
DA:1,3
LF:1
LH:1
BRF:0
BRH:0
end_of_record
TN:
SF:src\layouts\views\InvoiceDetails\user.png
FNF:0
FNH:0
DA:1,3
LF:1
LH:1
BRF:0
BRH:0
end_of_record
TN:
SF:src\layouts\views\InvoiceDetails\flags\4x3\ac.svg
FNF:0
FNH:0
DA:1,2
LF:1
LH:1
BRF:0
BRH:0
end_of_record
TN:
SF:src\layouts\views\InvoiceDetails\flags\4x3\ad.svg
FNF:0
FNH:0
DA:1,2
LF:1
LH:1
BRF:0
BRH:0
end_of_record
TN:
SF:src\layouts\views\InvoiceDetails\flags\4x3\ae.svg
FNF:0
FNH:0
DA:1,2
LF:1
LH:1
BRF:0
BRH:0
end_of_record
TN:
SF:src\layouts\views\InvoiceDetails\flags\4x3\af.svg
FNF:0
FNH:0
DA:1,2
LF:1
LH:1
BRF:0
BRH:0
end_of_record
TN:
SF:src\layouts\views\InvoiceDetails\flags\4x3\ag.svg
FNF:0
FNH:0
DA:1,2
LF:1
LH:1
BRF:0
BRH:0
end_of_record
TN:
SF:src\layouts\views\InvoiceDetails\flags\4x3\al.svg
FNF:0
FNH:0
DA:1,2
LF:1
LH:1
BRF:0
BRH:0
end_of_record
TN:
SF:src\layouts\views\InvoiceDetails\flags\4x3\am.svg
FNF:0
FNH:0
DA:1,2
LF:1
LH:1
BRF:0
BRH:0
end_of_record
TN:
SF:src\layouts\views\InvoiceDetails\flags\4x3\ao.svg
FNF:0
FNH:0
DA:1,2
LF:1
LH:1
BRF:0
BRH:0
end_of_record
TN:
SF:src\layouts\views\InvoiceDetails\flags\4x3\aq.svg
FNF:0
FNH:0
DA:1,2
LF:1
LH:1
BRF:0
BRH:0
end_of_record
TN:
SF:src\layouts\views\InvoiceDetails\flags\4x3\ar.svg
FNF:0
FNH:0
DA:1,2
LF:1
LH:1
BRF:0
BRH:0
end_of_record
TN:
SF:src\layouts\views\InvoiceDetails\flags\4x3\as.svg
FNF:0
FNH:0
DA:1,2
LF:1
LH:1
BRF:0
BRH:0
end_of_record
TN:
SF:src\layouts\views\InvoiceDetails\flags\4x3\at.svg
FNF:0
FNH:0
DA:1,2
LF:1
LH:1
BRF:0
BRH:0
end_of_record
TN:
SF:src\layouts\views\InvoiceDetails\flags\4x3\au.svg
FNF:0
FNH:0
DA:1,2
LF:1
LH:1
BRF:0
BRH:0
end_of_record
TN:
SF:src\layouts\views\InvoiceDetails\flags\4x3\aw.svg
FNF:0
FNH:0
DA:1,2
LF:1
LH:1
BRF:0
BRH:0
end_of_record
TN:
SF:src\layouts\views\InvoiceDetails\flags\4x3\ax.svg
FNF:0
FNH:0
DA:1,2
LF:1
LH:1
BRF:0
BRH:0
end_of_record
TN:
SF:src\layouts\views\InvoiceDetails\flags\4x3\az.svg
FNF:0
FNH:0
DA:1,2
LF:1
LH:1
BRF:0
BRH:0
end_of_record
TN:
SF:src\layouts\views\InvoiceDetails\flags\4x3\ba.svg
FNF:0
FNH:0
DA:1,2
LF:1
LH:1
BRF:0
BRH:0
end_of_record
TN:
SF:src\layouts\views\InvoiceDetails\flags\4x3\bb.svg
FNF:0
FNH:0
DA:1,2
LF:1
LH:1
BRF:0
BRH:0
end_of_record
TN:
SF:src\layouts\views\InvoiceDetails\flags\4x3\bd.svg
FNF:0
FNH:0
DA:1,2
LF:1
LH:1
BRF:0
BRH:0
end_of_record
TN:
SF:src\layouts\views\InvoiceDetails\flags\4x3\be.svg
FNF:0
FNH:0
DA:1,2
LF:1
LH:1
BRF:0
BRH:0
end_of_record
TN:
SF:src\layouts\views\InvoiceDetails\flags\4x3\bf.svg
FNF:0
FNH:0
DA:1,2
LF:1
LH:1
BRF:0
BRH:0
end_of_record
TN:
SF:src\layouts\views\InvoiceDetails\flags\4x3\bg.svg
FNF:0
FNH:0
DA:1,2
LF:1
LH:1
BRF:0
BRH:0
end_of_record
TN:
SF:src\layouts\views\InvoiceDetails\flags\4x3\bh.svg
FNF:0
FNH:0
DA:1,2
LF:1
LH:1
BRF:0
BRH:0
end_of_record
TN:
SF:src\layouts\views\InvoiceDetails\flags\4x3\bi.svg
FNF:0
FNH:0
DA:1,2
LF:1
LH:1
BRF:0
BRH:0
end_of_record
TN:
SF:src\layouts\views\InvoiceDetails\flags\4x3\bj.svg
FNF:0
FNH:0
DA:1,2
LF:1
LH:1
BRF:0
BRH:0
end_of_record
TN:
SF:src\layouts\views\InvoiceDetails\flags\4x3\bl.svg
FNF:0
FNH:0
DA:1,2
LF:1
LH:1
BRF:0
BRH:0
end_of_record
TN:
SF:src\layouts\views\InvoiceDetails\flags\4x3\bm.svg
FNF:0
FNH:0
DA:1,2
LF:1
LH:1
BRF:0
BRH:0
end_of_record
TN:
SF:src\layouts\views\InvoiceDetails\flags\4x3\bn.svg
FNF:0
FNH:0
DA:1,2
LF:1
LH:1
BRF:0
BRH:0
end_of_record
TN:
SF:src\layouts\views\InvoiceDetails\flags\4x3\bo.svg
FNF:0
FNH:0
DA:1,2
LF:1
LH:1
BRF:0
BRH:0
end_of_record
TN:
SF:src\layouts\views\InvoiceDetails\flags\4x3\bq.svg
FNF:0
FNH:0
DA:1,2
LF:1
LH:1
BRF:0
BRH:0
end_of_record
TN:
SF:src\layouts\views\InvoiceDetails\flags\4x3\br.svg
FNF:0
FNH:0
DA:1,2
LF:1
LH:1
BRF:0
BRH:0
end_of_record
TN:
SF:src\layouts\views\InvoiceDetails\flags\4x3\bs.svg
FNF:0
FNH:0
DA:1,2
LF:1
LH:1
BRF:0
BRH:0
end_of_record
TN:
SF:src\layouts\views\InvoiceDetails\flags\4x3\bt.svg
FNF:0
FNH:0
DA:1,2
LF:1
LH:1
BRF:0
BRH:0
end_of_record
TN:
SF:src\layouts\views\InvoiceDetails\flags\4x3\bv.svg
FNF:0
FNH:0
DA:1,2
LF:1
LH:1
BRF:0
BRH:0
end_of_record
TN:
SF:src\layouts\views\InvoiceDetails\flags\4x3\bw.svg
FNF:0
FNH:0
DA:1,2
LF:1
LH:1
BRF:0
BRH:0
end_of_record
TN:
SF:src\layouts\views\InvoiceDetails\flags\4x3\by.svg
FNF:0
FNH:0
DA:1,2
LF:1
LH:1
BRF:0
BRH:0
end_of_record
TN:
SF:src\layouts\views\InvoiceDetails\flags\4x3\bz.svg
FNF:0
FNH:0
DA:1,2
LF:1
LH:1
BRF:0
BRH:0
end_of_record
TN:
SF:src\layouts\views\InvoiceDetails\flags\4x3\ca.svg
FNF:0
FNH:0
DA:1,2
LF:1
LH:1
BRF:0
BRH:0
end_of_record
TN:
SF:src\layouts\views\InvoiceDetails\flags\4x3\cc.svg
FNF:0
FNH:0
DA:1,2
LF:1
LH:1
BRF:0
BRH:0
end_of_record
TN:
SF:src\layouts\views\InvoiceDetails\flags\4x3\cd.svg
FNF:0
FNH:0
DA:1,2
LF:1
LH:1
BRF:0
BRH:0
end_of_record
TN:
SF:src\layouts\views\InvoiceDetails\flags\4x3\cf.svg
FNF:0
FNH:0
DA:1,2
LF:1
LH:1
BRF:0
BRH:0
end_of_record
TN:
SF:src\layouts\views\InvoiceDetails\flags\4x3\cg.svg
FNF:0
FNH:0
DA:1,2
LF:1
LH:1
BRF:0
BRH:0
end_of_record
TN:
SF:src\layouts\views\InvoiceDetails\flags\4x3\ch.svg
FNF:0
FNH:0
DA:1,2
LF:1
LH:1
BRF:0
BRH:0
end_of_record
TN:
SF:src\layouts\views\InvoiceDetails\flags\4x3\ci.svg
FNF:0
FNH:0
DA:1,2
LF:1
LH:1
BRF:0
BRH:0
end_of_record
TN:
SF:src\layouts\views\InvoiceDetails\flags\4x3\ck.svg
FNF:0
FNH:0
DA:1,2
LF:1
LH:1
BRF:0
BRH:0
end_of_record
TN:
SF:src\layouts\views\InvoiceDetails\flags\4x3\cl.svg
FNF:0
FNH:0
DA:1,2
LF:1
LH:1
BRF:0
BRH:0
end_of_record
TN:
SF:src\layouts\views\InvoiceDetails\flags\4x3\cm.svg
FNF:0
FNH:0
DA:1,2
LF:1
LH:1
BRF:0
BRH:0
end_of_record
TN:
SF:src\layouts\views\InvoiceDetails\flags\4x3\cn.svg
FNF:0
FNH:0
DA:1,2
LF:1
LH:1
BRF:0
BRH:0
end_of_record
TN:
SF:src\layouts\views\InvoiceDetails\flags\4x3\co.svg
FNF:0
FNH:0
DA:1,2
LF:1
LH:1
BRF:0
BRH:0
end_of_record
TN:
SF:src\layouts\views\InvoiceDetails\flags\4x3\cp.svg
FNF:0
FNH:0
DA:1,2
LF:1
LH:1
BRF:0
BRH:0
end_of_record
TN:
SF:src\layouts\views\InvoiceDetails\flags\4x3\cr.svg
FNF:0
FNH:0
DA:1,2
LF:1
LH:1
BRF:0
BRH:0
end_of_record
TN:
SF:src\layouts\views\InvoiceDetails\flags\4x3\cu.svg
FNF:0
FNH:0
DA:1,2
LF:1
LH:1
BRF:0
BRH:0
end_of_record
TN:
SF:src\layouts\views\InvoiceDetails\flags\4x3\cv.svg
FNF:0
FNH:0
DA:1,2
LF:1
LH:1
BRF:0
BRH:0
end_of_record
TN:
SF:src\layouts\views\InvoiceDetails\flags\4x3\cw.svg
FNF:0
FNH:0
DA:1,2
LF:1
LH:1
BRF:0
BRH:0
end_of_record
TN:
SF:src\layouts\views\InvoiceDetails\flags\4x3\cx.svg
FNF:0
FNH:0
DA:1,2
LF:1
LH:1
BRF:0
BRH:0
end_of_record
TN:
SF:src\layouts\views\InvoiceDetails\flags\4x3\cy.svg
FNF:0
FNH:0
DA:1,2
LF:1
LH:1
BRF:0
BRH:0
end_of_record
TN:
SF:src\layouts\views\InvoiceDetails\flags\4x3\cz.svg
FNF:0
FNH:0
DA:1,2
LF:1
LH:1
BRF:0
BRH:0
end_of_record
TN:
SF:src\layouts\views\InvoiceDetails\flags\4x3\de.svg
FNF:0
FNH:0
DA:1,2
LF:1
LH:1
BRF:0
BRH:0
end_of_record
TN:
SF:src\layouts\views\InvoiceDetails\flags\4x3\dg.svg
FNF:0
FNH:0
DA:1,2
LF:1
LH:1
BRF:0
BRH:0
end_of_record
TN:
SF:src\layouts\views\InvoiceDetails\flags\4x3\dj.svg
FNF:0
FNH:0
DA:1,2
LF:1
LH:1
BRF:0
BRH:0
end_of_record
TN:
SF:src\layouts\views\InvoiceDetails\flags\4x3\dk.svg
FNF:0
FNH:0
DA:1,2
LF:1
LH:1
BRF:0
BRH:0
end_of_record
TN:
SF:src\layouts\views\InvoiceDetails\flags\4x3\dm.svg
FNF:0
FNH:0
DA:1,2
LF:1
LH:1
BRF:0
BRH:0
end_of_record
TN:
SF:src\layouts\views\InvoiceDetails\flags\4x3\dz.svg
FNF:0
FNH:0
DA:1,2
LF:1
LH:1
BRF:0
BRH:0
end_of_record
TN:
SF:src\layouts\views\InvoiceDetails\flags\4x3\ea.svg
FNF:0
FNH:0
DA:1,2
LF:1
LH:1
BRF:0
BRH:0
end_of_record
TN:
SF:src\layouts\views\InvoiceDetails\flags\4x3\ec.svg
FNF:0
FNH:0
DA:1,2
LF:1
LH:1
BRF:0
BRH:0
end_of_record
TN:
SF:src\layouts\views\InvoiceDetails\flags\4x3\ee.svg
FNF:0
FNH:0
DA:1,2
LF:1
LH:1
BRF:0
BRH:0
end_of_record
TN:
SF:src\layouts\views\InvoiceDetails\flags\4x3\eg.svg
FNF:0
FNH:0
DA:1,2
LF:1
LH:1
BRF:0
BRH:0
end_of_record
TN:
SF:src\layouts\views\InvoiceDetails\flags\4x3\eh.svg
FNF:0
FNH:0
DA:1,2
LF:1
LH:1
BRF:0
BRH:0
end_of_record
TN:
SF:src\layouts\views\InvoiceDetails\flags\4x3\er.svg
FNF:0
FNH:0
DA:1,2
LF:1
LH:1
BRF:0
BRH:0
end_of_record
TN:
SF:src\layouts\views\InvoiceDetails\flags\4x3\es-ct.svg
FNF:0
FNH:0
DA:1,2
LF:1
LH:1
BRF:0
BRH:0
end_of_record
TN:
SF:src\layouts\views\InvoiceDetails\flags\4x3\es-ga.svg
FNF:0
FNH:0
DA:1,2
LF:1
LH:1
BRF:0
BRH:0
end_of_record
TN:
SF:src\layouts\views\InvoiceDetails\flags\4x3\es.svg
FNF:0
FNH:0
DA:1,2
LF:1
LH:1
BRF:0
BRH:0
end_of_record
TN:
SF:src\layouts\views\InvoiceDetails\flags\4x3\et.svg
FNF:0
FNH:0
DA:1,2
LF:1
LH:1
BRF:0
BRH:0
end_of_record
TN:
SF:src\layouts\views\InvoiceDetails\flags\4x3\eu.svg
FNF:0
FNH:0
DA:1,2
LF:1
LH:1
BRF:0
BRH:0
end_of_record
TN:
SF:src\layouts\views\InvoiceDetails\flags\4x3\fi.svg
FNF:0
FNH:0
DA:1,2
LF:1
LH:1
BRF:0
BRH:0
end_of_record
TN:
SF:src\layouts\views\InvoiceDetails\flags\4x3\fj.svg
FNF:0
FNH:0
DA:1,2
LF:1
LH:1
BRF:0
BRH:0
end_of_record
TN:
SF:src\layouts\views\InvoiceDetails\flags\4x3\fk.svg
FNF:0
FNH:0
DA:1,2
LF:1
LH:1
BRF:0
BRH:0
end_of_record
TN:
SF:src\layouts\views\InvoiceDetails\flags\4x3\fm.svg
FNF:0
FNH:0
DA:1,2
LF:1
LH:1
BRF:0
BRH:0
end_of_record
TN:
SF:src\layouts\views\InvoiceDetails\flags\4x3\fo.svg
FNF:0
FNH:0
DA:1,2
LF:1
LH:1
BRF:0
BRH:0
end_of_record
TN:
SF:src\layouts\views\InvoiceDetails\flags\4x3\fr.svg
FNF:0
FNH:0
DA:1,2
LF:1
LH:1
BRF:0
BRH:0
end_of_record
TN:
SF:src\layouts\views\InvoiceDetails\flags\4x3\ga.svg
FNF:0
FNH:0
DA:1,2
LF:1
LH:1
BRF:0
BRH:0
end_of_record
TN:
SF:src\layouts\views\InvoiceDetails\flags\4x3\gb-eng.svg
FNF:0
FNH:0
DA:1,2
LF:1
LH:1
BRF:0
BRH:0
end_of_record
TN:
SF:src\layouts\views\InvoiceDetails\flags\4x3\gb-nir.svg
FNF:0
FNH:0
DA:1,2
LF:1
LH:1
BRF:0
BRH:0
end_of_record
TN:
SF:src\layouts\views\InvoiceDetails\flags\4x3\gb-sct.svg
FNF:0
FNH:0
DA:1,2
LF:1
LH:1
BRF:0
BRH:0
end_of_record
TN:
SF:src\layouts\views\InvoiceDetails\flags\4x3\gb-wls.svg
FNF:0
FNH:0
DA:1,2
LF:1
LH:1
BRF:0
BRH:0
end_of_record
TN:
SF:src\layouts\views\InvoiceDetails\flags\4x3\gb.svg
FNF:0
FNH:0
DA:1,2
LF:1
LH:1
BRF:0
BRH:0
end_of_record
TN:
SF:src\layouts\views\InvoiceDetails\flags\4x3\gd.svg
FNF:0
FNH:0
DA:1,2
LF:1
LH:1
BRF:0
BRH:0
end_of_record
TN:
SF:src\layouts\views\InvoiceDetails\flags\4x3\ge.svg
FNF:0
FNH:0
DA:1,2
LF:1
LH:1
BRF:0
BRH:0
end_of_record
TN:
SF:src\layouts\views\InvoiceDetails\flags\4x3\gf.svg
FNF:0
FNH:0
DA:1,2
LF:1
LH:1
BRF:0
BRH:0
end_of_record
TN:
SF:src\layouts\views\InvoiceDetails\flags\4x3\gg.svg
FNF:0
FNH:0
DA:1,2
LF:1
LH:1
BRF:0
BRH:0
end_of_record
TN:
SF:src\layouts\views\InvoiceDetails\flags\4x3\gh.svg
FNF:0
FNH:0
DA:1,2
LF:1
LH:1
BRF:0
BRH:0
end_of_record
TN:
SF:src\layouts\views\InvoiceDetails\flags\4x3\gi.svg
FNF:0
FNH:0
DA:1,2
LF:1
LH:1
BRF:0
BRH:0
end_of_record
TN:
SF:src\layouts\views\InvoiceDetails\flags\4x3\gl.svg
FNF:0
FNH:0
DA:1,2
LF:1
LH:1
BRF:0
BRH:0
end_of_record
TN:
SF:src\layouts\views\InvoiceDetails\flags\4x3\gm.svg
FNF:0
FNH:0
DA:1,2
LF:1
LH:1
BRF:0
BRH:0
end_of_record
TN:
SF:src\layouts\views\InvoiceDetails\flags\4x3\gn.svg
FNF:0
FNH:0
DA:1,2
LF:1
LH:1
BRF:0
BRH:0
end_of_record
TN:
SF:src\layouts\views\InvoiceDetails\flags\4x3\gp.svg
FNF:0
FNH:0
DA:1,2
LF:1
LH:1
BRF:0
BRH:0
end_of_record
TN:
SF:src\layouts\views\InvoiceDetails\flags\4x3\gq.svg
FNF:0
FNH:0
DA:1,2
LF:1
LH:1
BRF:0
BRH:0
end_of_record
TN:
SF:src\layouts\views\InvoiceDetails\flags\4x3\gr.svg
FNF:0
FNH:0
DA:1,2
LF:1
LH:1
BRF:0
BRH:0
end_of_record
TN:
SF:src\layouts\views\InvoiceDetails\flags\4x3\gs.svg
FNF:0
FNH:0
DA:1,2
LF:1
LH:1
BRF:0
BRH:0
end_of_record
TN:
SF:src\layouts\views\InvoiceDetails\flags\4x3\gt.svg
FNF:0
FNH:0
DA:1,2
LF:1
LH:1
BRF:0
BRH:0
end_of_record
TN:
SF:src\layouts\views\InvoiceDetails\flags\4x3\gu.svg
FNF:0
FNH:0
DA:1,2
LF:1
LH:1
BRF:0
BRH:0
end_of_record
TN:
SF:src\layouts\views\InvoiceDetails\flags\4x3\gw.svg
FNF:0
FNH:0
DA:1,2
LF:1
LH:1
BRF:0
BRH:0
end_of_record
TN:
SF:src\layouts\views\InvoiceDetails\flags\4x3\gy.svg
FNF:0
FNH:0
DA:1,2
LF:1
LH:1
BRF:0
BRH:0
end_of_record
TN:
SF:src\layouts\views\InvoiceDetails\flags\4x3\hk.svg
FNF:0
FNH:0
DA:1,2
LF:1
LH:1
BRF:0
BRH:0
end_of_record
TN:
SF:src\layouts\views\InvoiceDetails\flags\4x3\hm.svg
FNF:0
FNH:0
DA:1,2
LF:1
LH:1
BRF:0
BRH:0
end_of_record
TN:
SF:src\layouts\views\InvoiceDetails\flags\4x3\hn.svg
FNF:0
FNH:0
DA:1,2
LF:1
LH:1
BRF:0
BRH:0
end_of_record
TN:
SF:src\layouts\views\InvoiceDetails\flags\4x3\hr.svg
FNF:0
FNH:0
DA:1,2
LF:1
LH:1
BRF:0
BRH:0
end_of_record
TN:
SF:src\layouts\views\InvoiceDetails\flags\4x3\ht.svg
FNF:0
FNH:0
DA:1,2
LF:1
LH:1
BRF:0
BRH:0
end_of_record
TN:
SF:src\layouts\views\InvoiceDetails\flags\4x3\hu.svg
FNF:0
FNH:0
DA:1,2
LF:1
LH:1
BRF:0
BRH:0
end_of_record
TN:
SF:src\layouts\views\InvoiceDetails\flags\4x3\ic.svg
FNF:0
FNH:0
DA:1,2
LF:1
LH:1
BRF:0
BRH:0
end_of_record
TN:
SF:src\layouts\views\InvoiceDetails\flags\4x3\id.svg
FNF:0
FNH:0
DA:1,2
LF:1
LH:1
BRF:0
BRH:0
end_of_record
TN:
SF:src\layouts\views\InvoiceDetails\flags\4x3\ie.svg
FNF:0
FNH:0
DA:1,2
LF:1
LH:1
BRF:0
BRH:0
end_of_record
TN:
SF:src\layouts\views\InvoiceDetails\flags\4x3\il.svg
FNF:0
FNH:0
DA:1,2
LF:1
LH:1
BRF:0
BRH:0
end_of_record
TN:
SF:src\layouts\views\InvoiceDetails\flags\4x3\im.svg
FNF:0
FNH:0
DA:1,2
LF:1
LH:1
BRF:0
BRH:0
end_of_record
TN:
SF:src\layouts\views\InvoiceDetails\flags\4x3\in.svg
FNF:0
FNH:0
DA:1,2
LF:1
LH:1
BRF:0
BRH:0
end_of_record
TN:
SF:src\layouts\views\InvoiceDetails\flags\4x3\io.svg
FNF:0
FNH:0
DA:1,2
LF:1
LH:1
BRF:0
BRH:0
end_of_record
TN:
SF:src\layouts\views\InvoiceDetails\flags\4x3\iq.svg
FNF:0
FNH:0
DA:1,2
LF:1
LH:1
BRF:0
BRH:0
end_of_record
TN:
SF:src\layouts\views\InvoiceDetails\flags\4x3\ir.svg
FNF:0
FNH:0
DA:1,2
LF:1
LH:1
BRF:0
BRH:0
end_of_record
TN:
SF:src\layouts\views\InvoiceDetails\flags\4x3\is.svg
FNF:0
FNH:0
DA:1,2
LF:1
LH:1
BRF:0
BRH:0
end_of_record
TN:
SF:src\layouts\views\InvoiceDetails\flags\4x3\it.svg
FNF:0
FNH:0
DA:1,2
LF:1
LH:1
BRF:0
BRH:0
end_of_record
TN:
SF:src\layouts\views\InvoiceDetails\flags\4x3\je.svg
FNF:0
FNH:0
DA:1,2
LF:1
LH:1
BRF:0
BRH:0
end_of_record
TN:
SF:src\layouts\views\InvoiceDetails\flags\4x3\jm.svg
FNF:0
FNH:0
DA:1,2
LF:1
LH:1
BRF:0
BRH:0
end_of_record
TN:
SF:src\layouts\views\InvoiceDetails\flags\4x3\jo.svg
FNF:0
FNH:0
DA:1,2
LF:1
LH:1
BRF:0
BRH:0
end_of_record
TN:
SF:src\layouts\views\InvoiceDetails\flags\4x3\jp.svg
FNF:0
FNH:0
DA:1,2
LF:1
LH:1
BRF:0
BRH:0
end_of_record
TN:
SF:src\layouts\views\InvoiceDetails\flags\4x3\ke.svg
FNF:0
FNH:0
DA:1,2
LF:1
LH:1
BRF:0
BRH:0
end_of_record
TN:
SF:src\layouts\views\InvoiceDetails\flags\4x3\kg.svg
FNF:0
FNH:0
DA:1,2
LF:1
LH:1
BRF:0
BRH:0
end_of_record
TN:
SF:src\layouts\views\InvoiceDetails\flags\4x3\kh.svg
FNF:0
FNH:0
DA:1,2
LF:1
LH:1
BRF:0
BRH:0
end_of_record
TN:
SF:src\layouts\views\InvoiceDetails\flags\4x3\ki.svg
FNF:0
FNH:0
DA:1,2
LF:1
LH:1
BRF:0
BRH:0
end_of_record
TN:
SF:src\layouts\views\InvoiceDetails\flags\4x3\km.svg
FNF:0
FNH:0
DA:1,2
LF:1
LH:1
BRF:0
BRH:0
end_of_record
TN:
SF:src\layouts\views\InvoiceDetails\flags\4x3\kn.svg
FNF:0
FNH:0
DA:1,2
LF:1
LH:1
BRF:0
BRH:0
end_of_record
TN:
SF:src\layouts\views\InvoiceDetails\flags\4x3\kp.svg
FNF:0
FNH:0
DA:1,2
LF:1
LH:1
BRF:0
BRH:0
end_of_record
TN:
SF:src\layouts\views\InvoiceDetails\flags\4x3\kr.svg
FNF:0
FNH:0
DA:1,2
LF:1
LH:1
BRF:0
BRH:0
end_of_record
TN:
SF:src\layouts\views\InvoiceDetails\flags\4x3\kw.svg
FNF:0
FNH:0
DA:1,2
LF:1
LH:1
BRF:0
BRH:0
end_of_record
TN:
SF:src\layouts\views\InvoiceDetails\flags\4x3\ky.svg
FNF:0
FNH:0
DA:1,2
LF:1
LH:1
BRF:0
BRH:0
end_of_record
TN:
SF:src\layouts\views\InvoiceDetails\flags\4x3\kz.svg
FNF:0
FNH:0
DA:1,2
LF:1
LH:1
BRF:0
BRH:0
end_of_record
TN:
SF:src\layouts\views\InvoiceDetails\flags\4x3\la.svg
FNF:0
FNH:0
DA:1,2
LF:1
LH:1
BRF:0
BRH:0
end_of_record
TN:
SF:src\layouts\views\InvoiceDetails\flags\4x3\lb.svg
FNF:0
FNH:0
DA:1,2
LF:1
LH:1
BRF:0
BRH:0
end_of_record
TN:
SF:src\layouts\views\InvoiceDetails\flags\4x3\lc.svg
FNF:0
FNH:0
DA:1,2
LF:1
LH:1
BRF:0
BRH:0
end_of_record
TN:
SF:src\layouts\views\InvoiceDetails\flags\4x3\li.svg
FNF:0
FNH:0
DA:1,2
LF:1
LH:1
BRF:0
BRH:0
end_of_record
TN:
SF:src\layouts\views\InvoiceDetails\flags\4x3\lk.svg
FNF:0
FNH:0
DA:1,2
LF:1
LH:1
BRF:0
BRH:0
end_of_record
TN:
SF:src\layouts\views\InvoiceDetails\flags\4x3\lr.svg
FNF:0
FNH:0
DA:1,2
LF:1
LH:1
BRF:0
BRH:0
end_of_record
TN:
SF:src\layouts\views\InvoiceDetails\flags\4x3\ls.svg
FNF:0
FNH:0
DA:1,2
LF:1
LH:1
BRF:0
BRH:0
end_of_record
TN:
SF:src\layouts\views\InvoiceDetails\flags\4x3\lt.svg
FNF:0
FNH:0
DA:1,2
LF:1
LH:1
BRF:0
BRH:0
end_of_record
TN:
SF:src\layouts\views\InvoiceDetails\flags\4x3\lu.svg
FNF:0
FNH:0
DA:1,2
LF:1
LH:1
BRF:0
BRH:0
end_of_record
TN:
SF:src\layouts\views\InvoiceDetails\flags\4x3\lv.svg
FNF:0
FNH:0
DA:1,2
LF:1
LH:1
BRF:0
BRH:0
end_of_record
TN:
SF:src\layouts\views\InvoiceDetails\flags\4x3\ly.svg
FNF:0
FNH:0
DA:1,2
LF:1
LH:1
BRF:0
BRH:0
end_of_record
TN:
SF:src\layouts\views\InvoiceDetails\flags\4x3\ma.svg
FNF:0
FNH:0
DA:1,2
LF:1
LH:1
BRF:0
BRH:0
end_of_record
TN:
SF:src\layouts\views\InvoiceDetails\flags\4x3\mc.svg
FNF:0
FNH:0
DA:1,2
LF:1
LH:1
BRF:0
BRH:0
end_of_record
TN:
SF:src\layouts\views\InvoiceDetails\flags\4x3\md.svg
FNF:0
FNH:0
DA:1,2
LF:1
LH:1
BRF:0
BRH:0
end_of_record
TN:
SF:src\layouts\views\InvoiceDetails\flags\4x3\me.svg
FNF:0
FNH:0
DA:1,2
LF:1
LH:1
BRF:0
BRH:0
end_of_record
TN:
SF:src\layouts\views\InvoiceDetails\flags\4x3\mf.svg
FNF:0
FNH:0
DA:1,2
LF:1
LH:1
BRF:0
BRH:0
end_of_record
TN:
SF:src\layouts\views\InvoiceDetails\flags\4x3\mg.svg
FNF:0
FNH:0
DA:1,2
LF:1
LH:1
BRF:0
BRH:0
end_of_record
TN:
SF:src\layouts\views\InvoiceDetails\flags\4x3\mh.svg
FNF:0
FNH:0
DA:1,2
LF:1
LH:1
BRF:0
BRH:0
end_of_record
TN:
SF:src\layouts\views\InvoiceDetails\flags\4x3\mk.svg
FNF:0
FNH:0
DA:1,2
LF:1
LH:1
BRF:0
BRH:0
end_of_record
TN:
SF:src\layouts\views\InvoiceDetails\flags\4x3\ml.svg
FNF:0
FNH:0
DA:1,2
LF:1
LH:1
BRF:0
BRH:0
end_of_record
TN:
SF:src\layouts\views\InvoiceDetails\flags\4x3\mm.svg
FNF:0
FNH:0
DA:1,2
LF:1
LH:1
BRF:0
BRH:0
end_of_record
TN:
SF:src\layouts\views\InvoiceDetails\flags\4x3\mn.svg
FNF:0
FNH:0
DA:1,2
LF:1
LH:1
BRF:0
BRH:0
end_of_record
TN:
SF:src\layouts\views\InvoiceDetails\flags\4x3\mo.svg
FNF:0
FNH:0
DA:1,2
LF:1
LH:1
BRF:0
BRH:0
end_of_record
TN:
SF:src\layouts\views\InvoiceDetails\flags\4x3\mp.svg
FNF:0
FNH:0
DA:1,2
LF:1
LH:1
BRF:0
BRH:0
end_of_record
TN:
SF:src\layouts\views\InvoiceDetails\flags\4x3\mq.svg
FNF:0
FNH:0
DA:1,2
LF:1
LH:1
BRF:0
BRH:0
end_of_record
TN:
SF:src\layouts\views\InvoiceDetails\flags\4x3\mr.svg
FNF:0
FNH:0
DA:1,2
LF:1
LH:1
BRF:0
BRH:0
end_of_record
TN:
SF:src\layouts\views\InvoiceDetails\flags\4x3\ms.svg
FNF:0
FNH:0
DA:1,2
LF:1
LH:1
BRF:0
BRH:0
end_of_record
TN:
SF:src\layouts\views\InvoiceDetails\flags\4x3\mt.svg
FNF:0
FNH:0
DA:1,2
LF:1
LH:1
BRF:0
BRH:0
end_of_record
TN:
SF:src\layouts\views\InvoiceDetails\flags\4x3\mu.svg
FNF:0
FNH:0
DA:1,2
LF:1
LH:1
BRF:0
BRH:0
end_of_record
TN:
SF:src\layouts\views\InvoiceDetails\flags\4x3\mv.svg
FNF:0
FNH:0
DA:1,2
LF:1
LH:1
BRF:0
BRH:0
end_of_record
TN:
SF:src\layouts\views\InvoiceDetails\flags\4x3\mw.svg
FNF:0
FNH:0
DA:1,2
LF:1
LH:1
BRF:0
BRH:0
end_of_record
TN:
SF:src\layouts\views\InvoiceDetails\flags\4x3\mx.svg
FNF:0
FNH:0
DA:1,2
LF:1
LH:1
BRF:0
BRH:0
end_of_record
TN:
SF:src\layouts\views\InvoiceDetails\flags\4x3\my.svg
FNF:0
FNH:0
DA:1,2
LF:1
LH:1
BRF:0
BRH:0
end_of_record
TN:
SF:src\layouts\views\InvoiceDetails\flags\4x3\mz.svg
FNF:0
FNH:0
DA:1,2
LF:1
LH:1
BRF:0
BRH:0
end_of_record
TN:
SF:src\layouts\views\InvoiceDetails\flags\4x3\na.svg
FNF:0
FNH:0
DA:1,2
LF:1
LH:1
BRF:0
BRH:0
end_of_record
TN:
SF:src\layouts\views\InvoiceDetails\flags\4x3\nf.svg
FNF:0
FNH:0
DA:1,2
LF:1
LH:1
BRF:0
BRH:0
end_of_record
TN:
SF:src\layouts\views\InvoiceDetails\flags\4x3\ng.svg
FNF:0
FNH:0
DA:1,2
LF:1
LH:1
BRF:0
BRH:0
end_of_record
TN:
SF:src\layouts\views\InvoiceDetails\flags\4x3\ni.svg
FNF:0
FNH:0
DA:1,2
LF:1
LH:1
BRF:0
BRH:0
end_of_record
TN:
SF:src\layouts\views\InvoiceDetails\flags\4x3\nl.svg
FNF:0
FNH:0
DA:1,2
LF:1
LH:1
BRF:0
BRH:0
end_of_record
TN:
SF:src\layouts\views\InvoiceDetails\flags\4x3\no.svg
FNF:0
FNH:0
DA:1,2
LF:1
LH:1
BRF:0
BRH:0
end_of_record
TN:
SF:src\layouts\views\InvoiceDetails\flags\4x3\np.svg
FNF:0
FNH:0
DA:1,2
LF:1
LH:1
BRF:0
BRH:0
end_of_record
TN:
SF:src\layouts\views\InvoiceDetails\flags\4x3\nr.svg
FNF:0
FNH:0
DA:1,2
LF:1
LH:1
BRF:0
BRH:0
end_of_record
TN:
SF:src\layouts\views\InvoiceDetails\flags\4x3\nu.svg
FNF:0
FNH:0
DA:1,2
LF:1
LH:1
BRF:0
BRH:0
end_of_record
TN:
SF:src\layouts\views\InvoiceDetails\flags\4x3\nz.svg
FNF:0
FNH:0
DA:1,2
LF:1
LH:1
BRF:0
BRH:0
end_of_record
TN:
SF:src\layouts\views\InvoiceDetails\flags\4x3\om.svg
FNF:0
FNH:0
DA:1,2
LF:1
LH:1
BRF:0
BRH:0
end_of_record
TN:
SF:src\layouts\views\InvoiceDetails\flags\4x3\pa.svg
FNF:0
FNH:0
DA:1,2
LF:1
LH:1
BRF:0
BRH:0
end_of_record
TN:
SF:src\layouts\views\InvoiceDetails\flags\4x3\pf.svg
FNF:0
FNH:0
DA:1,2
LF:1
LH:1
BRF:0
BRH:0
end_of_record
TN:
SF:src\layouts\views\InvoiceDetails\flags\4x3\pg.svg
FNF:0
FNH:0
DA:1,2
LF:1
LH:1
BRF:0
BRH:0
end_of_record
TN:
SF:src\layouts\views\InvoiceDetails\flags\4x3\ph.svg
FNF:0
FNH:0
DA:1,2
LF:1
LH:1
BRF:0
BRH:0
end_of_record
TN:
SF:src\layouts\views\InvoiceDetails\flags\4x3\pk.svg
FNF:0
FNH:0
DA:1,2
LF:1
LH:1
BRF:0
BRH:0
end_of_record
TN:
SF:src\layouts\views\InvoiceDetails\flags\4x3\pl.svg
FNF:0
FNH:0
DA:1,2
LF:1
LH:1
BRF:0
BRH:0
end_of_record
TN:
SF:src\layouts\views\InvoiceDetails\flags\4x3\pm.svg
FNF:0
FNH:0
DA:1,2
LF:1
LH:1
BRF:0
BRH:0
end_of_record
TN:
SF:src\layouts\views\InvoiceDetails\flags\4x3\pn.svg
FNF:0
FNH:0
DA:1,2
LF:1
LH:1
BRF:0
BRH:0
end_of_record
TN:
SF:src\layouts\views\InvoiceDetails\flags\4x3\pr.svg
FNF:0
FNH:0
DA:1,2
LF:1
LH:1
BRF:0
BRH:0
end_of_record
TN:
SF:src\layouts\views\InvoiceDetails\flags\4x3\ps.svg
FNF:0
FNH:0
DA:1,2
LF:1
LH:1
BRF:0
BRH:0
end_of_record
TN:
SF:src\layouts\views\InvoiceDetails\flags\4x3\pt.svg
FNF:0
FNH:0
DA:1,2
LF:1
LH:1
BRF:0
BRH:0
end_of_record
TN:
SF:src\layouts\views\InvoiceDetails\flags\4x3\pw.svg
FNF:0
FNH:0
DA:1,2
LF:1
LH:1
BRF:0
BRH:0
end_of_record
TN:
SF:src\layouts\views\InvoiceDetails\flags\4x3\py.svg
FNF:0
FNH:0
DA:1,2
LF:1
LH:1
BRF:0
BRH:0
end_of_record
TN:
SF:src\layouts\views\InvoiceDetails\flags\4x3\qa.svg
FNF:0
FNH:0
DA:1,2
LF:1
LH:1
BRF:0
BRH:0
end_of_record
TN:
SF:src\layouts\views\InvoiceDetails\flags\4x3\re.svg
FNF:0
FNH:0
DA:1,2
LF:1
LH:1
BRF:0
BRH:0
end_of_record
TN:
SF:src\layouts\views\InvoiceDetails\flags\4x3\ro.svg
FNF:0
FNH:0
DA:1,2
LF:1
LH:1
BRF:0
BRH:0
end_of_record
TN:
SF:src\layouts\views\InvoiceDetails\flags\4x3\rs.svg
FNF:0
FNH:0
DA:1,2
LF:1
LH:1
BRF:0
BRH:0
end_of_record
TN:
SF:src\layouts\views\InvoiceDetails\flags\4x3\ru.svg
FNF:0
FNH:0
DA:1,2
LF:1
LH:1
BRF:0
BRH:0
end_of_record
TN:
SF:src\layouts\views\InvoiceDetails\flags\4x3\rw.svg
FNF:0
FNH:0
DA:1,2
LF:1
LH:1
BRF:0
BRH:0
end_of_record
TN:
SF:src\layouts\views\InvoiceDetails\flags\4x3\sa.svg
FNF:0
FNH:0
DA:1,2
LF:1
LH:1
BRF:0
BRH:0
end_of_record
TN:
SF:src\layouts\views\InvoiceDetails\flags\4x3\sb.svg
FNF:0
FNH:0
DA:1,2
LF:1
LH:1
BRF:0
BRH:0
end_of_record
TN:
SF:src\layouts\views\InvoiceDetails\flags\4x3\sc.svg
FNF:0
FNH:0
DA:1,2
LF:1
LH:1
BRF:0
BRH:0
end_of_record
TN:
SF:src\layouts\views\InvoiceDetails\flags\4x3\sd.svg
FNF:0
FNH:0
DA:1,2
LF:1
LH:1
BRF:0
BRH:0
end_of_record
TN:
SF:src\layouts\views\InvoiceDetails\flags\4x3\se.svg
FNF:0
FNH:0
DA:1,2
LF:1
LH:1
BRF:0
BRH:0
end_of_record
TN:
SF:src\layouts\views\InvoiceDetails\flags\4x3\sg.svg
FNF:0
FNH:0
DA:1,2
LF:1
LH:1
BRF:0
BRH:0
end_of_record
TN:
SF:src\layouts\views\InvoiceDetails\flags\4x3\sh.svg
FNF:0
FNH:0
DA:1,2
LF:1
LH:1
BRF:0
BRH:0
end_of_record
TN:
SF:src\layouts\views\InvoiceDetails\flags\4x3\si.svg
FNF:0
FNH:0
DA:1,2
LF:1
LH:1
BRF:0
BRH:0
end_of_record
TN:
SF:src\layouts\views\InvoiceDetails\flags\4x3\sj.svg
FNF:0
FNH:0
DA:1,2
LF:1
LH:1
BRF:0
BRH:0
end_of_record
TN:
SF:src\layouts\views\InvoiceDetails\flags\4x3\sk.svg
FNF:0
FNH:0
DA:1,2
LF:1
LH:1
BRF:0
BRH:0
end_of_record
TN:
SF:src\layouts\views\InvoiceDetails\flags\4x3\sl.svg
FNF:0
FNH:0
DA:1,2
LF:1
LH:1
BRF:0
BRH:0
end_of_record
TN:
SF:src\layouts\views\InvoiceDetails\flags\4x3\sm.svg
FNF:0
FNH:0
DA:1,2
LF:1
LH:1
BRF:0
BRH:0
end_of_record
TN:
SF:src\layouts\views\InvoiceDetails\flags\4x3\sn.svg
FNF:0
FNH:0
DA:1,2
LF:1
LH:1
BRF:0
BRH:0
end_of_record
TN:
SF:src\layouts\views\InvoiceDetails\flags\4x3\so.svg
FNF:0
FNH:0
DA:1,2
LF:1
LH:1
BRF:0
BRH:0
end_of_record
TN:
SF:src\layouts\views\InvoiceDetails\flags\4x3\sr.svg
FNF:0
FNH:0
DA:1,2
LF:1
LH:1
BRF:0
BRH:0
end_of_record
TN:
SF:src\layouts\views\InvoiceDetails\flags\4x3\ss.svg
FNF:0
FNH:0
DA:1,2
LF:1
LH:1
BRF:0
BRH:0
end_of_record
TN:
SF:src\layouts\views\InvoiceDetails\flags\4x3\st.svg
FNF:0
FNH:0
DA:1,2
LF:1
LH:1
BRF:0
BRH:0
end_of_record
TN:
SF:src\layouts\views\InvoiceDetails\flags\4x3\sv.svg
FNF:0
FNH:0
DA:1,2
LF:1
LH:1
BRF:0
BRH:0
end_of_record
TN:
SF:src\layouts\views\InvoiceDetails\flags\4x3\sx.svg
FNF:0
FNH:0
DA:1,2
LF:1
LH:1
BRF:0
BRH:0
end_of_record
TN:
SF:src\layouts\views\InvoiceDetails\flags\4x3\sy.svg
FNF:0
FNH:0
DA:1,2
LF:1
LH:1
BRF:0
BRH:0
end_of_record
TN:
SF:src\layouts\views\InvoiceDetails\flags\4x3\sz.svg
FNF:0
FNH:0
DA:1,2
LF:1
LH:1
BRF:0
BRH:0
end_of_record
TN:
SF:src\layouts\views\InvoiceDetails\flags\4x3\ta.svg
FNF:0
FNH:0
DA:1,2
LF:1
LH:1
BRF:0
BRH:0
end_of_record
TN:
SF:src\layouts\views\InvoiceDetails\flags\4x3\tc.svg
FNF:0
FNH:0
DA:1,2
LF:1
LH:1
BRF:0
BRH:0
end_of_record
TN:
SF:src\layouts\views\InvoiceDetails\flags\4x3\td.svg
FNF:0
FNH:0
DA:1,2
LF:1
LH:1
BRF:0
BRH:0
end_of_record
TN:
SF:src\layouts\views\InvoiceDetails\flags\4x3\tf.svg
FNF:0
FNH:0
DA:1,2
LF:1
LH:1
BRF:0
BRH:0
end_of_record
TN:
SF:src\layouts\views\InvoiceDetails\flags\4x3\tg.svg
FNF:0
FNH:0
DA:1,2
LF:1
LH:1
BRF:0
BRH:0
end_of_record
TN:
SF:src\layouts\views\InvoiceDetails\flags\4x3\th.svg
FNF:0
FNH:0
DA:1,2
LF:1
LH:1
BRF:0
BRH:0
end_of_record
TN:
SF:src\layouts\views\InvoiceDetails\flags\4x3\tj.svg
FNF:0
FNH:0
DA:1,2
LF:1
LH:1
BRF:0
BRH:0
end_of_record
TN:
SF:src\layouts\views\InvoiceDetails\flags\4x3\tk.svg
FNF:0
FNH:0
DA:1,2
LF:1
LH:1
BRF:0
BRH:0
end_of_record
TN:
SF:src\layouts\views\InvoiceDetails\flags\4x3\tl.svg
FNF:0
FNH:0
DA:1,2
LF:1
LH:1
BRF:0
BRH:0
end_of_record
TN:
SF:src\layouts\views\InvoiceDetails\flags\4x3\tm.svg
FNF:0
FNH:0
DA:1,2
LF:1
LH:1
BRF:0
BRH:0
end_of_record
TN:
SF:src\layouts\views\InvoiceDetails\flags\4x3\tn.svg
FNF:0
FNH:0
DA:1,2
LF:1
LH:1
BRF:0
BRH:0
end_of_record
TN:
SF:src\layouts\views\InvoiceDetails\flags\4x3\to.svg
FNF:0
FNH:0
DA:1,2
LF:1
LH:1
BRF:0
BRH:0
end_of_record
TN:
SF:src\layouts\views\InvoiceDetails\flags\4x3\tr.svg
FNF:0
FNH:0
DA:1,2
LF:1
LH:1
BRF:0
BRH:0
end_of_record
TN:
SF:src\layouts\views\InvoiceDetails\flags\4x3\tt.svg
FNF:0
FNH:0
DA:1,2
LF:1
LH:1
BRF:0
BRH:0
end_of_record
TN:
SF:src\layouts\views\InvoiceDetails\flags\4x3\tv.svg
FNF:0
FNH:0
DA:1,2
LF:1
LH:1
BRF:0
BRH:0
end_of_record
TN:
SF:src\layouts\views\InvoiceDetails\flags\4x3\tw.svg
FNF:0
FNH:0
DA:1,2
LF:1
LH:1
BRF:0
BRH:0
end_of_record
TN:
SF:src\layouts\views\InvoiceDetails\flags\4x3\tz.svg
FNF:0
FNH:0
DA:1,2
LF:1
LH:1
BRF:0
BRH:0
end_of_record
TN:
SF:src\layouts\views\InvoiceDetails\flags\4x3\ua.svg
FNF:0
FNH:0
DA:1,2
LF:1
LH:1
BRF:0
BRH:0
end_of_record
TN:
SF:src\layouts\views\InvoiceDetails\flags\4x3\ug.svg
FNF:0
FNH:0
DA:1,2
LF:1
LH:1
BRF:0
BRH:0
end_of_record
TN:
SF:src\layouts\views\InvoiceDetails\flags\4x3\um.svg
FNF:0
FNH:0
DA:1,2
LF:1
LH:1
BRF:0
BRH:0
end_of_record
TN:
SF:src\layouts\views\InvoiceDetails\flags\4x3\un.svg
FNF:0
FNH:0
DA:1,2
LF:1
LH:1
BRF:0
BRH:0
end_of_record
TN:
SF:src\layouts\views\InvoiceDetails\flags\4x3\us.svg
FNF:0
FNH:0
DA:1,2
LF:1
LH:1
BRF:0
BRH:0
end_of_record
TN:
SF:src\layouts\views\InvoiceDetails\flags\4x3\uy.svg
FNF:0
FNH:0
DA:1,2
LF:1
LH:1
BRF:0
BRH:0
end_of_record
TN:
SF:src\layouts\views\InvoiceDetails\flags\4x3\va.svg
FNF:0
FNH:0
DA:1,2
LF:1
LH:1
BRF:0
BRH:0
end_of_record
TN:
SF:src\layouts\views\InvoiceDetails\flags\4x3\vc.svg
FNF:0
FNH:0
DA:1,2
LF:1
LH:1
BRF:0
BRH:0
end_of_record
TN:
SF:src\layouts\views\InvoiceDetails\flags\4x3\ve.svg
FNF:0
FNH:0
DA:1,2
LF:1
LH:1
BRF:0
BRH:0
end_of_record
TN:
SF:src\layouts\views\InvoiceDetails\flags\4x3\vg.svg
FNF:0
FNH:0
DA:1,2
LF:1
LH:1
BRF:0
BRH:0
end_of_record
TN:
SF:src\layouts\views\InvoiceDetails\flags\4x3\vi.svg
FNF:0
FNH:0
DA:1,2
LF:1
LH:1
BRF:0
BRH:0
end_of_record
TN:
SF:src\layouts\views\InvoiceDetails\flags\4x3\vn.svg
FNF:0
FNH:0
DA:1,2
LF:1
LH:1
BRF:0
BRH:0
end_of_record
TN:
SF:src\layouts\views\InvoiceDetails\flags\4x3\vu.svg
FNF:0
FNH:0
DA:1,2
LF:1
LH:1
BRF:0
BRH:0
end_of_record
TN:
SF:src\layouts\views\InvoiceDetails\flags\4x3\wf.svg
FNF:0
FNH:0
DA:1,2
LF:1
LH:1
BRF:0
BRH:0
end_of_record
TN:
SF:src\layouts\views\InvoiceDetails\flags\4x3\ws.svg
FNF:0
FNH:0
DA:1,2
LF:1
LH:1
BRF:0
BRH:0
end_of_record
TN:
SF:src\layouts\views\InvoiceDetails\flags\4x3\xk.svg
FNF:0
FNH:0
DA:1,2
LF:1
LH:1
BRF:0
BRH:0
end_of_record
TN:
SF:src\layouts\views\InvoiceDetails\flags\4x3\xx.svg
FNF:0
FNH:0
DA:1,2
LF:1
LH:1
BRF:0
BRH:0
end_of_record
TN:
SF:src\layouts\views\InvoiceDetails\flags\4x3\ye.svg
FNF:0
FNH:0
DA:1,2
LF:1
LH:1
BRF:0
BRH:0
end_of_record
TN:
SF:src\layouts\views\InvoiceDetails\flags\4x3\yt.svg
FNF:0
FNH:0
DA:1,2
LF:1
LH:1
BRF:0
BRH:0
end_of_record
TN:
SF:src\layouts\views\InvoiceDetails\flags\4x3\za.svg
FNF:0
FNH:0
DA:1,2
LF:1
LH:1
BRF:0
BRH:0
end_of_record
TN:
SF:src\layouts\views\InvoiceDetails\flags\4x3\zm.svg
FNF:0
FNH:0
DA:1,2
LF:1
LH:1
BRF:0
BRH:0
end_of_record
TN:
SF:src\layouts\views\InvoiceDetails\flags\4x3\zw.svg
FNF:0
FNH:0
DA:1,2
LF:1
LH:1
BRF:0
BRH:0
end_of_record
TN:
SF:src\layouts\views\InvoiceDetails\test\mockdata.js
FNF:0
FNH:0
DA:1,1
LF:1
LH:1
BRF:0
BRH:0
end_of_record
TN:
SF:src\layouts\views\InvoiceListing\dots.svg
FNF:0
FNH:0
DA:1,2
LF:1
LH:1
BRF:0
BRH:0
end_of_record
TN:
SF:src\layouts\views\InvoiceListing\index.tsx
FN:22,InvoiceListing
FN:237,(anonymous_1)
FN:265,(anonymous_2)
FN:284,(anonymous_3)
FN:292,(anonymous_4)
FN:297,(anonymous_5)
FN:355,(anonymous_6)
FN:357,(anonymous_7)
FN:363,(anonymous_8)
FN:367,(anonymous_9)
FN:380,(anonymous_10)
FN:393,(anonymous_11)
FN:397,(anonymous_12)
FN:398,(anonymous_13)
FN:420,(anonymous_14)
FN:432,(anonymous_15)
FN:445,(anonymous_16)
FN:458,(anonymous_17)
FN:491,(anonymous_18)
FN:499,(anonymous_19)
FN:509,(anonymous_20)
FN:521,(anonymous_21)
FN:525,(anonymous_22)
FN:549,(anonymous_23)
FN:659,(anonymous_24)
FN:668,(anonymous_25)
FN:674,(anonymous_26)
FN:675,(anonymous_27)
FN:679,(anonymous_28)
FN:691,(anonymous_29)
FN:715,(anonymous_30)
FN:721,(anonymous_31)
FN:723,(anonymous_32)
FN:724,(anonymous_33)
FN:735,(anonymous_34)
FN:755,(anonymous_35)
FN:783,(anonymous_36)
FN:865,(anonymous_37)
FNF:38
FNH:35
FNDA:238,InvoiceListing
FNDA:234,(anonymous_1)
FNDA:1,(anonymous_2)
FNDA:148,(anonymous_3)
FNDA:55,(anonymous_4)
FNDA:128,(anonymous_5)
FNDA:26,(anonymous_6)
FNDA:0,(anonymous_7)
FNDA:20,(anonymous_8)
FNDA:9,(anonymous_9)
FNDA:0,(anonymous_10)
FNDA:17,(anonymous_11)
FNDA:8,(anonymous_12)
FNDA:3,(anonymous_13)
FNDA:1,(anonymous_14)
FNDA:1,(anonymous_15)
FNDA:2,(anonymous_16)
FNDA:4,(anonymous_17)
FNDA:936,(anonymous_18)
FNDA:234,(anonymous_19)
FNDA:0,(anonymous_20)
FNDA:3,(anonymous_21)
FNDA:702,(anonymous_22)
FNDA:6,(anonymous_23)
FNDA:7,(anonymous_24)
FNDA:3,(anonymous_25)
FNDA:11,(anonymous_26)
FNDA:16,(anonymous_27)
FNDA:77,(anonymous_28)
FNDA:77,(anonymous_29)
FNDA:2,(anonymous_30)
FNDA:1,(anonymous_31)
FNDA:1,(anonymous_32)
FNDA:9,(anonymous_33)
FNDA:9,(anonymous_34)
FNDA:468,(anonymous_35)
FNDA:2,(anonymous_36)
FNDA:1,(anonymous_37)
DA:23,238
DA:24,236
DA:25,236
DA:28,234
DA:29,234
DA:30,234
DA:31,234
DA:32,234
DA:33,234
DA:34,234
DA:35,234
DA:36,234
DA:37,234
DA:41,234
DA:45,234
DA:50,234
DA:51,234
DA:55,234
DA:81,234
DA:84,234
DA:136,234
DA:137,234
DA:188,234
DA:229,234
DA:230,234
DA:231,234
DA:232,234
DA:233,234
DA:235,234
DA:237,234
DA:238,234
DA:240,175
DA:241,175
DA:242,59
DA:244,42
DA:251,42
DA:253,17
DA:254,17
DA:258,234
DA:265,234
DA:266,1
DA:267,1
DA:268,1
DA:269,1
DA:270,1
DA:275,1
DA:279,1
DA:281,1
DA:284,234
DA:285,148
DA:286,122
DA:288,26
DA:292,234
DA:293,55
DA:294,35
DA:296,35
DA:297,35
DA:298,128
DA:302,128
DA:341,35
DA:342,33
DA:344,2
DA:348,55
DA:349,17
DA:351,38
DA:355,234
DA:356,26
DA:357,7
DA:358,0
DA:363,234
DA:364,20
DA:365,3
DA:368,9
DA:371,3
DA:372,2
DA:374,1
DA:377,17
DA:381,0
DA:385,17
DA:386,0
DA:388,17
DA:393,234
DA:394,17
DA:397,234
DA:398,8
DA:399,3
DA:400,3
DA:401,3
DA:402,3
DA:403,3
DA:404,3
DA:405,3
DA:406,3
DA:410,8
DA:411,8
DA:412,8
DA:415,8
DA:417,2
DA:418,2
DA:421,1
DA:433,1
DA:435,6
DA:436,6
DA:437,6
DA:439,6
DA:440,6
DA:446,2
DA:459,4
DA:491,936
DA:492,0
DA:495,234
DA:499,234
DA:509,0
DA:521,3
DA:525,702
DA:550,6
DA:551,6
DA:553,1
DA:554,1
DA:555,1
DA:556,1
DA:559,1
DA:560,1
DA:564,1
DA:565,1
DA:566,1
DA:569,1
DA:574,1
DA:575,1
DA:579,1
DA:583,1
DA:584,1
DA:585,1
DA:588,1
DA:593,1
DA:598,1
DA:602,1
DA:606,1
DA:607,1
DA:608,1
DA:611,1
DA:612,1
DA:617,1
DA:622,1
DA:626,1
DA:630,1
DA:631,1
DA:632,1
DA:635,1
DA:640,1
DA:645,1
DA:649,1
DA:653,1
DA:654,1
DA:655,1
DA:657,6
DA:660,7
DA:669,3
DA:670,3
DA:671,3
DA:675,16
DA:677,11
DA:679,11
DA:680,77
DA:681,11
DA:682,3
DA:684,8
DA:689,11
DA:691,11
DA:692,77
DA:693,8
DA:694,0
DA:696,8
DA:701,11
DA:702,11
DA:703,11
DA:716,2
DA:717,2
DA:718,2
DA:722,1
DA:723,1
DA:724,1
DA:725,9
DA:726,1
DA:727,0
DA:729,1
DA:734,1
DA:735,1
DA:736,9
DA:737,1
DA:738,0
DA:740,1
DA:745,1
DA:746,1
DA:747,1
DA:748,1
DA:755,468
DA:784,2
DA:866,1
DA:867,1
LF:200
LH:192
BRDA:28,0,0,234
BRDA:28,0,1,0
BRDA:238,1,0,175
BRDA:238,1,1,59
BRDA:238,2,0,234
BRDA:238,2,1,217
BRDA:242,3,0,42
BRDA:242,3,1,17
BRDA:242,4,0,59
BRDA:242,4,1,42
BRDA:285,5,0,122
BRDA:285,5,1,26
BRDA:293,6,0,35
BRDA:293,6,1,20
BRDA:304,7,0,128
BRDA:304,7,1,0
BRDA:305,8,0,128
BRDA:305,8,1,0
BRDA:307,9,0,0
BRDA:307,9,1,128
BRDA:309,10,0,128
BRDA:309,10,1,0
BRDA:310,11,0,128
BRDA:310,11,1,0
BRDA:311,12,0,128
BRDA:311,12,1,0
BRDA:312,13,0,128
BRDA:312,13,1,0
BRDA:313,14,0,128
BRDA:313,14,1,0
BRDA:315,15,0,128
BRDA:315,15,1,0
BRDA:341,16,0,33
BRDA:341,16,1,2
BRDA:348,17,0,17
BRDA:348,17,1,38
BRDA:348,18,0,55
BRDA:348,18,1,45
BRDA:348,18,2,44
BRDA:348,18,3,38
BRDA:356,19,0,7
BRDA:356,19,1,19
BRDA:364,20,0,3
BRDA:364,20,1,17
BRDA:371,21,0,2
BRDA:371,21,1,1
BRDA:371,22,0,3
BRDA:371,22,1,2
BRDA:381,23,0,0
BRDA:381,23,1,0
BRDA:385,24,0,0
BRDA:385,24,1,17
BRDA:385,25,0,17
BRDA:385,25,1,0
BRDA:399,26,0,3
BRDA:399,26,1,0
BRDA:415,27,0,2
BRDA:415,27,1,6
BRDA:435,28,0,6
BRDA:435,28,1,0
BRDA:491,29,0,0
BRDA:491,29,1,234
BRDA:499,30,0,234
BRDA:499,30,1,234
BRDA:519,31,0,175
BRDA:519,31,1,59
BRDA:525,32,0,234
BRDA:525,32,1,234
BRDA:530,33,0,214
BRDA:530,33,1,20
BRDA:534,34,0,214
BRDA:534,34,1,20
BRDA:551,35,0,1
BRDA:551,35,1,1
BRDA:551,35,2,1
BRDA:551,35,3,1
BRDA:551,35,4,1
BRDA:551,35,5,1
BRDA:670,36,0,3
BRDA:670,36,1,0
BRDA:680,37,0,11
BRDA:680,37,1,66
BRDA:681,38,0,3
BRDA:681,38,1,8
BRDA:692,39,0,8
BRDA:692,39,1,69
BRDA:693,40,0,0
BRDA:693,40,1,8
BRDA:717,41,0,2
BRDA:717,41,1,0
BRDA:725,42,0,1
BRDA:725,42,1,8
BRDA:726,43,0,0
BRDA:726,43,1,1
BRDA:736,44,0,1
BRDA:736,44,1,8
BRDA:737,45,0,0
BRDA:737,45,1,1
BRDA:755,46,0,234
BRDA:755,46,1,234
BRDA:761,47,0,234
BRDA:761,47,1,46
BRDA:777,48,0,234
BRDA:777,48,1,44
BRDA:796,49,0,2
BRDA:796,49,1,232
BRDA:796,50,0,234
BRDA:796,50,1,18
BRDA:840,51,0,16
BRDA:840,51,1,216
BRDA:847,52,0,157
BRDA:847,52,1,59
BRDA:866,53,0,1
BRDA:866,53,1,0
BRF:114
BRH:91
end_of_record
TN:
SF:src\layouts\views\Invoices\index.tsx
FN:3,Invoices
FNF:1
FNH:1
FNDA:2,Invoices
DA:4,2
LF:1
LH:1
BRF:0
BRH:0
end_of_record
TN:
SF:src\layouts\views\NewInvoice\NewInvoiceCreation.tsx
FN:8,(anonymous_0)
FN:137,(anonymous_1)
FN:138,(anonymous_2)
FN:156,(anonymous_3)
FN:166,(anonymous_4)
FN:170,(anonymous_5)
FN:175,(anonymous_6)
FN:176,(anonymous_7)
FN:194,(anonymous_8)
FN:204,(anonymous_9)
FN:208,(anonymous_10)
FN:213,(anonymous_11)
FN:221,(anonymous_12)
FN:239,(anonymous_13)
FN:247,(anonymous_14)
FN:265,(anonymous_15)
FN:272,(anonymous_16)
FN:278,(anonymous_17)
FN:314,(anonymous_18)
FN:327,(anonymous_19)
FN:342,(anonymous_20)
FN:355,(anonymous_21)
FN:371,(anonymous_22)
FN:384,(anonymous_23)
FN:401,(anonymous_24)
FN:410,(anonymous_25)
FN:423,(anonymous_26)
FN:443,(anonymous_27)
FN:452,(anonymous_28)
FN:465,(anonymous_29)
FN:491,(anonymous_30)
FN:512,(anonymous_31)
FNF:32
FNH:31
FNDA:65,(anonymous_0)
FNDA:7,(anonymous_1)
FNDA:7,(anonymous_2)
FNDA:8,(anonymous_3)
FNDA:7,(anonymous_4)
FNDA:1,(anonymous_5)
FNDA:5,(anonymous_6)
FNDA:5,(anonymous_7)
FNDA:6,(anonymous_8)
FNDA:5,(anonymous_9)
FNDA:1,(anonymous_10)
FNDA:21,(anonymous_11)
FNDA:97,(anonymous_12)
FNDA:3,(anonymous_13)
FNDA:22,(anonymous_14)
FNDA:8,(anonymous_15)
FNDA:13,(anonymous_16)
FNDA:8,(anonymous_17)
FNDA:5,(anonymous_18)
FNDA:5,(anonymous_19)
FNDA:4,(anonymous_20)
FNDA:4,(anonymous_21)
FNDA:4,(anonymous_22)
FNDA:4,(anonymous_23)
FNDA:4,(anonymous_24)
FNDA:4,(anonymous_25)
FNDA:4,(anonymous_26)
FNDA:4,(anonymous_27)
FNDA:4,(anonymous_28)
FNDA:4,(anonymous_29)
FNDA:0,(anonymous_30)
FNDA:4,(anonymous_31)
DA:8,2
DA:13,65
DA:15,65
DA:18,65
DA:19,65
DA:20,65
DA:21,65
DA:22,65
DA:25,65
DA:27,65
DA:34,65
DA:36,65
DA:99,65
DA:133,65
DA:137,65
DA:138,7
DA:139,7
DA:140,1
DA:146,6
DA:153,7
DA:156,65
DA:157,8
DA:158,8
DA:164,8
DA:167,7
DA:168,7
DA:171,1
DA:175,65
DA:176,5
DA:177,5
DA:178,1
DA:184,4
DA:191,5
DA:194,65
DA:195,6
DA:196,6
DA:202,6
DA:205,5
DA:206,5
DA:209,1
DA:213,65
DA:219,21
DA:221,21
DA:222,97
DA:223,21
DA:228,76
DA:235,21
DA:236,21
DA:239,65
DA:245,3
DA:247,3
DA:248,22
DA:249,3
DA:254,19
DA:261,3
DA:262,3
DA:265,65
DA:266,8
DA:272,65
DA:273,13
DA:274,6
DA:278,65
DA:279,8
DA:284,1
DA:291,1
DA:298,1
DA:307,65
DA:315,5
DA:321,5
DA:328,5
DA:329,5
DA:330,5
DA:331,5
DA:332,5
DA:343,4
DA:349,4
DA:356,4
DA:357,4
DA:358,4
DA:359,4
DA:360,4
DA:372,4
DA:378,4
DA:385,4
DA:386,4
DA:387,4
DA:388,4
DA:389,4
DA:402,4
DA:403,4
DA:404,4
DA:405,4
DA:406,4
DA:411,4
DA:417,4
DA:444,4
DA:445,4
DA:446,4
DA:447,4
DA:448,4
DA:453,4
DA:459,4
DA:513,4
DA:514,4
LF:104
LH:104
BRDA:15,0,0,65
BRDA:15,0,1,0
BRDA:139,1,0,1
BRDA:139,1,1,6
BRDA:177,2,0,1
BRDA:177,2,1,4
BRDA:222,3,0,21
BRDA:222,3,1,76
BRDA:248,4,0,3
BRDA:248,4,1,19
BRDA:273,5,0,6
BRDA:273,5,1,7
BRDA:279,6,0,1
BRDA:279,6,1,7
BRDA:280,7,0,8
BRDA:280,7,1,1
BRDA:280,7,2,1
BRDA:368,8,0,65
BRDA:368,8,1,65
BRDA:497,9,0,65
BRDA:497,9,1,45
BRDA:497,9,2,32
BRDA:497,9,3,24
BRDA:497,9,4,8
BRF:24
BRH:23
end_of_record
TN:
SF:src\layouts\views\NewInvoice\SelectEmployees.tsx
FN:8,(anonymous_0)
FN:65,(anonymous_1)
FN:81,(anonymous_2)
FN:84,(anonymous_3)
FN:86,(anonymous_4)
FN:105,(anonymous_5)
FN:110,(anonymous_6)
FN:114,(anonymous_7)
FN:128,(anonymous_8)
FN:136,(anonymous_9)
FN:169,(anonymous_10)
FN:233,(anonymous_11)
FN:248,(anonymous_12)
FN:261,(anonymous_13)
FNF:14
FNH:11
FNDA:14,(anonymous_0)
FNDA:4,(anonymous_1)
FNDA:3,(anonymous_2)
FNDA:3,(anonymous_3)
FNDA:6,(anonymous_4)
FNDA:1,(anonymous_5)
FNDA:4,(anonymous_6)
FNDA:0,(anonymous_7)
FNDA:0,(anonymous_8)
FNDA:10,(anonymous_9)
FNDA:1,(anonymous_10)
FNDA:1,(anonymous_11)
FNDA:0,(anonymous_12)
FNDA:1,(anonymous_13)
DA:8,2
DA:13,14
DA:14,14
DA:15,14
DA:55,14
DA:60,14
DA:61,14
DA:62,14
DA:63,14
DA:65,14
DA:66,4
DA:75,4
DA:79,4
DA:82,3
DA:83,3
DA:84,3
DA:85,3
DA:87,6
DA:100,3
DA:101,3
DA:102,3
DA:106,1
DA:110,14
DA:111,4
DA:114,14
DA:118,14
DA:129,0
DA:137,10
DA:170,1
DA:171,1
DA:234,1
DA:262,1
DA:263,1
LF:33
LH:32
BRDA:82,0,0,3
BRDA:82,0,1,0
BRDA:135,1,0,10
BRDA:135,1,1,4
BRDA:135,2,0,14
BRDA:135,2,1,14
BRDA:174,3,0,10
BRDA:174,3,1,0
BRDA:179,4,0,1
BRDA:179,4,1,9
BRDA:179,5,0,10
BRDA:179,5,1,1
BRDA:193,6,0,10
BRDA:193,6,1,1
BRDA:193,6,2,1
BRDA:199,7,0,1
BRDA:199,7,1,0
BRDA:224,8,0,4
BRDA:224,8,1,10
BRF:19
BRH:16
end_of_record
TN:
SF:src\layouts\views\NewInvoice\index.tsx
FN:8,(anonymous_0)
FN:45,(anonymous_1)
FN:49,(anonymous_2)
FN:60,(anonymous_3)
FN:77,(anonymous_4)
FNF:5
FNH:5
FNDA:16,(anonymous_0)
FNDA:6,(anonymous_1)
FNDA:5,(anonymous_2)
FNDA:8,(anonymous_3)
FNDA:1,(anonymous_4)
DA:8,2
DA:9,16
DA:11,15
DA:12,15
DA:13,15
DA:26,15
DA:45,15
DA:46,6
DA:49,15
DA:50,5
DA:51,4
DA:52,1
DA:53,1
DA:60,15
DA:61,8
DA:62,1
DA:66,15
DA:78,1
LF:18
LH:18
BRDA:50,0,0,4
BRDA:50,0,1,1
BRDA:52,1,0,1
BRDA:52,1,1,0
BRDA:61,2,0,1
BRDA:61,2,1,7
BRDA:97,3,0,10
BRDA:97,3,1,5
BRDA:99,4,0,4
BRDA:99,4,1,1
BRDA:114,5,0,10
BRDA:114,5,1,5
BRDA:120,6,0,4
BRDA:120,6,1,1
BRF:14
BRH:13
end_of_record
TN:
SF:src\layouts\views\NewInvoice\test\mockData.js
FNF:0
FNH:0
DA:1,3
DA:371,3
DA:458,3
LF:3
LH:3
BRF:0
BRH:0
end_of_record
TN:
SF:src\layouts\views\Router\index.tsx
FN:7,RouterComponent
FNF:1
FNH:1
FNDA:2,RouterComponent
DA:8,2
LF:1
LH:1
BRF:0
BRH:0
end_of_record
TN:
SF:src\sharedColumns\sharedColumns.js
FNF:0
FNH:0
DA:1,4
LF:1
LH:1
BRF:0
BRH:0
end_of_record
TN:
SF:src\urls\urls.js
FN:64,(anonymous_0)
FN:77,(anonymous_1)
FN:90,(anonymous_2)
FN:98,(anonymous_3)
FN:106,(anonymous_4)
FN:115,(anonymous_5)
FN:121,(anonymous_6)
FN:125,(anonymous_7)
FN:137,(anonymous_8)
FN:141,(anonymous_9)
FN:145,(anonymous_10)
FN:149,(anonymous_11)
FN:155,(anonymous_12)
FN:159,(anonymous_13)
FN:167,(anonymous_14)
FN:175,(anonymous_15)
FN:181,(anonymous_16)
FNF:17
FNH:15
FNDA:189,(anonymous_0)
FNDA:44,(anonymous_1)
FNDA:2,(anonymous_2)
FNDA:6,(anonymous_3)
FNDA:386,(anonymous_4)
FNDA:401,(anonymous_5)
FNDA:401,(anonymous_6)
FNDA:49,(anonymous_7)
FNDA:16,(anonymous_8)
FNDA:16,(anonymous_9)
FNDA:0,(anonymous_10)
FNDA:16,(anonymous_11)
FNDA:7,(anonymous_12)
FNDA:0,(anonymous_13)
FNDA:16,(anonymous_14)
FNDA:10,(anonymous_15)
FNDA:5,(anonymous_16)
DA:26,4
DA:28,4
DA:37,4
DA:64,4
DA:70,189
DA:77,4
DA:83,44
DA:90,4
DA:91,2
DA:98,4
DA:99,6
DA:106,4
DA:107,386
DA:115,4
DA:116,401
DA:121,4
DA:122,401
DA:125,4
DA:126,49
DA:137,4
DA:138,16
DA:141,4
DA:142,16
DA:145,4
DA:146,0
DA:149,4
DA:150,16
DA:155,4
DA:156,7
DA:159,4
DA:160,0
DA:167,4
DA:168,16
DA:175,4
DA:176,10
DA:181,4
DA:182,5
LF:37
LH:35
BRDA:129,0,0,49
BRDA:129,0,1,6
BRDA:133,1,0,49
BRDA:133,1,1,6
BRF:4
BRH:4
end_of_record
